mode: set
github.com/scttfrdmn/cargoship/cmd/cargoship/cmd/analyze.go:10.37,24.55 1 1
github.com/scttfrdmn/cargoship/cmd/cargoship/cmd/analyze.go:24.55,27.18 3 1
github.com/scttfrdmn/cargoship/cmd/cargoship/cmd/analyze.go:27.18,29.5 1 0
github.com/scttfrdmn/cargoship/cmd/cargoship/cmd/analyze.go:30.4,31.14 2 1
github.com/scttfrdmn/cargoship/cmd/cargoship/cmd/analyze.go:35.2,35.12 1 1
github.com/scttfrdmn/cargoship/cmd/cargoship/cmd/benchmark.go:26.39,57.2 6 1
github.com/scttfrdmn/cargoship/cmd/cargoship/cmd/benchmark.go:59.60,66.25 5 0
github.com/scttfrdmn/cargoship/cmd/cargoship/cmd/benchmark.go:66.25,70.17 3 0
github.com/scttfrdmn/cargoship/cmd/cargoship/cmd/benchmark.go:70.17,72.4 1 0
github.com/scttfrdmn/cargoship/cmd/cargoship/cmd/benchmark.go:73.3,74.60 2 0
github.com/scttfrdmn/cargoship/cmd/cargoship/cmd/benchmark.go:75.8,78.17 2 0
github.com/scttfrdmn/cargoship/cmd/cargoship/cmd/benchmark.go:78.17,80.4 1 0
github.com/scttfrdmn/cargoship/cmd/cargoship/cmd/benchmark.go:82.3,84.17 3 0
github.com/scttfrdmn/cargoship/cmd/cargoship/cmd/benchmark.go:84.17,86.4 1 0
github.com/scttfrdmn/cargoship/cmd/cargoship/cmd/benchmark.go:87.3,87.68 1 0
github.com/scttfrdmn/cargoship/cmd/cargoship/cmd/benchmark.go:91.2,93.16 3 0
github.com/scttfrdmn/cargoship/cmd/cargoship/cmd/benchmark.go:93.16,95.3 1 0
github.com/scttfrdmn/cargoship/cmd/cargoship/cmd/benchmark.go:98.2,98.25 1 0
github.com/scttfrdmn/cargoship/cmd/cargoship/cmd/benchmark.go:99.14,100.38 1 0
github.com/scttfrdmn/cargoship/cmd/cargoship/cmd/benchmark.go:101.15,102.49 1 0
github.com/scttfrdmn/cargoship/cmd/cargoship/cmd/benchmark.go:103.10,104.63 1 0
github.com/scttfrdmn/cargoship/cmd/cargoship/cmd/benchmark.go:108.68,111.18 2 1
github.com/scttfrdmn/cargoship/cmd/cargoship/cmd/benchmark.go:112.16,114.44 1 1
github.com/scttfrdmn/cargoship/cmd/cargoship/cmd/benchmark.go:114.44,116.4 1 0
github.com/scttfrdmn/cargoship/cmd/cargoship/cmd/benchmark.go:118.14,121.36 2 1
github.com/scttfrdmn/cargoship/cmd/cargoship/cmd/benchmark.go:121.36,123.4 1 1
github.com/scttfrdmn/cargoship/cmd/cargoship/cmd/benchmark.go:125.16,127.36 1 1
github.com/scttfrdmn/cargoship/cmd/cargoship/cmd/benchmark.go:127.36,128.20 1 1
github.com/scttfrdmn/cargoship/cmd/cargoship/cmd/benchmark.go:128.20,130.5 1 1
github.com/scttfrdmn/cargoship/cmd/cargoship/cmd/benchmark.go:130.10,132.5 1 1
github.com/scttfrdmn/cargoship/cmd/cargoship/cmd/benchmark.go:135.15,138.36 2 1
github.com/scttfrdmn/cargoship/cmd/cargoship/cmd/benchmark.go:138.36,139.18 1 1
github.com/scttfrdmn/cargoship/cmd/cargoship/cmd/benchmark.go:139.18,142.5 1 1
github.com/scttfrdmn/cargoship/cmd/cargoship/cmd/benchmark.go:142.10,145.5 1 1
github.com/scttfrdmn/cargoship/cmd/cargoship/cmd/benchmark.go:148.10,149.64 1 1
github.com/scttfrdmn/cargoship/cmd/cargoship/cmd/benchmark.go:152.2,152.18 1 1
github.com/scttfrdmn/cargoship/cmd/cargoship/cmd/benchmark.go:155.94,171.25 5 0
github.com/scttfrdmn/cargoship/cmd/cargoship/cmd/benchmark.go:171.25,174.22 2 0
github.com/scttfrdmn/cargoship/cmd/cargoship/cmd/benchmark.go:174.22,176.4 1 0
github.com/scttfrdmn/cargoship/cmd/cargoship/cmd/benchmark.go:177.3,177.67 1 0
github.com/scttfrdmn/cargoship/cmd/cargoship/cmd/benchmark.go:181.2,183.33 2 0
github.com/scttfrdmn/cargoship/cmd/cargoship/cmd/benchmark.go:183.33,185.71 2 0
github.com/scttfrdmn/cargoship/cmd/cargoship/cmd/benchmark.go:185.71,187.4 1 0
github.com/scttfrdmn/cargoship/cmd/cargoship/cmd/benchmark.go:189.3,197.4 1 0
github.com/scttfrdmn/cargoship/cmd/cargoship/cmd/benchmark.go:200.2,215.12 8 0
github.com/scttfrdmn/cargoship/cmd/cargoship/cmd/benchmark.go:218.73,232.2 4 1
github.com/scttfrdmn/cargoship/cmd/cargoship/cmd/benchmark.go:234.95,235.23 1 1
github.com/scttfrdmn/cargoship/cmd/cargoship/cmd/benchmark.go:235.23,237.3 1 1
github.com/scttfrdmn/cargoship/cmd/cargoship/cmd/benchmark.go:239.2,242.37 3 1
github.com/scttfrdmn/cargoship/cmd/cargoship/cmd/benchmark.go:242.37,244.24 2 1
github.com/scttfrdmn/cargoship/cmd/cargoship/cmd/benchmark.go:244.24,247.4 2 1
github.com/scttfrdmn/cargoship/cmd/cargoship/cmd/benchmark.go:250.2,250.13 1 1
github.com/scttfrdmn/cargoship/cmd/cargoship/cmd/benchmark.go:253.98,254.23 1 1
github.com/scttfrdmn/cargoship/cmd/cargoship/cmd/benchmark.go:254.23,256.3 1 1
github.com/scttfrdmn/cargoship/cmd/cargoship/cmd/benchmark.go:258.2,259.37 2 1
github.com/scttfrdmn/cargoship/cmd/cargoship/cmd/benchmark.go:259.37,260.45 1 1
github.com/scttfrdmn/cargoship/cmd/cargoship/cmd/benchmark.go:260.45,262.4 1 1
github.com/scttfrdmn/cargoship/cmd/cargoship/cmd/benchmark.go:265.2,265.16 1 1
github.com/scttfrdmn/cargoship/cmd/cargoship/cmd/benchmark.go:268.100,269.23 1 1
github.com/scttfrdmn/cargoship/cmd/cargoship/cmd/benchmark.go:269.23,271.3 1 1
github.com/scttfrdmn/cargoship/cmd/cargoship/cmd/benchmark.go:273.2,274.37 2 1
github.com/scttfrdmn/cargoship/cmd/cargoship/cmd/benchmark.go:274.37,275.54 1 1
github.com/scttfrdmn/cargoship/cmd/cargoship/cmd/benchmark.go:275.54,277.4 1 1
github.com/scttfrdmn/cargoship/cmd/cargoship/cmd/benchmark.go:280.2,280.13 1 1
github.com/scttfrdmn/cargoship/cmd/cargoship/cmd/benchmark.go:283.67,290.2 3 1
github.com/scttfrdmn/cargoship/cmd/cargoship/cmd/benchmark.go:292.42,306.26 6 1
github.com/scttfrdmn/cargoship/cmd/cargoship/cmd/benchmark.go:306.26,308.3 1 1
github.com/scttfrdmn/cargoship/cmd/cargoship/cmd/benchmark.go:310.2,311.9 2 1
github.com/scttfrdmn/cargoship/cmd/cargoship/cmd/benchmark.go:311.9,313.3 1 1
github.com/scttfrdmn/cargoship/cmd/cargoship/cmd/benchmark.go:315.2,315.48 1 1
github.com/scttfrdmn/cargoship/cmd/cargoship/cmd/benchmark.go:318.38,320.18 2 1
github.com/scttfrdmn/cargoship/cmd/cargoship/cmd/benchmark.go:320.18,322.3 1 1
github.com/scttfrdmn/cargoship/cmd/cargoship/cmd/benchmark.go:324.2,325.46 2 1
github.com/scttfrdmn/cargoship/cmd/cargoship/cmd/benchmark.go:325.46,328.3 2 1
github.com/scttfrdmn/cargoship/cmd/cargoship/cmd/benchmark.go:330.2,331.72 2 1
github.com/scttfrdmn/cargoship/cmd/cargoship/cmd/benchmark.go:334.14,336.2 0 1
github.com/scttfrdmn/cargoship/cmd/cargoship/cmd/config.go:24.36,67.2 8 1
github.com/scttfrdmn/cargoship/cmd/cargoship/cmd/config.go:69.57,73.20 2 1
github.com/scttfrdmn/cargoship/cmd/cargoship/cmd/config.go:73.20,75.3 1 0
github.com/scttfrdmn/cargoship/cmd/cargoship/cmd/config.go:78.2,78.54 1 1
github.com/scttfrdmn/cargoship/cmd/cargoship/cmd/config.go:78.54,79.56 1 0
github.com/scttfrdmn/cargoship/cmd/cargoship/cmd/config.go:79.56,81.4 1 0
github.com/scttfrdmn/cargoship/cmd/cargoship/cmd/config.go:85.2,85.20 1 1
github.com/scttfrdmn/cargoship/cmd/cargoship/cmd/config.go:85.20,87.3 1 0
github.com/scttfrdmn/cargoship/cmd/cargoship/cmd/config.go:90.2,90.16 1 1
github.com/scttfrdmn/cargoship/cmd/cargoship/cmd/config.go:90.16,92.3 1 0
github.com/scttfrdmn/cargoship/cmd/cargoship/cmd/config.go:95.2,95.16 1 1
github.com/scttfrdmn/cargoship/cmd/cargoship/cmd/config.go:95.16,97.3 1 0
github.com/scttfrdmn/cargoship/cmd/cargoship/cmd/config.go:100.2,100.19 1 1
github.com/scttfrdmn/cargoship/cmd/cargoship/cmd/config.go:103.29,115.2 7 1
github.com/scttfrdmn/cargoship/cmd/cargoship/cmd/config.go:117.52,124.27 5 1
github.com/scttfrdmn/cargoship/cmd/cargoship/cmd/config.go:124.27,126.3 1 0
github.com/scttfrdmn/cargoship/cmd/cargoship/cmd/config.go:127.2,127.37 1 1
github.com/scttfrdmn/cargoship/cmd/cargoship/cmd/config.go:127.37,129.3 1 0
github.com/scttfrdmn/cargoship/cmd/cargoship/cmd/config.go:130.2,134.25 5 1
github.com/scttfrdmn/cargoship/cmd/cargoship/cmd/config.go:134.25,136.3 1 1
github.com/scttfrdmn/cargoship/cmd/cargoship/cmd/config.go:137.2,139.12 2 1
github.com/scttfrdmn/cargoship/cmd/cargoship/cmd/config.go:142.48,145.22 2 1
github.com/scttfrdmn/cargoship/cmd/cargoship/cmd/config.go:146.14,149.29 3 1
github.com/scttfrdmn/cargoship/cmd/cargoship/cmd/config.go:150.21,151.48 1 0
github.com/scttfrdmn/cargoship/cmd/cargoship/cmd/config.go:151.48,153.4 1 0
github.com/scttfrdmn/cargoship/cmd/cargoship/cmd/config.go:155.3,156.17 2 0
github.com/scttfrdmn/cargoship/cmd/cargoship/cmd/config.go:156.17,158.4 1 0
github.com/scttfrdmn/cargoship/cmd/cargoship/cmd/config.go:159.3,161.17 3 0
github.com/scttfrdmn/cargoship/cmd/cargoship/cmd/config.go:161.17,163.4 1 0
github.com/scttfrdmn/cargoship/cmd/cargoship/cmd/config.go:164.3,165.13 2 0
github.com/scttfrdmn/cargoship/cmd/cargoship/cmd/config.go:166.10,167.79 1 1
github.com/scttfrdmn/cargoship/cmd/cargoship/cmd/config.go:171.25,174.16 2 1
github.com/scttfrdmn/cargoship/cmd/cargoship/cmd/config.go:174.16,176.3 1 0
github.com/scttfrdmn/cargoship/cmd/cargoship/cmd/config.go:178.2,179.22 2 1
github.com/scttfrdmn/cargoship/cmd/cargoship/cmd/config.go:179.22,181.3 1 1
github.com/scttfrdmn/cargoship/cmd/cargoship/cmd/config.go:184.2,184.55 1 1
github.com/scttfrdmn/cargoship/cmd/cargoship/cmd/config.go:184.55,187.73 3 0
github.com/scttfrdmn/cargoship/cmd/cargoship/cmd/config.go:187.73,189.4 1 0
github.com/scttfrdmn/cargoship/cmd/cargoship/cmd/config.go:193.2,194.18 2 1
github.com/scttfrdmn/cargoship/cmd/cargoship/cmd/config.go:194.18,196.3 1 1
github.com/scttfrdmn/cargoship/cmd/cargoship/cmd/config.go:197.2,197.18 1 1
github.com/scttfrdmn/cargoship/cmd/cargoship/cmd/config.go:197.18,200.29 2 1
github.com/scttfrdmn/cargoship/cmd/cargoship/cmd/config.go:200.29,201.46 1 1
github.com/scttfrdmn/cargoship/cmd/cargoship/cmd/config.go:201.46,203.10 2 0
github.com/scttfrdmn/cargoship/cmd/cargoship/cmd/config.go:208.2,208.18 1 1
github.com/scttfrdmn/cargoship/cmd/cargoship/cmd/config.go:208.18,210.3 1 1
github.com/scttfrdmn/cargoship/cmd/cargoship/cmd/config.go:212.2,220.34 6 0
github.com/scttfrdmn/cargoship/cmd/cargoship/cmd/config.go:220.34,222.3 1 0
github.com/scttfrdmn/cargoship/cmd/cargoship/cmd/config.go:225.2,226.55 2 0
github.com/scttfrdmn/cargoship/cmd/cargoship/cmd/config.go:226.55,230.3 3 0
github.com/scttfrdmn/cargoship/cmd/cargoship/cmd/config.go:232.2,233.12 2 0
github.com/scttfrdmn/cargoship/cmd/cargoship/cmd/config.go:236.14,238.2 0 1
github.com/scttfrdmn/cargoship/cmd/cargoship/cmd/create.go:10.36,15.52 1 1
github.com/scttfrdmn/cargoship/cmd/cargoship/cmd/create.go:15.52,17.4 1 0
github.com/scttfrdmn/cargoship/cmd/cargoship/cmd/create.go:19.2,20.12 2 1
github.com/scttfrdmn/cargoship/cmd/cargoship/cmd/create_keys.go:11.40,15.45 1 1
github.com/scttfrdmn/cargoship/cmd/cargoship/cmd/create_keys.go:15.45,31.4 8 1
github.com/scttfrdmn/cargoship/cmd/cargoship/cmd/create_keys.go:35.47,41.144 6 1
github.com/scttfrdmn/cargoship/cmd/cargoship/cmd/create_keys.go:41.144,43.3 1 0
github.com/scttfrdmn/cargoship/cmd/cargoship/cmd/create_keys.go:43.18,44.14 1 0
github.com/scttfrdmn/cargoship/cmd/cargoship/cmd/create_keys.go:47.2,48.145 2 1
github.com/scttfrdmn/cargoship/cmd/cargoship/cmd/create_keys.go:48.145,50.3 1 0
github.com/scttfrdmn/cargoship/cmd/cargoship/cmd/create_keys.go:50.18,51.14 1 0
github.com/scttfrdmn/cargoship/cmd/cargoship/cmd/create_keys.go:54.2,56.96 3 1
github.com/scttfrdmn/cargoship/cmd/cargoship/cmd/create_keys.go:56.96,57.13 1 0
github.com/scttfrdmn/cargoship/cmd/cargoship/cmd/create_keys.go:59.2,62.144 3 1
github.com/scttfrdmn/cargoship/cmd/cargoship/cmd/create_keys.go:62.144,64.3 1 0
github.com/scttfrdmn/cargoship/cmd/cargoship/cmd/create_keys.go:64.18,65.14 1 0
github.com/scttfrdmn/cargoship/cmd/cargoship/cmd/create_suitcase.go:32.44,65.2 5 1
github.com/scttfrdmn/cargoship/cmd/cargoship/cmd/create_suitcase.go:67.86,69.16 2 1
github.com/scttfrdmn/cargoship/cmd/cargoship/cmd/create_suitcase.go:69.16,71.3 1 0
github.com/scttfrdmn/cargoship/cmd/cargoship/cmd/create_suitcase.go:73.2,74.16 2 1
github.com/scttfrdmn/cargoship/cmd/cargoship/cmd/create_suitcase.go:74.16,76.3 1 0
github.com/scttfrdmn/cargoship/cmd/cargoship/cmd/create_suitcase.go:79.2,79.84 1 1
github.com/scttfrdmn/cargoship/cmd/cargoship/cmd/create_suitcase.go:79.84,81.3 1 1
github.com/scttfrdmn/cargoship/cmd/cargoship/cmd/create_suitcase.go:83.2,83.42 1 1
github.com/scttfrdmn/cargoship/cmd/cargoship/cmd/create_suitcase.go:86.49,90.103 3 1
github.com/scttfrdmn/cargoship/cmd/cargoship/cmd/create_suitcase.go:90.103,92.3 1 0
github.com/scttfrdmn/cargoship/cmd/cargoship/cmd/create_suitcase.go:93.2,97.99 3 1
github.com/scttfrdmn/cargoship/cmd/cargoship/cmd/create_suitcase.go:97.99,99.3 1 0
github.com/scttfrdmn/cargoship/cmd/cargoship/cmd/create_suitcase.go:100.2,104.101 3 1
github.com/scttfrdmn/cargoship/cmd/cargoship/cmd/create_suitcase.go:104.101,106.3 1 0
github.com/scttfrdmn/cargoship/cmd/cargoship/cmd/create_suitcase.go:107.2,111.12 3 1
github.com/scttfrdmn/cargoship/cmd/cargoship/cmd/create_suitcase.go:114.86,117.27 3 1
github.com/scttfrdmn/cargoship/cmd/cargoship/cmd/create_suitcase.go:117.27,120.3 2 1
github.com/scttfrdmn/cargoship/cmd/cargoship/cmd/create_suitcase.go:121.2,121.55 1 1
github.com/scttfrdmn/cargoship/cmd/cargoship/cmd/create_suitcase.go:121.55,123.3 1 1
github.com/scttfrdmn/cargoship/cmd/cargoship/cmd/create_suitcase.go:124.2,124.171 1 1
github.com/scttfrdmn/cargoship/cmd/cargoship/cmd/create_suitcase.go:124.171,126.17 2 1
github.com/scttfrdmn/cargoship/cmd/cargoship/cmd/create_suitcase.go:126.17,128.4 1 0
github.com/scttfrdmn/cargoship/cmd/cargoship/cmd/create_suitcase.go:132.2,132.27 1 1
github.com/scttfrdmn/cargoship/cmd/cargoship/cmd/create_suitcase.go:138.89,142.16 4 1
github.com/scttfrdmn/cargoship/cmd/cargoship/cmd/create_suitcase.go:142.16,144.3 1 0
github.com/scttfrdmn/cargoship/cmd/cargoship/cmd/create_suitcase.go:145.2,147.16 3 1
github.com/scttfrdmn/cargoship/cmd/cargoship/cmd/create_suitcase.go:147.16,149.3 1 0
github.com/scttfrdmn/cargoship/cmd/cargoship/cmd/create_suitcase.go:150.2,150.26 1 1
github.com/scttfrdmn/cargoship/cmd/cargoship/cmd/create_suitcase.go:154.97,157.16 3 1
github.com/scttfrdmn/cargoship/cmd/cargoship/cmd/create_suitcase.go:157.16,159.3 1 0
github.com/scttfrdmn/cargoship/cmd/cargoship/cmd/create_suitcase.go:160.2,173.39 8 1
github.com/scttfrdmn/cargoship/cmd/cargoship/cmd/create_suitcase.go:176.62,179.27 2 1
github.com/scttfrdmn/cargoship/cmd/cargoship/cmd/create_suitcase.go:179.27,180.39 1 1
github.com/scttfrdmn/cargoship/cmd/cargoship/cmd/create_suitcase.go:180.39,182.4 1 1
github.com/scttfrdmn/cargoship/cmd/cargoship/cmd/create_suitcase.go:184.2,184.29 1 1
github.com/scttfrdmn/cargoship/cmd/cargoship/cmd/create_suitcase.go:184.29,185.17 1 1
github.com/scttfrdmn/cargoship/cmd/cargoship/cmd/create_suitcase.go:185.17,187.4 1 1
github.com/scttfrdmn/cargoship/cmd/cargoship/cmd/create_suitcase.go:189.2,189.15 1 1
github.com/scttfrdmn/cargoship/cmd/cargoship/cmd/create_suitcase.go:192.62,201.85 6 1
github.com/scttfrdmn/cargoship/cmd/cargoship/cmd/create_suitcase.go:201.85,203.78 2 1
github.com/scttfrdmn/cargoship/cmd/cargoship/cmd/create_suitcase.go:203.78,205.4 1 0
github.com/scttfrdmn/cargoship/cmd/cargoship/cmd/create_suitcase.go:208.2,227.50 7 1
github.com/scttfrdmn/cargoship/cmd/cargoship/cmd/create_suitcase.go:227.50,229.3 1 1
github.com/scttfrdmn/cargoship/cmd/cargoship/cmd/create_suitcase.go:231.2,231.48 1 1
github.com/scttfrdmn/cargoship/cmd/cargoship/cmd/create_suitcase.go:231.48,233.3 1 0
github.com/scttfrdmn/cargoship/cmd/cargoship/cmd/create_suitcase.go:235.2,239.18 1 1
github.com/scttfrdmn/cargoship/cmd/cargoship/cmd/create_suitcase.go:239.18,241.3 1 0
github.com/scttfrdmn/cargoship/cmd/cargoship/cmd/create_suitcase.go:243.2,251.12 3 1
github.com/scttfrdmn/cargoship/cmd/cargoship/cmd/create_suitcase.go:254.60,255.28 1 1
github.com/scttfrdmn/cargoship/cmd/cargoship/cmd/create_suitcase.go:255.28,257.32 2 0
github.com/scttfrdmn/cargoship/cmd/cargoship/cmd/create_suitcase.go:257.32,258.22 1 0
github.com/scttfrdmn/cargoship/cmd/cargoship/cmd/create_suitcase.go:258.22,261.70 3 0
github.com/scttfrdmn/cargoship/cmd/cargoship/cmd/create_suitcase.go:261.70,263.6 1 0
github.com/scttfrdmn/cargoship/cmd/cargoship/cmd/create_suitcase.go:264.5,265.15 2 0
github.com/scttfrdmn/cargoship/cmd/cargoship/cmd/create_suitcase.go:268.3,268.18 1 0
github.com/scttfrdmn/cargoship/cmd/cargoship/cmd/create_suitcase.go:270.2,270.12 1 1
github.com/scttfrdmn/cargoship/cmd/cargoship/cmd/create_suitcase.go:273.26,276.2 2 1
github.com/scttfrdmn/cargoship/cmd/cargoship/cmd/create_suitcase.go:286.61,304.2 6 1
github.com/scttfrdmn/cargoship/cmd/cargoship/cmd/create_suitcase.go:306.84,308.16 2 1
github.com/scttfrdmn/cargoship/cmd/cargoship/cmd/create_suitcase.go:308.16,310.3 1 0
github.com/scttfrdmn/cargoship/cmd/cargoship/cmd/create_suitcase.go:311.2,312.16 2 1
github.com/scttfrdmn/cargoship/cmd/cargoship/cmd/create_suitcase.go:312.16,314.3 1 0
github.com/scttfrdmn/cargoship/cmd/cargoship/cmd/create_suitcase.go:315.2,322.8 3 1
github.com/scttfrdmn/cargoship/cmd/cargoship/cmd/create_suitcase.go:325.58,327.15 1 1
github.com/scttfrdmn/cargoship/cmd/cargoship/cmd/create_suitcase.go:327.15,328.35 1 1
github.com/scttfrdmn/cargoship/cmd/cargoship/cmd/create_suitcase.go:328.35,331.4 2 0
github.com/scttfrdmn/cargoship/cmd/cargoship/cmd/create_suitcase.go:334.2,335.16 2 1
github.com/scttfrdmn/cargoship/cmd/cargoship/cmd/create_suitcase.go:335.16,337.3 1 1
github.com/scttfrdmn/cargoship/cmd/cargoship/cmd/create_suitcase.go:339.2,339.20 1 1
github.com/scttfrdmn/cargoship/cmd/cargoship/cmd/create_suitcase.go:339.20,347.18 1 1
github.com/scttfrdmn/cargoship/cmd/cargoship/cmd/create_suitcase.go:347.18,349.4 1 0
github.com/scttfrdmn/cargoship/cmd/cargoship/cmd/create_suitcase.go:351.3,351.48 1 1
github.com/scttfrdmn/cargoship/cmd/cargoship/cmd/create_suitcase.go:351.48,353.4 1 0
github.com/scttfrdmn/cargoship/cmd/cargoship/cmd/create_suitcase.go:354.3,354.13 1 1
github.com/scttfrdmn/cargoship/cmd/cargoship/cmd/create_suitcase.go:356.2,357.12 2 1
github.com/scttfrdmn/cargoship/cmd/cargoship/cmd/create_suitcase.go:361.48,362.65 1 1
github.com/scttfrdmn/cargoship/cmd/cargoship/cmd/create_suitcase.go:362.65,364.3 1 0
github.com/scttfrdmn/cargoship/cmd/cargoship/cmd/create_suitcase.go:366.2,366.20 1 1
github.com/scttfrdmn/cargoship/cmd/cargoship/cmd/create_suitcase.go:366.20,372.3 2 1
github.com/scttfrdmn/cargoship/cmd/cargoship/cmd/create_suitcase.go:373.2,373.18 1 1
github.com/scttfrdmn/cargoship/cmd/cargoship/cmd/estimate.go:37.38,65.2 11 1
github.com/scttfrdmn/cargoship/cmd/cargoship/cmd/estimate.go:67.59,71.55 2 1
github.com/scttfrdmn/cargoship/cmd/cargoship/cmd/estimate.go:71.55,73.3 1 1
github.com/scttfrdmn/cargoship/cmd/cargoship/cmd/estimate.go:76.2,77.16 2 1
github.com/scttfrdmn/cargoship/cmd/cargoship/cmd/estimate.go:77.16,79.3 1 0
github.com/scttfrdmn/cargoship/cmd/cargoship/cmd/estimate.go:81.2,81.24 1 1
github.com/scttfrdmn/cargoship/cmd/cargoship/cmd/estimate.go:81.24,84.3 2 0
github.com/scttfrdmn/cargoship/cmd/cargoship/cmd/estimate.go:87.2,88.24 2 1
github.com/scttfrdmn/cargoship/cmd/cargoship/cmd/estimate.go:88.24,90.3 1 0
github.com/scttfrdmn/cargoship/cmd/cargoship/cmd/estimate.go:90.8,92.3 1 1
github.com/scttfrdmn/cargoship/cmd/cargoship/cmd/estimate.go:95.2,97.16 3 1
github.com/scttfrdmn/cargoship/cmd/cargoship/cmd/estimate.go:97.16,99.3 1 0
github.com/scttfrdmn/cargoship/cmd/cargoship/cmd/estimate.go:102.2,103.30 2 1
github.com/scttfrdmn/cargoship/cmd/cargoship/cmd/estimate.go:103.30,105.3 1 1
github.com/scttfrdmn/cargoship/cmd/cargoship/cmd/estimate.go:108.2,109.28 2 1
github.com/scttfrdmn/cargoship/cmd/cargoship/cmd/estimate.go:109.28,111.3 1 1
github.com/scttfrdmn/cargoship/cmd/cargoship/cmd/estimate.go:114.2,114.24 1 1
github.com/scttfrdmn/cargoship/cmd/cargoship/cmd/estimate.go:115.14,116.54 1 1
github.com/scttfrdmn/cargoship/cmd/cargoship/cmd/estimate.go:117.15,118.67 1 1
github.com/scttfrdmn/cargoship/cmd/cargoship/cmd/estimate.go:119.10,120.62 1 1
github.com/scttfrdmn/cargoship/cmd/cargoship/cmd/estimate.go:125.66,130.88 3 1
github.com/scttfrdmn/cargoship/cmd/cargoship/cmd/estimate.go:130.88,131.17 1 1
github.com/scttfrdmn/cargoship/cmd/cargoship/cmd/estimate.go:131.17,133.4 1 1
github.com/scttfrdmn/cargoship/cmd/cargoship/cmd/estimate.go:134.3,134.20 1 1
github.com/scttfrdmn/cargoship/cmd/cargoship/cmd/estimate.go:134.20,136.4 1 1
github.com/scttfrdmn/cargoship/cmd/cargoship/cmd/estimate.go:137.3,137.13 1 1
github.com/scttfrdmn/cargoship/cmd/cargoship/cmd/estimate.go:140.2,140.16 1 1
github.com/scttfrdmn/cargoship/cmd/cargoship/cmd/estimate.go:140.16,142.3 1 1
github.com/scttfrdmn/cargoship/cmd/cargoship/cmd/estimate.go:145.2,156.32 2 1
github.com/scttfrdmn/cargoship/cmd/cargoship/cmd/estimate.go:156.32,158.3 1 1
github.com/scttfrdmn/cargoship/cmd/cargoship/cmd/estimate.go:160.2,161.22 2 1
github.com/scttfrdmn/cargoship/cmd/cargoship/cmd/estimate.go:165.96,168.16 2 1
github.com/scttfrdmn/cargoship/cmd/cargoship/cmd/estimate.go:168.16,172.3 3 0
github.com/scttfrdmn/cargoship/cmd/cargoship/cmd/estimate.go:175.2,178.63 3 1
github.com/scttfrdmn/cargoship/cmd/cargoship/cmd/estimate.go:182.81,195.2 3 1
github.com/scttfrdmn/cargoship/cmd/cargoship/cmd/estimate.go:198.82,199.24 1 1
github.com/scttfrdmn/cargoship/cmd/cargoship/cmd/estimate.go:199.24,201.3 1 1
github.com/scttfrdmn/cargoship/cmd/cargoship/cmd/estimate.go:204.2,217.27 4 1
github.com/scttfrdmn/cargoship/cmd/cargoship/cmd/estimate.go:217.27,225.3 2 0
github.com/scttfrdmn/cargoship/cmd/cargoship/cmd/estimate.go:228.2,228.86 1 1
github.com/scttfrdmn/cargoship/cmd/cargoship/cmd/estimate.go:231.126,236.24 2 1
github.com/scttfrdmn/cargoship/cmd/cargoship/cmd/estimate.go:236.24,238.3 1 1
github.com/scttfrdmn/cargoship/cmd/cargoship/cmd/estimate.go:240.2,240.22 1 1
github.com/scttfrdmn/cargoship/cmd/cargoship/cmd/estimate.go:240.22,242.3 1 1
github.com/scttfrdmn/cargoship/cmd/cargoship/cmd/estimate.go:244.2,246.31 3 1
github.com/scttfrdmn/cargoship/cmd/cargoship/cmd/estimate.go:249.146,276.40 7 1
github.com/scttfrdmn/cargoship/cmd/cargoship/cmd/estimate.go:276.40,286.3 3 1
github.com/scttfrdmn/cargoship/cmd/cargoship/cmd/estimate.go:289.2,301.62 9 1
github.com/scttfrdmn/cargoship/cmd/cargoship/cmd/estimate.go:301.62,303.48 2 0
github.com/scttfrdmn/cargoship/cmd/cargoship/cmd/estimate.go:303.48,305.22 2 0
github.com/scttfrdmn/cargoship/cmd/cargoship/cmd/estimate.go:306.16,307.24 1 0
github.com/scttfrdmn/cargoship/cmd/cargoship/cmd/estimate.go:308.18,309.24 1 0
github.com/scttfrdmn/cargoship/cmd/cargoship/cmd/estimate.go:310.15,311.24 1 0
github.com/scttfrdmn/cargoship/cmd/cargoship/cmd/estimate.go:314.4,316.46 2 0
github.com/scttfrdmn/cargoship/cmd/cargoship/cmd/estimate.go:319.3,320.48 2 0
github.com/scttfrdmn/cargoship/cmd/cargoship/cmd/estimate.go:320.48,322.4 1 0
github.com/scttfrdmn/cargoship/cmd/cargoship/cmd/estimate.go:324.3,324.23 1 0
github.com/scttfrdmn/cargoship/cmd/cargoship/cmd/estimate.go:324.23,327.4 1 0
github.com/scttfrdmn/cargoship/cmd/cargoship/cmd/estimate.go:331.2,331.24 1 1
github.com/scttfrdmn/cargoship/cmd/cargoship/cmd/estimate.go:331.24,338.42 6 1
github.com/scttfrdmn/cargoship/cmd/cargoship/cmd/estimate.go:338.42,341.4 2 1
github.com/scttfrdmn/cargoship/cmd/cargoship/cmd/estimate.go:345.2,345.22 1 1
github.com/scttfrdmn/cargoship/cmd/cargoship/cmd/estimate.go:345.22,353.3 7 1
github.com/scttfrdmn/cargoship/cmd/cargoship/cmd/estimate.go:356.2,362.12 6 1
github.com/scttfrdmn/cargoship/cmd/cargoship/cmd/estimate.go:365.14,367.2 0 1
github.com/scttfrdmn/cargoship/cmd/cargoship/cmd/find.go:10.34,36.55 1 1
github.com/scttfrdmn/cargoship/cmd/cargoship/cmd/find.go:36.55,43.43 7 1
github.com/scttfrdmn/cargoship/cmd/cargoship/cmd/find.go:43.43,47.5 3 1
github.com/scttfrdmn/cargoship/cmd/cargoship/cmd/find.go:48.4,48.14 1 1
github.com/scttfrdmn/cargoship/cmd/cargoship/cmd/find.go:52.2,53.12 2 1
github.com/scttfrdmn/cargoship/cmd/cargoship/cmd/helpers.go:27.59,29.16 2 1
github.com/scttfrdmn/cargoship/cmd/cargoship/cmd/helpers.go:29.16,31.3 1 0
github.com/scttfrdmn/cargoship/cmd/cargoship/cmd/helpers.go:32.2,32.13 1 1
github.com/scttfrdmn/cargoship/cmd/cargoship/cmd/helpers.go:32.13,34.17 2 0
github.com/scttfrdmn/cargoship/cmd/cargoship/cmd/helpers.go:34.17,36.4 1 0
github.com/scttfrdmn/cargoship/cmd/cargoship/cmd/helpers.go:40.2,40.48 1 1
github.com/scttfrdmn/cargoship/cmd/cargoship/cmd/helpers.go:40.48,42.3 1 0
github.com/scttfrdmn/cargoship/cmd/cargoship/cmd/helpers.go:43.2,43.15 1 1
github.com/scttfrdmn/cargoship/cmd/cargoship/cmd/helpers.go:46.26,48.16 2 1
github.com/scttfrdmn/cargoship/cmd/cargoship/cmd/helpers.go:48.16,50.3 1 0
github.com/scttfrdmn/cargoship/cmd/cargoship/cmd/helpers.go:55.66,57.13 2 1
github.com/scttfrdmn/cargoship/cmd/cargoship/cmd/helpers.go:57.13,59.59 2 1
github.com/scttfrdmn/cargoship/cmd/cargoship/cmd/helpers.go:59.59,61.4 1 0
github.com/scttfrdmn/cargoship/cmd/cargoship/cmd/helpers.go:65.2,66.16 2 1
github.com/scttfrdmn/cargoship/cmd/cargoship/cmd/helpers.go:66.16,68.3 1 1
github.com/scttfrdmn/cargoship/cmd/cargoship/cmd/helpers.go:69.2,71.16 3 1
github.com/scttfrdmn/cargoship/cmd/cargoship/cmd/helpers.go:71.16,73.3 1 0
github.com/scttfrdmn/cargoship/cmd/cargoship/cmd/helpers.go:76.2,76.48 1 1
github.com/scttfrdmn/cargoship/cmd/cargoship/cmd/helpers.go:76.48,78.3 1 1
github.com/scttfrdmn/cargoship/cmd/cargoship/cmd/helpers.go:80.2,80.15 1 1
github.com/scttfrdmn/cargoship/cmd/cargoship/cmd/helpers.go:84.96,85.28 1 1
github.com/scttfrdmn/cargoship/cmd/cargoship/cmd/helpers.go:86.12,89.23 3 1
github.com/scttfrdmn/cargoship/cmd/cargoship/cmd/helpers.go:90.15,93.23 3 1
github.com/scttfrdmn/cargoship/cmd/cargoship/cmd/helpers.go:94.13,97.23 3 1
github.com/scttfrdmn/cargoship/cmd/cargoship/cmd/helpers.go:98.14,101.23 3 0
github.com/scttfrdmn/cargoship/cmd/cargoship/cmd/helpers.go:102.22,105.23 3 1
github.com/scttfrdmn/cargoship/cmd/cargoship/cmd/helpers.go:106.10,107.76 1 0
github.com/scttfrdmn/cargoship/cmd/cargoship/cmd/helpers.go:111.28,112.16 1 1
github.com/scttfrdmn/cargoship/cmd/cargoship/cmd/helpers.go:112.16,113.13 1 0
github.com/scttfrdmn/cargoship/cmd/cargoship/cmd/helpers.go:118.45,120.16 2 1
github.com/scttfrdmn/cargoship/cmd/cargoship/cmd/helpers.go:120.16,122.3 1 0
github.com/scttfrdmn/cargoship/cmd/cargoship/cmd/helpers.go:123.2,126.16 3 1
github.com/scttfrdmn/cargoship/cmd/cargoship/cmd/helpers.go:126.16,128.3 1 0
github.com/scttfrdmn/cargoship/cmd/cargoship/cmd/helpers.go:130.2,132.36 2 1
github.com/scttfrdmn/cargoship/cmd/cargoship/cmd/helpers.go:135.42,137.29 2 1
github.com/scttfrdmn/cargoship/cmd/cargoship/cmd/helpers.go:137.29,138.16 1 1
github.com/scttfrdmn/cargoship/cmd/cargoship/cmd/helpers.go:138.16,140.4 1 1
github.com/scttfrdmn/cargoship/cmd/cargoship/cmd/helpers.go:141.3,141.19 1 1
github.com/scttfrdmn/cargoship/cmd/cargoship/cmd/helpers.go:143.2,143.14 1 1
github.com/scttfrdmn/cargoship/cmd/cargoship/cmd/helpers.go:146.59,148.16 2 1
github.com/scttfrdmn/cargoship/cmd/cargoship/cmd/helpers.go:148.16,149.13 1 0
github.com/scttfrdmn/cargoship/cmd/cargoship/cmd/helpers.go:151.2,151.10 1 1
github.com/scttfrdmn/cargoship/cmd/cargoship/cmd/helpers.go:154.64,156.9 2 1
github.com/scttfrdmn/cargoship/cmd/cargoship/cmd/helpers.go:156.9,158.3 1 1
github.com/scttfrdmn/cargoship/cmd/cargoship/cmd/helpers.go:160.2,160.15 1 1
github.com/scttfrdmn/cargoship/cmd/cargoship/cmd/helpers.go:163.96,165.16 2 1
github.com/scttfrdmn/cargoship/cmd/cargoship/cmd/helpers.go:165.16,167.3 1 0
github.com/scttfrdmn/cargoship/cmd/cargoship/cmd/helpers.go:168.2,173.13 2 1
github.com/scttfrdmn/cargoship/cmd/cargoship/cmd/helpers.go:173.13,175.3 1 0
github.com/scttfrdmn/cargoship/cmd/cargoship/cmd/helpers.go:176.2,178.56 3 1
github.com/scttfrdmn/cargoship/cmd/cargoship/cmd/helpers.go:178.56,180.3 1 1
github.com/scttfrdmn/cargoship/cmd/cargoship/cmd/helpers.go:180.8,185.19 3 0
github.com/scttfrdmn/cargoship/cmd/cargoship/cmd/helpers.go:185.19,187.4 1 0
github.com/scttfrdmn/cargoship/cmd/cargoship/cmd/helpers.go:190.2,191.16 2 1
github.com/scttfrdmn/cargoship/cmd/cargoship/cmd/helpers.go:191.16,193.3 1 1
github.com/scttfrdmn/cargoship/cmd/cargoship/cmd/helpers.go:196.2,196.75 1 1
github.com/scttfrdmn/cargoship/cmd/cargoship/cmd/helpers.go:196.75,198.3 1 0
github.com/scttfrdmn/cargoship/cmd/cargoship/cmd/helpers.go:201.2,201.15 1 1
github.com/scttfrdmn/cargoship/cmd/cargoship/cmd/helpers.go:201.15,204.3 2 0
github.com/scttfrdmn/cargoship/cmd/cargoship/cmd/helpers.go:207.2,214.30 2 1
github.com/scttfrdmn/cargoship/cmd/cargoship/cmd/helpers.go:218.104,220.42 1 1
github.com/scttfrdmn/cargoship/cmd/cargoship/cmd/helpers.go:220.42,222.3 1 1
github.com/scttfrdmn/cargoship/cmd/cargoship/cmd/helpers.go:225.2,225.43 1 1
github.com/scttfrdmn/cargoship/cmd/cargoship/cmd/helpers.go:225.43,227.3 1 1
github.com/scttfrdmn/cargoship/cmd/cargoship/cmd/helpers.go:229.2,229.42 1 1
github.com/scttfrdmn/cargoship/cmd/cargoship/cmd/helpers.go:229.42,231.3 1 1
github.com/scttfrdmn/cargoship/cmd/cargoship/cmd/helpers.go:233.2,233.25 1 1
github.com/scttfrdmn/cargoship/cmd/cargoship/cmd/helpers.go:233.25,235.3 1 1
github.com/scttfrdmn/cargoship/cmd/cargoship/cmd/helpers.go:237.2,237.63 1 1
github.com/scttfrdmn/cargoship/cmd/cargoship/cmd/helpers.go:237.63,239.3 1 1
github.com/scttfrdmn/cargoship/cmd/cargoship/cmd/helpers.go:241.2,241.12 1 1
github.com/scttfrdmn/cargoship/cmd/cargoship/cmd/helpers.go:244.36,245.23 1 0
github.com/scttfrdmn/cargoship/cmd/cargoship/cmd/helpers.go:245.23,246.40 1 0
github.com/scttfrdmn/cargoship/cmd/cargoship/cmd/helpers.go:248.2,248.17 1 0
github.com/scttfrdmn/cargoship/cmd/cargoship/cmd/lifecycle.go:29.39,66.2 10 1
github.com/scttfrdmn/cargoship/cmd/cargoship/cmd/lifecycle.go:68.60,70.23 1 1
github.com/scttfrdmn/cargoship/cmd/cargoship/cmd/lifecycle.go:70.23,72.3 1 1
github.com/scttfrdmn/cargoship/cmd/cargoship/cmd/lifecycle.go:75.2,75.27 1 1
github.com/scttfrdmn/cargoship/cmd/cargoship/cmd/lifecycle.go:75.27,77.3 1 1
github.com/scttfrdmn/cargoship/cmd/cargoship/cmd/lifecycle.go:80.2,82.16 3 0
github.com/scttfrdmn/cargoship/cmd/cargoship/cmd/lifecycle.go:82.16,84.3 1 0
github.com/scttfrdmn/cargoship/cmd/cargoship/cmd/lifecycle.go:86.2,90.9 3 0
github.com/scttfrdmn/cargoship/cmd/cargoship/cmd/lifecycle.go:91.23,92.45 1 0
github.com/scttfrdmn/cargoship/cmd/cargoship/cmd/lifecycle.go:93.29,94.62 1 0
github.com/scttfrdmn/cargoship/cmd/cargoship/cmd/lifecycle.go:95.29,96.62 1 0
github.com/scttfrdmn/cargoship/cmd/cargoship/cmd/lifecycle.go:97.31,98.65 1 0
github.com/scttfrdmn/cargoship/cmd/cargoship/cmd/lifecycle.go:99.10,100.41 1 0
github.com/scttfrdmn/cargoship/cmd/cargoship/cmd/lifecycle.go:105.37,115.37 4 1
github.com/scttfrdmn/cargoship/cmd/cargoship/cmd/lifecycle.go:115.37,121.39 5 1
github.com/scttfrdmn/cargoship/cmd/cargoship/cmd/lifecycle.go:121.39,123.33 2 1
github.com/scttfrdmn/cargoship/cmd/cargoship/cmd/lifecycle.go:123.33,125.40 2 1
github.com/scttfrdmn/cargoship/cmd/cargoship/cmd/lifecycle.go:125.40,127.6 1 1
github.com/scttfrdmn/cargoship/cmd/cargoship/cmd/lifecycle.go:128.5,128.54 1 1
github.com/scttfrdmn/cargoship/cmd/cargoship/cmd/lifecycle.go:130.4,130.30 1 1
github.com/scttfrdmn/cargoship/cmd/cargoship/cmd/lifecycle.go:130.30,132.5 1 1
github.com/scttfrdmn/cargoship/cmd/cargoship/cmd/lifecycle.go:133.4,133.17 1 1
github.com/scttfrdmn/cargoship/cmd/cargoship/cmd/lifecycle.go:137.2,138.12 2 1
github.com/scttfrdmn/cargoship/cmd/cargoship/cmd/lifecycle.go:142.103,146.37 3 0
github.com/scttfrdmn/cargoship/cmd/cargoship/cmd/lifecycle.go:146.37,147.32 1 0
github.com/scttfrdmn/cargoship/cmd/cargoship/cmd/lifecycle.go:147.32,149.9 2 0
github.com/scttfrdmn/cargoship/cmd/cargoship/cmd/lifecycle.go:153.2,153.29 1 0
github.com/scttfrdmn/cargoship/cmd/cargoship/cmd/lifecycle.go:153.29,155.3 1 0
github.com/scttfrdmn/cargoship/cmd/cargoship/cmd/lifecycle.go:157.2,161.66 3 0
github.com/scttfrdmn/cargoship/cmd/cargoship/cmd/lifecycle.go:161.66,163.3 1 0
github.com/scttfrdmn/cargoship/cmd/cargoship/cmd/lifecycle.go:166.2,166.68 1 0
github.com/scttfrdmn/cargoship/cmd/cargoship/cmd/lifecycle.go:166.68,168.3 1 0
github.com/scttfrdmn/cargoship/cmd/cargoship/cmd/lifecycle.go:170.2,173.31 2 0
github.com/scttfrdmn/cargoship/cmd/cargoship/cmd/lifecycle.go:173.31,175.17 2 0
github.com/scttfrdmn/cargoship/cmd/cargoship/cmd/lifecycle.go:175.17,181.4 5 0
github.com/scttfrdmn/cargoship/cmd/cargoship/cmd/lifecycle.go:184.2,184.12 1 0
github.com/scttfrdmn/cargoship/cmd/cargoship/cmd/lifecycle.go:188.83,191.50 2 0
github.com/scttfrdmn/cargoship/cmd/cargoship/cmd/lifecycle.go:191.50,193.3 1 0
github.com/scttfrdmn/cargoship/cmd/cargoship/cmd/lifecycle.go:195.2,196.12 2 0
github.com/scttfrdmn/cargoship/cmd/cargoship/cmd/lifecycle.go:200.100,205.16 3 0
github.com/scttfrdmn/cargoship/cmd/cargoship/cmd/lifecycle.go:205.16,207.3 1 0
github.com/scttfrdmn/cargoship/cmd/cargoship/cmd/lifecycle.go:210.2,219.16 3 0
github.com/scttfrdmn/cargoship/cmd/cargoship/cmd/lifecycle.go:219.16,221.3 1 0
github.com/scttfrdmn/cargoship/cmd/cargoship/cmd/lifecycle.go:224.2,224.71 1 0
github.com/scttfrdmn/cargoship/cmd/cargoship/cmd/lifecycle.go:224.71,226.3 1 0
github.com/scttfrdmn/cargoship/cmd/cargoship/cmd/lifecycle.go:228.2,230.12 3 0
github.com/scttfrdmn/cargoship/cmd/cargoship/cmd/lifecycle.go:234.100,239.16 3 0
github.com/scttfrdmn/cargoship/cmd/cargoship/cmd/lifecycle.go:239.16,241.3 1 0
github.com/scttfrdmn/cargoship/cmd/cargoship/cmd/lifecycle.go:244.2,245.16 2 0
github.com/scttfrdmn/cargoship/cmd/cargoship/cmd/lifecycle.go:245.16,247.3 1 0
github.com/scttfrdmn/cargoship/cmd/cargoship/cmd/lifecycle.go:250.2,250.60 1 0
github.com/scttfrdmn/cargoship/cmd/cargoship/cmd/lifecycle.go:250.60,252.3 1 0
github.com/scttfrdmn/cargoship/cmd/cargoship/cmd/lifecycle.go:254.2,257.12 4 0
github.com/scttfrdmn/cargoship/cmd/cargoship/cmd/lifecycle.go:261.79,265.16 3 0
github.com/scttfrdmn/cargoship/cmd/cargoship/cmd/lifecycle.go:265.16,267.68 1 0
github.com/scttfrdmn/cargoship/cmd/cargoship/cmd/lifecycle.go:267.68,271.4 3 0
github.com/scttfrdmn/cargoship/cmd/cargoship/cmd/lifecycle.go:272.3,272.61 1 0
github.com/scttfrdmn/cargoship/cmd/cargoship/cmd/lifecycle.go:275.2,279.43 3 0
github.com/scttfrdmn/cargoship/cmd/cargoship/cmd/lifecycle.go:279.43,284.25 3 0
github.com/scttfrdmn/cargoship/cmd/cargoship/cmd/lifecycle.go:284.25,285.33 1 0
github.com/scttfrdmn/cargoship/cmd/cargoship/cmd/lifecycle.go:285.33,287.5 1 0
github.com/scttfrdmn/cargoship/cmd/cargoship/cmd/lifecycle.go:288.4,288.30 1 0
github.com/scttfrdmn/cargoship/cmd/cargoship/cmd/lifecycle.go:288.30,290.5 1 0
github.com/scttfrdmn/cargoship/cmd/cargoship/cmd/lifecycle.go:294.3,294.32 1 0
github.com/scttfrdmn/cargoship/cmd/cargoship/cmd/lifecycle.go:294.32,296.48 2 0
github.com/scttfrdmn/cargoship/cmd/cargoship/cmd/lifecycle.go:296.48,298.5 1 0
github.com/scttfrdmn/cargoship/cmd/cargoship/cmd/lifecycle.go:302.3,302.60 1 0
github.com/scttfrdmn/cargoship/cmd/cargoship/cmd/lifecycle.go:302.60,304.4 1 0
github.com/scttfrdmn/cargoship/cmd/cargoship/cmd/lifecycle.go:306.3,306.16 1 0
github.com/scttfrdmn/cargoship/cmd/cargoship/cmd/lifecycle.go:309.2,309.12 1 0
github.com/scttfrdmn/cargoship/cmd/cargoship/cmd/lifecycle.go:312.14,314.2 0 1
github.com/scttfrdmn/cargoship/cmd/cargoship/cmd/man.go:11.33,20.52 1 1
github.com/scttfrdmn/cargoship/cmd/cargoship/cmd/man.go:20.52,22.18 2 1
github.com/scttfrdmn/cargoship/cmd/cargoship/cmd/man.go:22.18,24.5 1 0
github.com/scttfrdmn/cargoship/cmd/cargoship/cmd/man.go:26.4,27.14 2 1
github.com/scttfrdmn/cargoship/cmd/cargoship/cmd/man.go:31.2,31.12 1 1
github.com/scttfrdmn/cargoship/cmd/cargoship/cmd/mddocs.go:11.36,17.53 1 1
github.com/scttfrdmn/cargoship/cmd/cargoship/cmd/mddocs.go:17.53,19.4 1 1
github.com/scttfrdmn/cargoship/cmd/cargoship/cmd/metrics.go:22.37,45.2 5 1
github.com/scttfrdmn/cargoship/cmd/cargoship/cmd/metrics.go:47.58,48.18 1 1
github.com/scttfrdmn/cargoship/cmd/cargoship/cmd/metrics.go:48.18,50.3 1 1
github.com/scttfrdmn/cargoship/cmd/cargoship/cmd/metrics.go:52.2,59.16 6 0
github.com/scttfrdmn/cargoship/cmd/cargoship/cmd/metrics.go:59.16,61.3 1 0
github.com/scttfrdmn/cargoship/cmd/cargoship/cmd/metrics.go:64.2,92.75 6 0
github.com/scttfrdmn/cargoship/cmd/cargoship/cmd/metrics.go:92.75,94.3 1 0
github.com/scttfrdmn/cargoship/cmd/cargoship/cmd/metrics.go:97.2,108.71 3 0
github.com/scttfrdmn/cargoship/cmd/cargoship/cmd/metrics.go:108.71,110.3 1 0
github.com/scttfrdmn/cargoship/cmd/cargoship/cmd/metrics.go:113.2,123.77 3 0
github.com/scttfrdmn/cargoship/cmd/cargoship/cmd/metrics.go:123.77,125.3 1 0
github.com/scttfrdmn/cargoship/cmd/cargoship/cmd/metrics.go:128.2,138.85 3 0
github.com/scttfrdmn/cargoship/cmd/cargoship/cmd/metrics.go:138.85,140.3 1 0
github.com/scttfrdmn/cargoship/cmd/cargoship/cmd/metrics.go:143.2,152.81 3 0
github.com/scttfrdmn/cargoship/cmd/cargoship/cmd/metrics.go:152.81,154.3 1 0
github.com/scttfrdmn/cargoship/cmd/cargoship/cmd/metrics.go:157.2,158.45 2 0
github.com/scttfrdmn/cargoship/cmd/cargoship/cmd/metrics.go:158.45,160.3 1 0
github.com/scttfrdmn/cargoship/cmd/cargoship/cmd/metrics.go:162.2,174.12 10 0
github.com/scttfrdmn/cargoship/cmd/cargoship/cmd/metrics.go:177.14,179.2 0 1
github.com/scttfrdmn/cargoship/cmd/cargoship/cmd/rclone.go:10.36,24.53 1 1
github.com/scttfrdmn/cargoship/cmd/cargoship/cmd/rclone.go:24.53,26.4 1 1
github.com/scttfrdmn/cargoship/cmd/cargoship/cmd/rclone.go:29.2,29.12 1 1
github.com/scttfrdmn/cargoship/cmd/cargoship/cmd/retier.go:11.47,15.23 4 1
github.com/scttfrdmn/cargoship/cmd/cargoship/cmd/retier.go:15.23,17.3 1 1
github.com/scttfrdmn/cargoship/cmd/cargoship/cmd/retier.go:18.2,18.19 1 1
github.com/scttfrdmn/cargoship/cmd/cargoship/cmd/retier.go:22.36,28.53 1 1
github.com/scttfrdmn/cargoship/cmd/cargoship/cmd/retier.go:28.53,35.4 2 0
github.com/scttfrdmn/cargoship/cmd/cargoship/cmd/retier.go:37.2,37.12 1 1
github.com/scttfrdmn/cargoship/cmd/cargoship/cmd/root.go:41.46,43.2 1 1
github.com/scttfrdmn/cargoship/cmd/cargoship/cmd/root.go:46.77,71.77 9 1
github.com/scttfrdmn/cargoship/cmd/cargoship/cmd/root.go:71.77,72.14 1 0
github.com/scttfrdmn/cargoship/cmd/cargoship/cmd/root.go:74.2,102.12 14 1
github.com/scttfrdmn/cargoship/cmd/cargoship/cmd/root.go:105.13,111.2 1 1
github.com/scttfrdmn/cargoship/cmd/cargoship/cmd/root.go:114.19,115.19 1 1
github.com/scttfrdmn/cargoship/cmd/cargoship/cmd/root.go:115.19,118.3 1 0
github.com/scttfrdmn/cargoship/cmd/cargoship/cmd/root.go:118.8,126.3 4 1
github.com/scttfrdmn/cargoship/cmd/cargoship/cmd/root.go:128.2,131.45 2 1
github.com/scttfrdmn/cargoship/cmd/cargoship/cmd/root.go:131.45,133.3 1 1
github.com/scttfrdmn/cargoship/cmd/cargoship/cmd/root.go:144.38,145.15 1 1
github.com/scttfrdmn/cargoship/cmd/cargoship/cmd/root.go:145.15,147.3 1 1
github.com/scttfrdmn/cargoship/cmd/cargoship/cmd/root.go:148.2,148.16 1 1
github.com/scttfrdmn/cargoship/cmd/cargoship/cmd/root.go:148.16,151.3 2 0
github.com/scttfrdmn/cargoship/cmd/cargoship/cmd/root.go:154.34,162.13 2 1
github.com/scttfrdmn/cargoship/cmd/cargoship/cmd/root.go:162.13,164.3 1 1
github.com/scttfrdmn/cargoship/cmd/cargoship/cmd/root.go:166.2,166.16 1 1
github.com/scttfrdmn/cargoship/cmd/cargoship/cmd/root.go:169.38,177.13 2 1
github.com/scttfrdmn/cargoship/cmd/cargoship/cmd/root.go:177.13,179.3 1 1
github.com/scttfrdmn/cargoship/cmd/cargoship/cmd/root.go:181.2,181.16 1 1
github.com/scttfrdmn/cargoship/cmd/cargoship/cmd/root.go:184.32,185.14 1 1
github.com/scttfrdmn/cargoship/cmd/cargoship/cmd/root.go:185.14,186.27 1 1
github.com/scttfrdmn/cargoship/cmd/cargoship/cmd/root.go:189.2,190.25 2 1
github.com/scttfrdmn/cargoship/cmd/cargoship/cmd/root.go:193.57,196.16 2 1
github.com/scttfrdmn/cargoship/cmd/cargoship/cmd/root.go:196.16,198.3 1 0
github.com/scttfrdmn/cargoship/cmd/cargoship/cmd/root.go:199.2,199.13 1 1
github.com/scttfrdmn/cargoship/cmd/cargoship/cmd/root.go:199.13,201.3 1 0
github.com/scttfrdmn/cargoship/cmd/cargoship/cmd/root.go:202.2,214.12 5 1
github.com/scttfrdmn/cargoship/cmd/cargoship/cmd/root.go:217.61,234.20 4 1
github.com/scttfrdmn/cargoship/cmd/cargoship/cmd/root.go:234.20,239.3 4 0
github.com/scttfrdmn/cargoship/cmd/cargoship/cmd/root.go:241.2,241.13 1 1
github.com/scttfrdmn/cargoship/cmd/cargoship/cmd/root.go:241.13,245.17 4 1
github.com/scttfrdmn/cargoship/cmd/cargoship/cmd/root.go:245.17,246.14 1 0
github.com/scttfrdmn/cargoship/cmd/cargoship/cmd/root.go:248.3,249.17 2 1
github.com/scttfrdmn/cargoship/cmd/cargoship/cmd/root.go:249.17,250.14 1 0
github.com/scttfrdmn/cargoship/cmd/cargoship/cmd/root.go:255.60,256.13 1 1
github.com/scttfrdmn/cargoship/cmd/cargoship/cmd/root.go:256.13,259.17 3 1
github.com/scttfrdmn/cargoship/cmd/cargoship/cmd/root.go:259.17,261.4 1 0
github.com/scttfrdmn/cargoship/cmd/cargoship/cmd/root.go:262.3,262.66 1 1
github.com/scttfrdmn/cargoship/cmd/cargoship/cmd/root.go:275.27,277.2 1 1
github.com/scttfrdmn/cargoship/cmd/cargoship/cmd/schema.go:13.36,20.2 1 1
github.com/scttfrdmn/cargoship/cmd/cargoship/cmd/schema.go:22.53,25.16 3 1
github.com/scttfrdmn/cargoship/cmd/cargoship/cmd/schema.go:25.16,27.3 1 0
github.com/scttfrdmn/cargoship/cmd/cargoship/cmd/schema.go:28.2,30.12 2 1
github.com/scttfrdmn/cargoship/cmd/cargoship/cmd/schema.go:33.14,43.2 0 1
github.com/scttfrdmn/cargoship/cmd/cargoship/cmd/style.go:26.52,34.30 4 1
github.com/scttfrdmn/cargoship/cmd/cargoship/cmd/style.go:34.30,37.3 2 1
github.com/scttfrdmn/cargoship/cmd/cargoship/cmd/style.go:38.2,38.10 1 1
github.com/scttfrdmn/cargoship/cmd/cargoship/cmd/style.go:41.68,43.24 2 1
github.com/scttfrdmn/cargoship/cmd/cargoship/cmd/style.go:43.24,45.3 1 1
github.com/scttfrdmn/cargoship/cmd/cargoship/cmd/style.go:46.2,48.47 3 1
github.com/scttfrdmn/cargoship/cmd/cargoship/cmd/style.go:48.47,50.3 1 1
github.com/scttfrdmn/cargoship/cmd/cargoship/cmd/style.go:51.2,51.19 1 1
github.com/scttfrdmn/cargoship/cmd/cargoship/cmd/travelagent.go:12.41,17.53 1 1
github.com/scttfrdmn/cargoship/cmd/cargoship/cmd/travelagent.go:17.53,19.18 2 0
github.com/scttfrdmn/cargoship/cmd/cargoship/cmd/travelagent.go:19.18,21.5 1 0
github.com/scttfrdmn/cargoship/cmd/cargoship/cmd/travelagent.go:23.4,24.56 2 0
github.com/scttfrdmn/cargoship/cmd/cargoship/cmd/travelagent.go:24.56,26.5 1 0
github.com/scttfrdmn/cargoship/cmd/cargoship/cmd/travelagent.go:27.4,27.33 1 0
github.com/scttfrdmn/cargoship/cmd/cargoship/cmd/travelagent.go:27.33,29.5 1 0
github.com/scttfrdmn/cargoship/cmd/cargoship/cmd/travelagent.go:30.4,36.18 3 0
github.com/scttfrdmn/cargoship/cmd/cargoship/cmd/travelagent.go:39.2,39.12 1 1
github.com/scttfrdmn/cargoship/cmd/cargoship/cmd/tree.go:13.34,19.55 1 1
github.com/scttfrdmn/cargoship/cmd/cargoship/cmd/tree.go:19.55,21.18 2 1
github.com/scttfrdmn/cargoship/cmd/cargoship/cmd/tree.go:21.18,23.5 1 0
github.com/scttfrdmn/cargoship/cmd/cargoship/cmd/tree.go:24.4,26.35 3 1
github.com/scttfrdmn/cargoship/cmd/cargoship/cmd/tree.go:26.35,30.32 3 1
github.com/scttfrdmn/cargoship/cmd/cargoship/cmd/tree.go:30.32,31.20 1 1
github.com/scttfrdmn/cargoship/cmd/cargoship/cmd/tree.go:31.20,32.15 1 1
github.com/scttfrdmn/cargoship/cmd/cargoship/cmd/tree.go:34.6,36.62 2 1
github.com/scttfrdmn/cargoship/cmd/cargoship/cmd/tree.go:36.62,38.7 1 0
github.com/scttfrdmn/cargoship/cmd/cargoship/cmd/tree.go:38.12,41.7 2 1
github.com/scttfrdmn/cargoship/cmd/cargoship/cmd/tree.go:44.4,44.74 1 1
github.com/scttfrdmn/cargoship/cmd/cargoship/cmd/tree.go:44.74,46.5 1 0
github.com/scttfrdmn/cargoship/cmd/cargoship/cmd/tree.go:47.4,47.14 1 1
github.com/scttfrdmn/cargoship/cmd/cargoship/cmd/tree.go:51.2,52.12 2 1
github.com/scttfrdmn/cargoship/cmd/cargoship/cmd/wizard.go:16.36,24.55 1 1
github.com/scttfrdmn/cargoship/cmd/cargoship/cmd/wizard.go:24.55,28.40 3 0
github.com/scttfrdmn/cargoship/cmd/cargoship/cmd/wizard.go:28.40,30.5 1 0
github.com/scttfrdmn/cargoship/cmd/cargoship/cmd/wizard.go:31.4,38.19 1 0
github.com/scttfrdmn/cargoship/cmd/cargoship/cmd/wizard.go:38.19,40.5 1 0
github.com/scttfrdmn/cargoship/cmd/cargoship/cmd/wizard.go:42.4,42.45 1 0
github.com/scttfrdmn/cargoship/cmd/cargoship/cmd/wizard.go:42.45,45.5 2 0
github.com/scttfrdmn/cargoship/cmd/cargoship/cmd/wizard.go:46.4,46.14 1 0
github.com/scttfrdmn/cargoship/cmd/cargoship/cmd/wizard.go:50.2,51.12 2 1
github.com/scttfrdmn/cargoship/cmd/cargoship/cmd/wizard.go:54.61,75.2 4 0
github.com/scttfrdmn/cargoship/cmd/cargoship/cmd/wizard.go:77.62,80.16 3 0
github.com/scttfrdmn/cargoship/cmd/cargoship/cmd/wizard.go:80.16,82.3 1 0
github.com/scttfrdmn/cargoship/cmd/cargoship/cmd/wizard.go:83.2,88.77 4 0
github.com/scttfrdmn/cargoship/cmd/cargoship/cmd/wizard.go:88.77,90.3 1 0
github.com/scttfrdmn/cargoship/cmd/cargoship/cmd/wizard.go:92.2,110.50 6 0
github.com/scttfrdmn/cargoship/cmd/cargoship/cmd/wizard.go:110.50,112.3 1 0
github.com/scttfrdmn/cargoship/cmd/cargoship/cmd/wizard.go:114.2,114.48 1 0
github.com/scttfrdmn/cargoship/cmd/cargoship/cmd/wizard.go:114.48,116.3 1 0
github.com/scttfrdmn/cargoship/cmd/cargoship/cmd/wizard.go:118.2,122.18 1 0
github.com/scttfrdmn/cargoship/cmd/cargoship/cmd/wizard.go:122.18,124.3 1 0
github.com/scttfrdmn/cargoship/cmd/cargoship/cmd/wizard.go:126.2,134.12 3 0
