mode: set
github.com/scttfrdmn/cargoship/pkg/config/config.go:90.30,138.2 1 1
github.com/scttfrdmn/cargoship/pkg/config/config.go:148.28,153.2 1 1
github.com/scttfrdmn/cargoship/pkg/config/config.go:156.55,168.22 6 1
github.com/scttfrdmn/cargoship/pkg/config/config.go:168.22,170.3 1 1
github.com/scttfrdmn/cargoship/pkg/config/config.go:170.8,173.17 2 1
github.com/scttfrdmn/cargoship/pkg/config/config.go:173.17,176.4 2 1
github.com/scttfrdmn/cargoship/pkg/config/config.go:177.3,178.38 2 1
github.com/scttfrdmn/cargoship/pkg/config/config.go:182.2,182.47 1 1
github.com/scttfrdmn/cargoship/pkg/config/config.go:182.47,183.56 1 1
github.com/scttfrdmn/cargoship/pkg/config/config.go:183.56,185.4 1 1
github.com/scttfrdmn/cargoship/pkg/config/config.go:189.2,189.52 1 1
github.com/scttfrdmn/cargoship/pkg/config/config.go:189.52,191.3 1 0
github.com/scttfrdmn/cargoship/pkg/config/config.go:194.2,194.43 1 1
github.com/scttfrdmn/cargoship/pkg/config/config.go:194.43,196.3 1 1
github.com/scttfrdmn/cargoship/pkg/config/config.go:198.2,198.12 1 1
github.com/scttfrdmn/cargoship/pkg/config/config.go:202.33,242.2 27 1
github.com/scttfrdmn/cargoship/pkg/config/config.go:245.42,247.31 1 1
github.com/scttfrdmn/cargoship/pkg/config/config.go:247.31,249.3 1 1
github.com/scttfrdmn/cargoship/pkg/config/config.go:252.2,261.64 2 1
github.com/scttfrdmn/cargoship/pkg/config/config.go:261.64,263.3 1 1
github.com/scttfrdmn/cargoship/pkg/config/config.go:266.2,266.80 1 1
github.com/scttfrdmn/cargoship/pkg/config/config.go:266.80,268.3 1 1
github.com/scttfrdmn/cargoship/pkg/config/config.go:271.2,271.66 1 1
github.com/scttfrdmn/cargoship/pkg/config/config.go:271.66,273.3 1 1
github.com/scttfrdmn/cargoship/pkg/config/config.go:276.2,283.45 2 1
github.com/scttfrdmn/cargoship/pkg/config/config.go:283.45,285.3 1 1
github.com/scttfrdmn/cargoship/pkg/config/config.go:287.2,287.12 1 1
github.com/scttfrdmn/cargoship/pkg/config/config.go:291.39,293.2 1 1
github.com/scttfrdmn/cargoship/pkg/config/config.go:296.49,297.16 1 1
github.com/scttfrdmn/cargoship/pkg/config/config.go:297.16,298.25 1 1
github.com/scttfrdmn/cargoship/pkg/config/config.go:298.25,300.4 1 0
github.com/scttfrdmn/cargoship/pkg/config/config.go:300.9,302.18 2 1
github.com/scttfrdmn/cargoship/pkg/config/config.go:302.18,304.5 1 0
github.com/scttfrdmn/cargoship/pkg/config/config.go:305.4,305.49 1 1
github.com/scttfrdmn/cargoship/pkg/config/config.go:310.2,311.47 2 1
github.com/scttfrdmn/cargoship/pkg/config/config.go:311.47,313.3 1 0
github.com/scttfrdmn/cargoship/pkg/config/config.go:316.2,317.16 2 1
github.com/scttfrdmn/cargoship/pkg/config/config.go:317.16,319.3 1 0
github.com/scttfrdmn/cargoship/pkg/config/config.go:322.2,322.55 1 1
github.com/scttfrdmn/cargoship/pkg/config/config.go:322.55,324.3 1 0
github.com/scttfrdmn/cargoship/pkg/config/config.go:326.2,327.12 2 1
github.com/scttfrdmn/cargoship/pkg/config/config.go:331.70,332.34 1 1
github.com/scttfrdmn/cargoship/pkg/config/config.go:332.34,334.3 1 1
github.com/scttfrdmn/cargoship/pkg/config/config.go:337.2,337.52 1 1
github.com/scttfrdmn/cargoship/pkg/config/config.go:337.52,339.3 1 0
github.com/scttfrdmn/cargoship/pkg/config/config.go:342.2,342.43 1 1
github.com/scttfrdmn/cargoship/pkg/config/config.go:342.43,344.3 1 1
github.com/scttfrdmn/cargoship/pkg/config/config.go:346.2,346.12 1 1
github.com/scttfrdmn/cargoship/pkg/config/config.go:350.66,352.17 2 1
github.com/scttfrdmn/cargoship/pkg/config/config.go:352.17,354.3 1 1
github.com/scttfrdmn/cargoship/pkg/config/config.go:356.2,356.34 1 1
github.com/scttfrdmn/cargoship/pkg/config/config.go:360.55,362.17 2 1
github.com/scttfrdmn/cargoship/pkg/config/config.go:362.17,364.3 1 1
github.com/scttfrdmn/cargoship/pkg/config/config.go:366.2,366.26 1 1
github.com/scttfrdmn/cargoship/pkg/config/config.go:370.42,384.26 5 1
github.com/scttfrdmn/cargoship/pkg/config/config.go:384.26,386.3 1 1
github.com/scttfrdmn/cargoship/pkg/config/config.go:388.2,389.9 2 1
github.com/scttfrdmn/cargoship/pkg/config/config.go:389.9,391.3 1 1
github.com/scttfrdmn/cargoship/pkg/config/config.go:393.2,393.48 1 1
github.com/scttfrdmn/cargoship/pkg/config/config.go:397.37,414.2 10 1
github.com/scttfrdmn/cargoship/pkg/config/suitcase.go:29.65,31.59 1 1
github.com/scttfrdmn/cargoship/pkg/config/suitcase.go:31.59,34.17 3 1
github.com/scttfrdmn/cargoship/pkg/config/suitcase.go:34.17,36.4 1 1
github.com/scttfrdmn/cargoship/pkg/config/suitcase.go:38.2,38.12 1 1
github.com/scttfrdmn/cargoship/pkg/aws/costs/calculator.go:22.47,26.2 1 1
github.com/scttfrdmn/cargoship/pkg/aws/costs/calculator.go:29.91,34.2 1 0
github.com/scttfrdmn/cargoship/pkg/aws/costs/calculator.go:83.106,91.35 3 1
github.com/scttfrdmn/cargoship/pkg/aws/costs/calculator.go:91.35,93.3 1 1
github.com/scttfrdmn/cargoship/pkg/aws/costs/calculator.go:94.2,104.4 2 1
github.com/scttfrdmn/cargoship/pkg/aws/costs/calculator.go:104.4,109.23 4 1
github.com/scttfrdmn/cargoship/pkg/aws/costs/calculator.go:110.36,113.48 3 1
github.com/scttfrdmn/cargoship/pkg/aws/costs/calculator.go:114.38,117.50 3 1
github.com/scttfrdmn/cargoship/pkg/aws/costs/calculator.go:118.37,121.49 3 1
github.com/scttfrdmn/cargoship/pkg/aws/costs/calculator.go:122.46,125.58 3 1
github.com/scttfrdmn/cargoship/pkg/aws/costs/calculator.go:126.35,129.47 3 1
github.com/scttfrdmn/cargoship/pkg/aws/costs/calculator.go:130.39,133.51 3 1
github.com/scttfrdmn/cargoship/pkg/aws/costs/calculator.go:138.2,163.22 9 1
github.com/scttfrdmn/cargoship/pkg/aws/costs/calculator.go:167.122,169.29 1 1
github.com/scttfrdmn/cargoship/pkg/aws/costs/calculator.go:169.29,171.17 2 0
github.com/scttfrdmn/cargoship/pkg/aws/costs/calculator.go:171.17,172.69 1 0
github.com/scttfrdmn/cargoship/pkg/aws/costs/calculator.go:172.69,174.5 1 0
github.com/scttfrdmn/cargoship/pkg/aws/costs/calculator.go:181.2,191.13 3 1
github.com/scttfrdmn/cargoship/pkg/aws/costs/calculator.go:191.13,193.3 1 0
github.com/scttfrdmn/cargoship/pkg/aws/costs/calculator.go:195.2,195.23 1 1
github.com/scttfrdmn/cargoship/pkg/aws/costs/calculator.go:199.89,200.19 1 1
github.com/scttfrdmn/cargoship/pkg/aws/costs/calculator.go:200.19,202.3 1 1
github.com/scttfrdmn/cargoship/pkg/aws/costs/calculator.go:204.2,207.29 2 1
github.com/scttfrdmn/cargoship/pkg/aws/costs/calculator.go:207.29,209.48 2 0
github.com/scttfrdmn/cargoship/pkg/aws/costs/calculator.go:209.48,211.4 1 0
github.com/scttfrdmn/cargoship/pkg/aws/costs/calculator.go:215.2,215.28 1 1
github.com/scttfrdmn/cargoship/pkg/aws/costs/calculator.go:219.123,221.29 1 1
github.com/scttfrdmn/cargoship/pkg/aws/costs/calculator.go:221.29,223.17 2 0
github.com/scttfrdmn/cargoship/pkg/aws/costs/calculator.go:223.17,224.69 1 0
github.com/scttfrdmn/cargoship/pkg/aws/costs/calculator.go:224.69,226.5 1 0
github.com/scttfrdmn/cargoship/pkg/aws/costs/calculator.go:231.2,241.13 3 1
github.com/scttfrdmn/cargoship/pkg/aws/costs/calculator.go:241.13,243.3 1 0
github.com/scttfrdmn/cargoship/pkg/aws/costs/calculator.go:245.2,245.48 1 1
github.com/scttfrdmn/cargoship/pkg/aws/costs/calculator.go:249.110,253.35 2 1
github.com/scttfrdmn/cargoship/pkg/aws/costs/calculator.go:253.35,254.74 1 1
github.com/scttfrdmn/cargoship/pkg/aws/costs/calculator.go:254.74,258.28 3 1
github.com/scttfrdmn/cargoship/pkg/aws/costs/calculator.go:258.28,266.5 1 0
github.com/scttfrdmn/cargoship/pkg/aws/costs/calculator.go:271.2,271.31 1 1
github.com/scttfrdmn/cargoship/pkg/aws/costs/calculator.go:271.31,273.36 2 0
github.com/scttfrdmn/cargoship/pkg/aws/costs/calculator.go:273.36,274.73 1 0
github.com/scttfrdmn/cargoship/pkg/aws/costs/calculator.go:274.73,276.5 1 0
github.com/scttfrdmn/cargoship/pkg/aws/costs/calculator.go:279.3,279.64 1 0
github.com/scttfrdmn/cargoship/pkg/aws/costs/calculator.go:279.64,287.4 1 0
github.com/scttfrdmn/cargoship/pkg/aws/costs/calculator.go:291.2,292.35 2 1
github.com/scttfrdmn/cargoship/pkg/aws/costs/calculator.go:292.35,293.34 1 1
github.com/scttfrdmn/cargoship/pkg/aws/costs/calculator.go:293.34,295.4 1 1
github.com/scttfrdmn/cargoship/pkg/aws/costs/calculator.go:298.2,298.23 1 1
github.com/scttfrdmn/cargoship/pkg/aws/costs/calculator.go:298.23,306.3 1 1
github.com/scttfrdmn/cargoship/pkg/aws/costs/calculator.go:308.2,308.24 1 1
github.com/scttfrdmn/cargoship/pkg/aws/config/config.go:79.36,95.2 1 1
github.com/scttfrdmn/cargoship/pkg/aws/config/config.go:98.38,99.20 1 1
github.com/scttfrdmn/cargoship/pkg/aws/config/config.go:99.20,101.3 1 1
github.com/scttfrdmn/cargoship/pkg/aws/config/config.go:103.2,103.23 1 1
github.com/scttfrdmn/cargoship/pkg/aws/config/config.go:103.23,105.3 1 1
github.com/scttfrdmn/cargoship/pkg/aws/config/config.go:107.2,107.26 1 1
github.com/scttfrdmn/cargoship/pkg/aws/config/config.go:107.26,109.3 1 1
github.com/scttfrdmn/cargoship/pkg/aws/config/config.go:111.2,111.43 1 1
github.com/scttfrdmn/cargoship/pkg/aws/config/config.go:111.43,113.3 1 1
github.com/scttfrdmn/cargoship/pkg/aws/config/config.go:115.2,115.74 1 1
github.com/scttfrdmn/cargoship/pkg/aws/config/config.go:115.74,117.3 1 1
github.com/scttfrdmn/cargoship/pkg/aws/config/config.go:119.2,119.12 1 1
github.com/scttfrdmn/cargoship/pkg/aws/config/config.go:123.85,126.19 2 1
github.com/scttfrdmn/cargoship/pkg/aws/config/config.go:126.19,128.3 1 1
github.com/scttfrdmn/cargoship/pkg/aws/config/config.go:130.2,130.18 1 1
github.com/scttfrdmn/cargoship/pkg/aws/config/config.go:130.18,132.3 1 1
github.com/scttfrdmn/cargoship/pkg/aws/config/config.go:134.2,134.50 1 1
github.com/scttfrdmn/cargoship/pkg/aws/metrics/cloudwatch.go:44.96,45.28 1 1
github.com/scttfrdmn/cargoship/pkg/aws/metrics/cloudwatch.go:45.28,47.3 1 1
github.com/scttfrdmn/cargoship/pkg/aws/metrics/cloudwatch.go:48.2,48.52 1 1
github.com/scttfrdmn/cargoship/pkg/aws/metrics/cloudwatch.go:48.52,50.3 1 1
github.com/scttfrdmn/cargoship/pkg/aws/metrics/cloudwatch.go:51.2,51.31 1 1
github.com/scttfrdmn/cargoship/pkg/aws/metrics/cloudwatch.go:51.31,53.3 1 1
github.com/scttfrdmn/cargoship/pkg/aws/metrics/cloudwatch.go:55.2,65.20 2 1
github.com/scttfrdmn/cargoship/pkg/aws/metrics/cloudwatch.go:65.20,67.3 1 1
github.com/scttfrdmn/cargoship/pkg/aws/metrics/cloudwatch.go:69.2,69.18 1 1
github.com/scttfrdmn/cargoship/pkg/aws/metrics/cloudwatch.go:73.103,116.28 3 1
github.com/scttfrdmn/cargoship/pkg/aws/metrics/cloudwatch.go:116.28,132.3 2 1
github.com/scttfrdmn/cargoship/pkg/aws/metrics/cloudwatch.go:135.2,136.21 2 1
github.com/scttfrdmn/cargoship/pkg/aws/metrics/cloudwatch.go:136.21,138.3 1 1
github.com/scttfrdmn/cargoship/pkg/aws/metrics/cloudwatch.go:140.2,148.42 2 1
github.com/scttfrdmn/cargoship/pkg/aws/metrics/cloudwatch.go:152.99,186.35 3 1
github.com/scttfrdmn/cargoship/pkg/aws/metrics/cloudwatch.go:186.35,194.3 1 1
github.com/scttfrdmn/cargoship/pkg/aws/metrics/cloudwatch.go:196.2,196.42 1 1
github.com/scttfrdmn/cargoship/pkg/aws/metrics/cloudwatch.go:200.105,234.36 3 1
github.com/scttfrdmn/cargoship/pkg/aws/metrics/cloudwatch.go:234.36,242.3 1 1
github.com/scttfrdmn/cargoship/pkg/aws/metrics/cloudwatch.go:244.2,244.42 1 1
github.com/scttfrdmn/cargoship/pkg/aws/metrics/cloudwatch.go:248.113,291.2 3 1
github.com/scttfrdmn/cargoship/pkg/aws/metrics/cloudwatch.go:294.109,322.2 3 1
github.com/scttfrdmn/cargoship/pkg/aws/metrics/cloudwatch.go:325.95,344.2 1 1
github.com/scttfrdmn/cargoship/pkg/aws/metrics/cloudwatch.go:347.91,362.2 1 1
github.com/scttfrdmn/cargoship/pkg/aws/metrics/cloudwatch.go:365.97,376.2 1 1
github.com/scttfrdmn/cargoship/pkg/aws/metrics/cloudwatch.go:379.101,394.2 1 1
github.com/scttfrdmn/cargoship/pkg/aws/metrics/cloudwatch.go:397.105,405.34 4 1
github.com/scttfrdmn/cargoship/pkg/aws/metrics/cloudwatch.go:405.34,407.3 1 1
github.com/scttfrdmn/cargoship/pkg/aws/metrics/cloudwatch.go:409.2,409.12 1 1
github.com/scttfrdmn/cargoship/pkg/aws/metrics/cloudwatch.go:413.70,414.24 1 1
github.com/scttfrdmn/cargoship/pkg/aws/metrics/cloudwatch.go:414.24,416.3 1 1
github.com/scttfrdmn/cargoship/pkg/aws/metrics/cloudwatch.go:419.2,426.55 4 1
github.com/scttfrdmn/cargoship/pkg/aws/metrics/cloudwatch.go:426.55,428.31 2 1
github.com/scttfrdmn/cargoship/pkg/aws/metrics/cloudwatch.go:428.31,430.4 1 1
github.com/scttfrdmn/cargoship/pkg/aws/metrics/cloudwatch.go:432.3,439.17 3 1
github.com/scttfrdmn/cargoship/pkg/aws/metrics/cloudwatch.go:439.17,445.4 2 1
github.com/scttfrdmn/cargoship/pkg/aws/metrics/cloudwatch.go:447.3,449.29 1 1
github.com/scttfrdmn/cargoship/pkg/aws/metrics/cloudwatch.go:452.2,452.12 1 1
github.com/scttfrdmn/cargoship/pkg/aws/metrics/cloudwatch.go:456.49,458.12 2 1
github.com/scttfrdmn/cargoship/pkg/aws/metrics/cloudwatch.go:458.12,463.7 4 1
github.com/scttfrdmn/cargoship/pkg/aws/metrics/cloudwatch.go:463.7,464.11 1 1
github.com/scttfrdmn/cargoship/pkg/aws/metrics/cloudwatch.go:465.20,472.19 6 0
github.com/scttfrdmn/cargoship/pkg/aws/metrics/cloudwatch.go:472.19,474.6 1 0
github.com/scttfrdmn/cargoship/pkg/aws/metrics/cloudwatch.go:475.22,476.11 1 1
github.com/scttfrdmn/cargoship/pkg/aws/metrics/cloudwatch.go:483.64,487.2 3 1
github.com/scttfrdmn/cargoship/pkg/aws/metrics/cloudwatch.go:490.63,496.2 3 1
github.com/scttfrdmn/cargoship/pkg/aws/lifecycle/manager.go:28.60,33.2 1 1
github.com/scttfrdmn/cargoship/pkg/aws/lifecycle/manager.go:79.48,178.2 1 1
github.com/scttfrdmn/cargoship/pkg/aws/lifecycle/manager.go:181.83,185.38 2 1
github.com/scttfrdmn/cargoship/pkg/aws/lifecycle/manager.go:185.38,187.17 2 1
github.com/scttfrdmn/cargoship/pkg/aws/lifecycle/manager.go:187.17,189.4 1 0
github.com/scttfrdmn/cargoship/pkg/aws/lifecycle/manager.go:190.3,190.39 1 1
github.com/scttfrdmn/cargoship/pkg/aws/lifecycle/manager.go:194.2,204.16 3 1
github.com/scttfrdmn/cargoship/pkg/aws/lifecycle/manager.go:204.16,206.3 1 1
github.com/scttfrdmn/cargoship/pkg/aws/lifecycle/manager.go:208.2,208.12 1 1
github.com/scttfrdmn/cargoship/pkg/aws/lifecycle/manager.go:212.102,217.16 2 1
github.com/scttfrdmn/cargoship/pkg/aws/lifecycle/manager.go:217.16,219.3 1 1
github.com/scttfrdmn/cargoship/pkg/aws/lifecycle/manager.go:221.2,223.8 1 1
github.com/scttfrdmn/cargoship/pkg/aws/lifecycle/manager.go:227.59,233.2 2 1
github.com/scttfrdmn/cargoship/pkg/aws/lifecycle/manager.go:236.65,237.23 1 1
github.com/scttfrdmn/cargoship/pkg/aws/lifecycle/manager.go:237.23,239.3 1 1
github.com/scttfrdmn/cargoship/pkg/aws/lifecycle/manager.go:241.2,241.30 1 1
github.com/scttfrdmn/cargoship/pkg/aws/lifecycle/manager.go:241.30,243.3 1 1
github.com/scttfrdmn/cargoship/pkg/aws/lifecycle/manager.go:245.2,245.38 1 1
github.com/scttfrdmn/cargoship/pkg/aws/lifecycle/manager.go:245.38,246.46 1 1
github.com/scttfrdmn/cargoship/pkg/aws/lifecycle/manager.go:246.46,248.4 1 1
github.com/scttfrdmn/cargoship/pkg/aws/lifecycle/manager.go:251.2,251.12 1 1
github.com/scttfrdmn/cargoship/pkg/aws/lifecycle/manager.go:255.90,259.40 3 1
github.com/scttfrdmn/cargoship/pkg/aws/lifecycle/manager.go:259.40,270.28 2 1
github.com/scttfrdmn/cargoship/pkg/aws/lifecycle/manager.go:271.19,275.5 1 1
github.com/scttfrdmn/cargoship/pkg/aws/lifecycle/manager.go:276.21,281.5 1 1
github.com/scttfrdmn/cargoship/pkg/aws/lifecycle/manager.go:282.18,286.5 1 1
github.com/scttfrdmn/cargoship/pkg/aws/lifecycle/manager.go:287.11,290.5 1 1
github.com/scttfrdmn/cargoship/pkg/aws/lifecycle/manager.go:294.3,294.32 1 1
github.com/scttfrdmn/cargoship/pkg/aws/lifecycle/manager.go:294.32,298.4 1 1
github.com/scttfrdmn/cargoship/pkg/aws/lifecycle/manager.go:300.3,301.11 2 1
github.com/scttfrdmn/cargoship/pkg/aws/lifecycle/manager.go:304.2,313.3 1 1
github.com/scttfrdmn/cargoship/pkg/aws/lifecycle/manager.go:324.85,331.59 2 1
github.com/scttfrdmn/cargoship/pkg/aws/lifecycle/manager.go:331.59,334.61 2 1
github.com/scttfrdmn/cargoship/pkg/aws/lifecycle/manager.go:334.61,339.4 1 1
github.com/scttfrdmn/cargoship/pkg/aws/lifecycle/manager.go:339.9,339.68 1 1
github.com/scttfrdmn/cargoship/pkg/aws/lifecycle/manager.go:339.68,341.45 1 0
github.com/scttfrdmn/cargoship/pkg/aws/lifecycle/manager.go:341.45,348.10 2 0
github.com/scttfrdmn/cargoship/pkg/aws/lifecycle/manager.go:350.9,354.32 2 1
github.com/scttfrdmn/cargoship/pkg/aws/lifecycle/manager.go:354.32,356.5 1 1
github.com/scttfrdmn/cargoship/pkg/aws/lifecycle/manager.go:358.4,358.33 1 1
github.com/scttfrdmn/cargoship/pkg/aws/lifecycle/manager.go:358.33,360.46 2 1
github.com/scttfrdmn/cargoship/pkg/aws/lifecycle/manager.go:360.46,365.6 1 1
github.com/scttfrdmn/cargoship/pkg/aws/lifecycle/manager.go:366.5,366.20 1 1
github.com/scttfrdmn/cargoship/pkg/aws/lifecycle/manager.go:369.4,371.5 1 1
github.com/scttfrdmn/cargoship/pkg/aws/lifecycle/manager.go:374.3,374.26 1 1
github.com/scttfrdmn/cargoship/pkg/aws/lifecycle/manager.go:378.2,378.31 1 1
github.com/scttfrdmn/cargoship/pkg/aws/lifecycle/manager.go:378.31,380.47 2 1
github.com/scttfrdmn/cargoship/pkg/aws/lifecycle/manager.go:380.47,385.4 1 1
github.com/scttfrdmn/cargoship/pkg/aws/lifecycle/manager.go:386.3,386.36 1 1
github.com/scttfrdmn/cargoship/pkg/aws/lifecycle/manager.go:390.2,390.28 1 1
github.com/scttfrdmn/cargoship/pkg/aws/lifecycle/manager.go:390.28,394.3 1 1
github.com/scttfrdmn/cargoship/pkg/aws/lifecycle/manager.go:397.2,397.40 1 1
github.com/scttfrdmn/cargoship/pkg/aws/lifecycle/manager.go:397.40,401.3 1 1
github.com/scttfrdmn/cargoship/pkg/aws/lifecycle/manager.go:403.2,403.21 1 1
github.com/scttfrdmn/cargoship/pkg/aws/lifecycle/manager.go:407.58,408.19 1 1
github.com/scttfrdmn/cargoship/pkg/aws/lifecycle/manager.go:408.19,410.3 1 0
github.com/scttfrdmn/cargoship/pkg/aws/lifecycle/manager.go:412.2,412.59 1 1
github.com/scttfrdmn/cargoship/pkg/aws/lifecycle/manager.go:412.59,414.3 1 1
github.com/scttfrdmn/cargoship/pkg/aws/lifecycle/manager.go:417.2,417.31 1 1
github.com/scttfrdmn/cargoship/pkg/aws/lifecycle/manager.go:417.31,418.46 1 1
github.com/scttfrdmn/cargoship/pkg/aws/lifecycle/manager.go:418.46,419.62 1 1
github.com/scttfrdmn/cargoship/pkg/aws/lifecycle/manager.go:419.62,421.5 1 1
github.com/scttfrdmn/cargoship/pkg/aws/lifecycle/manager.go:426.2,434.46 2 1
github.com/scttfrdmn/cargoship/pkg/aws/lifecycle/manager.go:434.46,435.45 1 1
github.com/scttfrdmn/cargoship/pkg/aws/lifecycle/manager.go:435.45,437.4 1 1
github.com/scttfrdmn/cargoship/pkg/aws/lifecycle/manager.go:440.2,440.12 1 1
github.com/scttfrdmn/cargoship/pkg/aws/lifecycle/manager.go:444.130,464.38 5 1
github.com/scttfrdmn/cargoship/pkg/aws/lifecycle/manager.go:464.38,466.32 1 1
github.com/scttfrdmn/cargoship/pkg/aws/lifecycle/manager.go:466.32,471.29 3 1
github.com/scttfrdmn/cargoship/pkg/aws/lifecycle/manager.go:472.23,473.28 1 0
github.com/scttfrdmn/cargoship/pkg/aws/lifecycle/manager.go:474.22,475.26 1 0
github.com/scttfrdmn/cargoship/pkg/aws/lifecycle/manager.go:476.31,477.28 1 0
github.com/scttfrdmn/cargoship/pkg/aws/lifecycle/manager.go:478.19,479.27 1 0
github.com/scttfrdmn/cargoship/pkg/aws/lifecycle/manager.go:480.24,481.29 1 1
github.com/scttfrdmn/cargoship/pkg/aws/lifecycle/manager.go:482.12,483.39 1 0
github.com/scttfrdmn/cargoship/pkg/aws/lifecycle/manager.go:487.4,487.50 1 1
github.com/scttfrdmn/cargoship/pkg/aws/lifecycle/manager.go:491.2,496.22 5 1
github.com/scttfrdmn/cargoship/pkg/aws/lifecycle/manager.go:512.73,514.16 2 1
github.com/scttfrdmn/cargoship/pkg/aws/lifecycle/manager.go:514.16,516.3 1 0
github.com/scttfrdmn/cargoship/pkg/aws/lifecycle/manager.go:517.2,517.26 1 1
github.com/scttfrdmn/cargoship/pkg/aws/lifecycle/manager.go:521.74,523.68 2 1
github.com/scttfrdmn/cargoship/pkg/aws/lifecycle/manager.go:523.68,525.3 1 1
github.com/scttfrdmn/cargoship/pkg/aws/lifecycle/manager.go:527.2,527.51 1 1
github.com/scttfrdmn/cargoship/pkg/aws/lifecycle/manager.go:527.51,529.3 1 1
github.com/scttfrdmn/cargoship/pkg/aws/lifecycle/manager.go:531.2,531.23 1 1
github.com/scttfrdmn/cargoship/pkg/aws/s3/adaptive.go:90.86,91.30 1 1
github.com/scttfrdmn/cargoship/pkg/aws/s3/adaptive.go:91.30,93.3 1 1
github.com/scttfrdmn/cargoship/pkg/aws/s3/adaptive.go:94.2,94.30 1 1
github.com/scttfrdmn/cargoship/pkg/aws/s3/adaptive.go:94.30,96.3 1 1
github.com/scttfrdmn/cargoship/pkg/aws/s3/adaptive.go:97.2,97.34 1 1
github.com/scttfrdmn/cargoship/pkg/aws/s3/adaptive.go:97.34,99.3 1 1
github.com/scttfrdmn/cargoship/pkg/aws/s3/adaptive.go:100.2,100.32 1 1
github.com/scttfrdmn/cargoship/pkg/aws/s3/adaptive.go:100.32,102.3 1 1
github.com/scttfrdmn/cargoship/pkg/aws/s3/adaptive.go:103.2,103.36 1 1
github.com/scttfrdmn/cargoship/pkg/aws/s3/adaptive.go:103.36,105.3 1 1
github.com/scttfrdmn/cargoship/pkg/aws/s3/adaptive.go:106.2,106.32 1 1
github.com/scttfrdmn/cargoship/pkg/aws/s3/adaptive.go:106.32,108.3 1 1
github.com/scttfrdmn/cargoship/pkg/aws/s3/adaptive.go:110.2,120.3 1 1
github.com/scttfrdmn/cargoship/pkg/aws/s3/adaptive.go:124.96,135.44 5 1
github.com/scttfrdmn/cargoship/pkg/aws/s3/adaptive.go:135.44,137.3 1 0
github.com/scttfrdmn/cargoship/pkg/aws/s3/adaptive.go:140.2,143.36 2 1
github.com/scttfrdmn/cargoship/pkg/aws/s3/adaptive.go:147.73,148.9 1 1
github.com/scttfrdmn/cargoship/pkg/aws/s3/adaptive.go:149.32,150.25 1 1
github.com/scttfrdmn/cargoship/pkg/aws/s3/adaptive.go:151.33,152.26 1 1
github.com/scttfrdmn/cargoship/pkg/aws/s3/adaptive.go:153.36,154.26 1 1
github.com/scttfrdmn/cargoship/pkg/aws/s3/adaptive.go:155.10,156.26 1 0
github.com/scttfrdmn/cargoship/pkg/aws/s3/adaptive.go:161.77,166.20 3 1
github.com/scttfrdmn/cargoship/pkg/aws/s3/adaptive.go:166.20,168.3 1 1
github.com/scttfrdmn/cargoship/pkg/aws/s3/adaptive.go:171.2,172.9 2 1
github.com/scttfrdmn/cargoship/pkg/aws/s3/adaptive.go:173.23,174.28 1 0
github.com/scttfrdmn/cargoship/pkg/aws/s3/adaptive.go:175.23,176.29 1 0
github.com/scttfrdmn/cargoship/pkg/aws/s3/adaptive.go:177.24,178.28 1 1
github.com/scttfrdmn/cargoship/pkg/aws/s3/adaptive.go:179.10,180.28 1 0
github.com/scttfrdmn/cargoship/pkg/aws/s3/adaptive.go:184.2,185.9 2 1
github.com/scttfrdmn/cargoship/pkg/aws/s3/adaptive.go:186.38,187.26 1 0
github.com/scttfrdmn/cargoship/pkg/aws/s3/adaptive.go:188.38,189.26 1 0
github.com/scttfrdmn/cargoship/pkg/aws/s3/adaptive.go:190.10,191.26 1 1
github.com/scttfrdmn/cargoship/pkg/aws/s3/adaptive.go:194.2,195.24 2 1
github.com/scttfrdmn/cargoship/pkg/aws/s3/adaptive.go:199.91,202.21 2 1
github.com/scttfrdmn/cargoship/pkg/aws/s3/adaptive.go:203.46,205.19 1 1
github.com/scttfrdmn/cargoship/pkg/aws/s3/adaptive.go:206.32,208.19 1 1
github.com/scttfrdmn/cargoship/pkg/aws/s3/adaptive.go:209.33,211.19 1 1
github.com/scttfrdmn/cargoship/pkg/aws/s3/adaptive.go:212.40,214.19 1 1
github.com/scttfrdmn/cargoship/pkg/aws/s3/adaptive.go:215.34,217.19 1 1
github.com/scttfrdmn/cargoship/pkg/aws/s3/adaptive.go:220.2,220.46 1 1
github.com/scttfrdmn/cargoship/pkg/aws/s3/adaptive.go:224.87,230.51 4 1
github.com/scttfrdmn/cargoship/pkg/aws/s3/adaptive.go:230.51,231.60 1 1
github.com/scttfrdmn/cargoship/pkg/aws/s3/adaptive.go:231.60,233.4 1 1
github.com/scttfrdmn/cargoship/pkg/aws/s3/adaptive.go:236.2,236.31 1 1
github.com/scttfrdmn/cargoship/pkg/aws/s3/adaptive.go:236.31,238.3 1 1
github.com/scttfrdmn/cargoship/pkg/aws/s3/adaptive.go:241.2,242.42 2 1
github.com/scttfrdmn/cargoship/pkg/aws/s3/adaptive.go:242.42,244.3 1 1
github.com/scttfrdmn/cargoship/pkg/aws/s3/adaptive.go:246.2,251.16 3 1
github.com/scttfrdmn/cargoship/pkg/aws/s3/adaptive.go:255.61,256.34 1 1
github.com/scttfrdmn/cargoship/pkg/aws/s3/adaptive.go:256.34,258.3 1 1
github.com/scttfrdmn/cargoship/pkg/aws/s3/adaptive.go:259.2,259.34 1 1
github.com/scttfrdmn/cargoship/pkg/aws/s3/adaptive.go:259.34,261.3 1 1
github.com/scttfrdmn/cargoship/pkg/aws/s3/adaptive.go:262.2,262.13 1 1
github.com/scttfrdmn/cargoship/pkg/aws/s3/adaptive.go:266.93,274.9 4 1
github.com/scttfrdmn/cargoship/pkg/aws/s3/adaptive.go:275.23,276.22 1 1
github.com/scttfrdmn/cargoship/pkg/aws/s3/adaptive.go:277.23,278.22 1 0
github.com/scttfrdmn/cargoship/pkg/aws/s3/adaptive.go:279.24,280.22 1 1
github.com/scttfrdmn/cargoship/pkg/aws/s3/adaptive.go:281.10,282.44 1 0
github.com/scttfrdmn/cargoship/pkg/aws/s3/adaptive.go:286.2,286.33 1 1
github.com/scttfrdmn/cargoship/pkg/aws/s3/adaptive.go:286.33,288.3 1 0
github.com/scttfrdmn/cargoship/pkg/aws/s3/adaptive.go:291.2,292.28 2 1
github.com/scttfrdmn/cargoship/pkg/aws/s3/adaptive.go:292.28,295.56 2 0
github.com/scttfrdmn/cargoship/pkg/aws/s3/adaptive.go:295.56,297.4 1 0
github.com/scttfrdmn/cargoship/pkg/aws/s3/adaptive.go:300.2,300.24 1 1
github.com/scttfrdmn/cargoship/pkg/aws/s3/adaptive.go:304.70,312.65 4 1
github.com/scttfrdmn/cargoship/pkg/aws/s3/adaptive.go:312.65,314.3 1 0
github.com/scttfrdmn/cargoship/pkg/aws/s3/adaptive.go:316.2,319.27 2 1
github.com/scttfrdmn/cargoship/pkg/aws/s3/adaptive.go:323.52,325.23 2 1
github.com/scttfrdmn/cargoship/pkg/aws/s3/adaptive.go:325.23,327.3 1 0
github.com/scttfrdmn/cargoship/pkg/aws/s3/adaptive.go:329.2,333.33 4 1
github.com/scttfrdmn/cargoship/pkg/aws/s3/adaptive.go:333.33,334.21 1 1
github.com/scttfrdmn/cargoship/pkg/aws/s3/adaptive.go:334.21,338.4 3 1
github.com/scttfrdmn/cargoship/pkg/aws/s3/adaptive.go:341.2,341.22 1 1
github.com/scttfrdmn/cargoship/pkg/aws/s3/adaptive.go:341.22,344.3 2 1
github.com/scttfrdmn/cargoship/pkg/aws/s3/adaptive.go:348.71,361.65 7 1
github.com/scttfrdmn/cargoship/pkg/aws/s3/adaptive.go:361.65,363.3 1 0
github.com/scttfrdmn/cargoship/pkg/aws/s3/adaptive.go:365.2,370.49 1 1
github.com/scttfrdmn/cargoship/pkg/aws/s3/adaptive.go:374.86,375.67 1 1
github.com/scttfrdmn/cargoship/pkg/aws/s3/adaptive.go:375.67,377.3 1 0
github.com/scttfrdmn/cargoship/pkg/aws/s3/adaptive.go:380.2,383.49 3 1
github.com/scttfrdmn/cargoship/pkg/aws/s3/adaptive.go:383.49,384.64 1 1
github.com/scttfrdmn/cargoship/pkg/aws/s3/adaptive.go:384.64,387.4 2 1
github.com/scttfrdmn/cargoship/pkg/aws/s3/adaptive.go:390.2,390.21 1 1
github.com/scttfrdmn/cargoship/pkg/aws/s3/adaptive.go:394.90,396.21 1 1
github.com/scttfrdmn/cargoship/pkg/aws/s3/adaptive.go:396.21,398.3 1 1
github.com/scttfrdmn/cargoship/pkg/aws/s3/adaptive.go:399.2,399.38 1 1
github.com/scttfrdmn/cargoship/pkg/aws/s3/adaptive.go:403.83,404.35 1 1
github.com/scttfrdmn/cargoship/pkg/aws/s3/adaptive.go:404.35,406.3 1 1
github.com/scttfrdmn/cargoship/pkg/aws/s3/adaptive.go:409.2,410.49 2 1
github.com/scttfrdmn/cargoship/pkg/aws/s3/adaptive.go:410.49,412.3 1 1
github.com/scttfrdmn/cargoship/pkg/aws/s3/adaptive.go:413.2,415.9 2 1
github.com/scttfrdmn/cargoship/pkg/aws/s3/adaptive.go:416.27,417.16 1 1
github.com/scttfrdmn/cargoship/pkg/aws/s3/adaptive.go:418.27,419.16 1 1
github.com/scttfrdmn/cargoship/pkg/aws/s3/adaptive.go:420.28,421.16 1 1
github.com/scttfrdmn/cargoship/pkg/aws/s3/adaptive.go:422.10,423.21 1 1
github.com/scttfrdmn/cargoship/pkg/aws/s3/adaptive.go:428.67,432.40 3 1
github.com/scttfrdmn/cargoship/pkg/aws/s3/adaptive.go:432.40,434.3 1 1
github.com/scttfrdmn/cargoship/pkg/aws/s3/adaptive.go:437.2,441.51 4 1
github.com/scttfrdmn/cargoship/pkg/aws/s3/adaptive.go:441.51,442.23 1 1
github.com/scttfrdmn/cargoship/pkg/aws/s3/adaptive.go:442.23,443.12 1 1
github.com/scttfrdmn/cargoship/pkg/aws/s3/adaptive.go:447.3,451.24 4 1
github.com/scttfrdmn/cargoship/pkg/aws/s3/adaptive.go:454.2,454.21 1 1
github.com/scttfrdmn/cargoship/pkg/aws/s3/adaptive.go:454.21,456.3 1 1
github.com/scttfrdmn/cargoship/pkg/aws/s3/adaptive.go:458.2,458.10 1 0
github.com/scttfrdmn/cargoship/pkg/aws/s3/adaptive.go:462.57,465.9 2 1
github.com/scttfrdmn/cargoship/pkg/aws/s3/adaptive.go:466.23,467.16 1 1
github.com/scttfrdmn/cargoship/pkg/aws/s3/adaptive.go:468.23,469.16 1 1
github.com/scttfrdmn/cargoship/pkg/aws/s3/adaptive.go:470.24,471.16 1 1
github.com/scttfrdmn/cargoship/pkg/aws/s3/adaptive.go:472.10,473.21 1 1
github.com/scttfrdmn/cargoship/pkg/aws/s3/adaptive.go:478.57,482.2 3 1
github.com/scttfrdmn/cargoship/pkg/aws/s3/adaptive.go:485.61,489.2 3 1
github.com/scttfrdmn/cargoship/pkg/aws/s3/adaptive.go:492.106,504.2 3 1
github.com/scttfrdmn/cargoship/pkg/aws/s3/adaptive.go:517.109,519.20 2 1
github.com/scttfrdmn/cargoship/pkg/aws/s3/adaptive.go:519.20,521.3 1 1
github.com/scttfrdmn/cargoship/pkg/aws/s3/adaptive.go:524.2,529.63 3 1
github.com/scttfrdmn/cargoship/pkg/aws/s3/adaptive.go:533.58,542.2 5 1
github.com/scttfrdmn/cargoship/pkg/aws/s3/adaptive.go:545.127,555.2 2 1
github.com/scttfrdmn/cargoship/pkg/aws/s3/adaptive.go:558.24,559.11 1 1
github.com/scttfrdmn/cargoship/pkg/aws/s3/adaptive.go:559.11,561.3 1 1
github.com/scttfrdmn/cargoship/pkg/aws/s3/adaptive.go:562.2,562.10 1 1
github.com/scttfrdmn/cargoship/pkg/aws/s3/parallel.go:69.93,70.29 1 1
github.com/scttfrdmn/cargoship/pkg/aws/s3/parallel.go:70.29,72.3 1 1
github.com/scttfrdmn/cargoship/pkg/aws/s3/parallel.go:73.2,73.38 1 1
github.com/scttfrdmn/cargoship/pkg/aws/s3/parallel.go:73.38,75.3 1 1
github.com/scttfrdmn/cargoship/pkg/aws/s3/parallel.go:76.2,76.32 1 1
github.com/scttfrdmn/cargoship/pkg/aws/s3/parallel.go:76.32,78.3 1 1
github.com/scttfrdmn/cargoship/pkg/aws/s3/parallel.go:79.2,79.32 1 1
github.com/scttfrdmn/cargoship/pkg/aws/s3/parallel.go:79.32,81.3 1 1
github.com/scttfrdmn/cargoship/pkg/aws/s3/parallel.go:83.2,90.3 1 1
github.com/scttfrdmn/cargoship/pkg/aws/s3/parallel.go:94.115,95.24 1 0
github.com/scttfrdmn/cargoship/pkg/aws/s3/parallel.go:95.24,97.3 1 0
github.com/scttfrdmn/cargoship/pkg/aws/s3/parallel.go:99.2,108.46 4 0
github.com/scttfrdmn/cargoship/pkg/aws/s3/parallel.go:112.72,113.32 1 1
github.com/scttfrdmn/cargoship/pkg/aws/s3/parallel.go:114.16,115.39 1 1
github.com/scttfrdmn/cargoship/pkg/aws/s3/parallel.go:115.39,117.4 1 1
github.com/scttfrdmn/cargoship/pkg/aws/s3/parallel.go:118.3,118.14 1 0
github.com/scttfrdmn/cargoship/pkg/aws/s3/parallel.go:119.14,120.34 1 1
github.com/scttfrdmn/cargoship/pkg/aws/s3/parallel.go:121.20,122.40 1 1
github.com/scttfrdmn/cargoship/pkg/aws/s3/parallel.go:123.14,124.14 1 1
github.com/scttfrdmn/cargoship/pkg/aws/s3/parallel.go:125.10,126.34 1 1
github.com/scttfrdmn/cargoship/pkg/aws/s3/parallel.go:131.60,135.44 3 1
github.com/scttfrdmn/cargoship/pkg/aws/s3/parallel.go:135.44,140.3 2 1
github.com/scttfrdmn/cargoship/pkg/aws/s3/parallel.go:142.2,142.17 1 1
github.com/scttfrdmn/cargoship/pkg/aws/s3/parallel.go:146.66,149.44 2 1
github.com/scttfrdmn/cargoship/pkg/aws/s3/parallel.go:149.44,151.3 1 1
github.com/scttfrdmn/cargoship/pkg/aws/s3/parallel.go:153.2,153.17 1 1
github.com/scttfrdmn/cargoship/pkg/aws/s3/parallel.go:157.60,163.44 3 1
github.com/scttfrdmn/cargoship/pkg/aws/s3/parallel.go:163.44,168.3 3 1
github.com/scttfrdmn/cargoship/pkg/aws/s3/parallel.go:170.2,170.17 1 1
github.com/scttfrdmn/cargoship/pkg/aws/s3/parallel.go:174.100,178.34 2 1
github.com/scttfrdmn/cargoship/pkg/aws/s3/parallel.go:178.34,184.3 1 1
github.com/scttfrdmn/cargoship/pkg/aws/s3/parallel.go:187.2,187.32 1 1
github.com/scttfrdmn/cargoship/pkg/aws/s3/parallel.go:188.21,189.36 1 1
github.com/scttfrdmn/cargoship/pkg/aws/s3/parallel.go:189.36,192.4 2 1
github.com/scttfrdmn/cargoship/pkg/aws/s3/parallel.go:194.20,195.36 1 1
github.com/scttfrdmn/cargoship/pkg/aws/s3/parallel.go:195.36,199.4 3 1
github.com/scttfrdmn/cargoship/pkg/aws/s3/parallel.go:201.22,202.14 1 1
github.com/scttfrdmn/cargoship/pkg/aws/s3/parallel.go:203.10,205.40 1 1
github.com/scttfrdmn/cargoship/pkg/aws/s3/parallel.go:209.2,209.25 1 1
github.com/scttfrdmn/cargoship/pkg/aws/s3/parallel.go:209.25,211.47 2 1
github.com/scttfrdmn/cargoship/pkg/aws/s3/parallel.go:211.47,213.4 1 1
github.com/scttfrdmn/cargoship/pkg/aws/s3/parallel.go:214.3,214.55 1 1
github.com/scttfrdmn/cargoship/pkg/aws/s3/parallel.go:217.2,217.16 1 1
github.com/scttfrdmn/cargoship/pkg/aws/s3/parallel.go:221.88,225.35 2 1
github.com/scttfrdmn/cargoship/pkg/aws/s3/parallel.go:225.35,230.35 3 1
github.com/scttfrdmn/cargoship/pkg/aws/s3/parallel.go:230.35,231.22 1 1
github.com/scttfrdmn/cargoship/pkg/aws/s3/parallel.go:231.22,234.5 2 1
github.com/scttfrdmn/cargoship/pkg/aws/s3/parallel.go:238.3,239.37 2 1
github.com/scttfrdmn/cargoship/pkg/aws/s3/parallel.go:244.62,248.2 3 1
github.com/scttfrdmn/cargoship/pkg/aws/s3/parallel.go:251.125,264.32 4 0
github.com/scttfrdmn/cargoship/pkg/aws/s3/parallel.go:264.32,267.31 2 0
github.com/scttfrdmn/cargoship/pkg/aws/s3/parallel.go:267.31,268.12 1 0
github.com/scttfrdmn/cargoship/pkg/aws/s3/parallel.go:271.3,273.49 2 0
github.com/scttfrdmn/cargoship/pkg/aws/s3/parallel.go:273.49,277.27 3 0
github.com/scttfrdmn/cargoship/pkg/aws/s3/parallel.go:277.27,282.5 4 0
github.com/scttfrdmn/cargoship/pkg/aws/s3/parallel.go:283.4,285.14 2 0
github.com/scttfrdmn/cargoship/pkg/aws/s3/parallel.go:290.2,290.42 1 0
github.com/scttfrdmn/cargoship/pkg/aws/s3/parallel.go:290.42,294.3 3 0
github.com/scttfrdmn/cargoship/pkg/aws/s3/parallel.go:296.2,305.20 4 0
github.com/scttfrdmn/cargoship/pkg/aws/s3/parallel.go:309.115,326.41 4 0
github.com/scttfrdmn/cargoship/pkg/aws/s3/parallel.go:326.41,332.50 3 0
github.com/scttfrdmn/cargoship/pkg/aws/s3/parallel.go:332.50,344.18 7 0
github.com/scttfrdmn/cargoship/pkg/aws/s3/parallel.go:344.18,347.5 2 0
github.com/scttfrdmn/cargoship/pkg/aws/s3/parallel.go:347.10,352.5 4 0
github.com/scttfrdmn/cargoship/pkg/aws/s3/parallel.go:353.4,355.18 2 0
github.com/scttfrdmn/cargoship/pkg/aws/s3/parallel.go:355.18,358.5 2 0
github.com/scttfrdmn/cargoship/pkg/aws/s3/parallel.go:360.4,361.14 2 0
github.com/scttfrdmn/cargoship/pkg/aws/s3/parallel.go:366.2,371.41 3 0
github.com/scttfrdmn/cargoship/pkg/aws/s3/parallel.go:371.41,374.3 2 0
github.com/scttfrdmn/cargoship/pkg/aws/s3/parallel.go:376.2,378.26 2 0
github.com/scttfrdmn/cargoship/pkg/aws/s3/parallel.go:405.51,409.38 2 1
github.com/scttfrdmn/cargoship/pkg/aws/s3/parallel.go:409.38,411.3 1 1
github.com/scttfrdmn/cargoship/pkg/aws/s3/parallel.go:413.2,415.30 2 1
github.com/scttfrdmn/cargoship/pkg/aws/s3/parallel.go:415.30,418.3 2 1
github.com/scttfrdmn/cargoship/pkg/aws/s3/parallel.go:422.67,426.9 2 1
github.com/scttfrdmn/cargoship/pkg/aws/s3/parallel.go:427.18,428.11 1 1
github.com/scttfrdmn/cargoship/pkg/aws/s3/parallel.go:429.19,430.11 1 1
github.com/scttfrdmn/cargoship/pkg/aws/s3/parallel.go:431.20,432.11 1 1
github.com/scttfrdmn/cargoship/pkg/aws/s3/parallel.go:433.21,434.11 1 1
github.com/scttfrdmn/cargoship/pkg/aws/s3/parallel.go:435.10,436.12 1 1
github.com/scttfrdmn/cargoship/pkg/aws/s3/parallel.go:441.95,446.35 4 1
github.com/scttfrdmn/cargoship/pkg/aws/s3/parallel.go:446.35,448.29 2 1
github.com/scttfrdmn/cargoship/pkg/aws/s3/parallel.go:448.29,450.4 1 1
github.com/scttfrdmn/cargoship/pkg/aws/s3/parallel.go:451.3,451.29 1 1
github.com/scttfrdmn/cargoship/pkg/aws/s3/parallel.go:451.29,453.4 1 1
github.com/scttfrdmn/cargoship/pkg/aws/s3/parallel.go:456.2,465.3 2 1
github.com/scttfrdmn/cargoship/pkg/aws/s3/parallel.go:479.91,482.9 2 1
github.com/scttfrdmn/cargoship/pkg/aws/s3/parallel.go:483.26,484.22 1 1
github.com/scttfrdmn/cargoship/pkg/aws/s3/parallel.go:485.20,486.16 1 1
github.com/scttfrdmn/cargoship/pkg/aws/s3/parallel.go:487.10,488.16 1 1
github.com/scttfrdmn/cargoship/pkg/aws/s3/parallel.go:493.24,494.11 1 1
github.com/scttfrdmn/cargoship/pkg/aws/s3/parallel.go:494.11,496.3 1 1
github.com/scttfrdmn/cargoship/pkg/aws/s3/parallel.go:497.2,497.10 1 1
github.com/scttfrdmn/cargoship/pkg/aws/s3/transporter.go:52.80,53.68 1 1
github.com/scttfrdmn/cargoship/pkg/aws/s3/transporter.go:53.68,58.3 4 1
github.com/scttfrdmn/cargoship/pkg/aws/s3/transporter.go:60.2,64.3 1 1
github.com/scttfrdmn/cargoship/pkg/aws/s3/transporter.go:68.91,84.29 4 0
github.com/scttfrdmn/cargoship/pkg/aws/s3/transporter.go:84.29,87.3 2 0
github.com/scttfrdmn/cargoship/pkg/aws/s3/transporter.go:90.2,91.16 2 0
github.com/scttfrdmn/cargoship/pkg/aws/s3/transporter.go:91.16,93.3 1 0
github.com/scttfrdmn/cargoship/pkg/aws/s3/transporter.go:95.2,106.8 3 0
github.com/scttfrdmn/cargoship/pkg/aws/s3/transporter.go:110.80,112.63 1 1
github.com/scttfrdmn/cargoship/pkg/aws/s3/transporter.go:112.63,114.3 1 1
github.com/scttfrdmn/cargoship/pkg/aws/s3/transporter.go:117.2,117.71 1 1
github.com/scttfrdmn/cargoship/pkg/aws/s3/transporter.go:117.71,119.3 1 1
github.com/scttfrdmn/cargoship/pkg/aws/s3/transporter.go:122.2,122.67 1 1
github.com/scttfrdmn/cargoship/pkg/aws/s3/transporter.go:122.67,124.3 1 1
github.com/scttfrdmn/cargoship/pkg/aws/s3/transporter.go:127.2,127.43 1 1
github.com/scttfrdmn/cargoship/pkg/aws/s3/transporter.go:127.43,129.3 1 1
github.com/scttfrdmn/cargoship/pkg/aws/s3/transporter.go:132.2,132.71 1 1
github.com/scttfrdmn/cargoship/pkg/aws/s3/transporter.go:132.71,134.3 1 1
github.com/scttfrdmn/cargoship/pkg/aws/s3/transporter.go:137.2,137.35 1 1
github.com/scttfrdmn/cargoship/pkg/aws/s3/transporter.go:141.72,145.37 2 1
github.com/scttfrdmn/cargoship/pkg/aws/s3/transporter.go:145.37,147.3 1 1
github.com/scttfrdmn/cargoship/pkg/aws/s3/transporter.go:150.2,155.33 5 1
github.com/scttfrdmn/cargoship/pkg/aws/s3/transporter.go:155.33,157.3 1 1
github.com/scttfrdmn/cargoship/pkg/aws/s3/transporter.go:159.2,159.31 1 1
github.com/scttfrdmn/cargoship/pkg/aws/s3/transporter.go:159.31,161.3 1 1
github.com/scttfrdmn/cargoship/pkg/aws/s3/transporter.go:163.2,163.17 1 1
github.com/scttfrdmn/cargoship/pkg/aws/s3/transporter.go:167.77,173.16 2 0
github.com/scttfrdmn/cargoship/pkg/aws/s3/transporter.go:173.16,176.32 2 0
github.com/scttfrdmn/cargoship/pkg/aws/s3/transporter.go:176.32,178.4 1 0
github.com/scttfrdmn/cargoship/pkg/aws/s3/transporter.go:179.3,179.20 1 0
github.com/scttfrdmn/cargoship/pkg/aws/s3/transporter.go:182.2,182.18 1 0
github.com/scttfrdmn/cargoship/pkg/aws/s3/transporter.go:186.100,191.2 1 0
github.com/scttfrdmn/cargoship/pkg/errors/handler.go:42.41,43.22 1 1
github.com/scttfrdmn/cargoship/pkg/errors/handler.go:43.22,45.3 1 1
github.com/scttfrdmn/cargoship/pkg/errors/handler.go:46.2,46.74 1 1
github.com/scttfrdmn/cargoship/pkg/errors/handler.go:50.41,52.2 1 1
github.com/scttfrdmn/cargoship/pkg/errors/handler.go:55.45,57.2 1 1
github.com/scttfrdmn/cargoship/pkg/errors/handler.go:69.57,77.2 1 1
github.com/scttfrdmn/cargoship/pkg/errors/handler.go:80.105,85.2 4 1
github.com/scttfrdmn/cargoship/pkg/errors/handler.go:88.89,89.16 1 1
github.com/scttfrdmn/cargoship/pkg/errors/handler.go:89.16,91.3 1 1
github.com/scttfrdmn/cargoship/pkg/errors/handler.go:94.2,94.44 1 1
github.com/scttfrdmn/cargoship/pkg/errors/handler.go:94.44,96.3 1 1
github.com/scttfrdmn/cargoship/pkg/errors/handler.go:98.2,109.3 2 1
github.com/scttfrdmn/cargoship/pkg/errors/handler.go:113.69,118.29 3 1
github.com/scttfrdmn/cargoship/pkg/errors/handler.go:118.29,120.3 1 1
github.com/scttfrdmn/cargoship/pkg/errors/handler.go:123.2,124.31 2 1
github.com/scttfrdmn/cargoship/pkg/errors/handler.go:124.31,126.3 1 1
github.com/scttfrdmn/cargoship/pkg/errors/handler.go:128.2,129.35 2 1
github.com/scttfrdmn/cargoship/pkg/errors/handler.go:129.35,131.3 1 1
github.com/scttfrdmn/cargoship/pkg/errors/handler.go:137.2,140.35 1 1
github.com/scttfrdmn/cargoship/pkg/errors/handler.go:140.35,142.3 1 1
github.com/scttfrdmn/cargoship/pkg/errors/handler.go:145.2,148.42 1 1
github.com/scttfrdmn/cargoship/pkg/errors/handler.go:148.42,150.3 1 1
github.com/scttfrdmn/cargoship/pkg/errors/handler.go:153.2,156.41 1 1
github.com/scttfrdmn/cargoship/pkg/errors/handler.go:156.41,158.3 1 1
github.com/scttfrdmn/cargoship/pkg/errors/handler.go:161.2,163.41 1 1
github.com/scttfrdmn/cargoship/pkg/errors/handler.go:163.41,165.3 1 1
github.com/scttfrdmn/cargoship/pkg/errors/handler.go:167.2,167.31 1 1
github.com/scttfrdmn/cargoship/pkg/errors/handler.go:171.92,174.14 2 1
github.com/scttfrdmn/cargoship/pkg/errors/handler.go:175.97,176.35 1 1
github.com/scttfrdmn/cargoship/pkg/errors/handler.go:177.60,178.36 1 1
github.com/scttfrdmn/cargoship/pkg/errors/handler.go:179.72,180.36 1 1
github.com/scttfrdmn/cargoship/pkg/errors/handler.go:181.63,182.32 1 1
github.com/scttfrdmn/cargoship/pkg/errors/handler.go:183.10,186.31 1 1
github.com/scttfrdmn/cargoship/pkg/errors/handler.go:191.103,196.64 4 1
github.com/scttfrdmn/cargoship/pkg/errors/handler.go:196.64,198.17 2 1
github.com/scttfrdmn/cargoship/pkg/errors/handler.go:198.17,200.4 1 1
github.com/scttfrdmn/cargoship/pkg/errors/handler.go:202.3,210.32 3 1
github.com/scttfrdmn/cargoship/pkg/errors/handler.go:210.32,212.4 1 1
github.com/scttfrdmn/cargoship/pkg/errors/handler.go:214.3,214.42 1 1
github.com/scttfrdmn/cargoship/pkg/errors/handler.go:219.61,220.16 1 1
github.com/scttfrdmn/cargoship/pkg/errors/handler.go:220.16,221.31 1 1
github.com/scttfrdmn/cargoship/pkg/errors/handler.go:221.31,223.25 2 1
github.com/scttfrdmn/cargoship/pkg/errors/handler.go:224.15,225.12 1 1
github.com/scttfrdmn/cargoship/pkg/errors/handler.go:226.16,227.37 1 1
github.com/scttfrdmn/cargoship/pkg/errors/handler.go:228.12,229.37 1 1
github.com/scttfrdmn/cargoship/pkg/errors/handler.go:232.4,236.42 2 1
github.com/scttfrdmn/cargoship/pkg/errors/handler.go:242.109,246.31 2 1
github.com/scttfrdmn/cargoship/pkg/errors/handler.go:246.31,248.3 1 1
github.com/scttfrdmn/cargoship/pkg/errors/handler.go:249.2,249.33 1 1
github.com/scttfrdmn/cargoship/pkg/errors/handler.go:249.33,251.3 1 1
github.com/scttfrdmn/cargoship/pkg/errors/handler.go:254.2,255.25 2 1
github.com/scttfrdmn/cargoship/pkg/errors/handler.go:256.45,257.25 1 1
github.com/scttfrdmn/cargoship/pkg/errors/handler.go:258.27,259.25 1 0
github.com/scttfrdmn/cargoship/pkg/errors/handler.go:262.2,268.39 1 1
github.com/scttfrdmn/cargoship/pkg/errors/handler.go:272.39,273.44 1 1
github.com/scttfrdmn/cargoship/pkg/errors/handler.go:273.44,275.3 1 1
github.com/scttfrdmn/cargoship/pkg/errors/handler.go:278.2,282.50 2 1
github.com/scttfrdmn/cargoship/pkg/errors/handler.go:286.40,287.44 1 1
github.com/scttfrdmn/cargoship/pkg/errors/handler.go:287.44,289.3 1 1
github.com/scttfrdmn/cargoship/pkg/errors/handler.go:290.2,290.25 1 1
github.com/scttfrdmn/cargoship/pkg/errors/handler.go:302.71,309.25 3 1
github.com/scttfrdmn/cargoship/pkg/errors/handler.go:310.27,317.113 2 1
github.com/scttfrdmn/cargoship/pkg/errors/handler.go:319.24,326.82 2 1
github.com/scttfrdmn/cargoship/pkg/errors/handler.go:328.27,335.110 2 1
github.com/scttfrdmn/cargoship/pkg/errors/handler.go:337.27,344.83 2 1
github.com/scttfrdmn/cargoship/pkg/errors/handler.go:346.23,354.59 3 1
github.com/scttfrdmn/cargoship/pkg/errors/handler.go:356.10,364.74 3 1
github.com/scttfrdmn/cargoship/pkg/errors/handler.go:367.2,367.16 1 1
github.com/scttfrdmn/cargoship/pkg/errors/handler.go:382.38,387.2 1 1
github.com/scttfrdmn/cargoship/pkg/errors/handler.go:390.57,395.2 4 1
github.com/scttfrdmn/cargoship/pkg/compression/compressor.go:72.75,80.19 2 1
github.com/scttfrdmn/cargoship/pkg/compression/compressor.go:81.21,82.20 1 1
github.com/scttfrdmn/cargoship/pkg/compression/compressor.go:83.21,84.20 1 1
github.com/scttfrdmn/cargoship/pkg/compression/compressor.go:85.21,86.43 1 1
github.com/scttfrdmn/cargoship/pkg/compression/compressor.go:86.43,88.4 1 0
github.com/scttfrdmn/cargoship/pkg/compression/compressor.go:89.19,90.18 1 1
github.com/scttfrdmn/cargoship/pkg/compression/compressor.go:91.20,92.19 1 1
github.com/scttfrdmn/cargoship/pkg/compression/compressor.go:93.21,93.21 0 1
github.com/scttfrdmn/cargoship/pkg/compression/compressor.go:95.10,96.77 1 1
github.com/scttfrdmn/cargoship/pkg/compression/compressor.go:99.2,99.15 1 1
github.com/scttfrdmn/cargoship/pkg/compression/compressor.go:103.86,110.21 5 1
github.com/scttfrdmn/cargoship/pkg/compression/compressor.go:111.21,113.17 2 1
github.com/scttfrdmn/cargoship/pkg/compression/compressor.go:113.17,115.4 1 0
github.com/scttfrdmn/cargoship/pkg/compression/compressor.go:116.21,117.49 1 1
github.com/scttfrdmn/cargoship/pkg/compression/compressor.go:118.21,119.49 1 1
github.com/scttfrdmn/cargoship/pkg/compression/compressor.go:120.21,121.49 1 1
github.com/scttfrdmn/cargoship/pkg/compression/compressor.go:122.19,123.47 1 1
github.com/scttfrdmn/cargoship/pkg/compression/compressor.go:124.20,125.48 1 1
github.com/scttfrdmn/cargoship/pkg/compression/compressor.go:126.10,127.84 1 1
github.com/scttfrdmn/cargoship/pkg/compression/compressor.go:130.2,130.16 1 1
github.com/scttfrdmn/cargoship/pkg/compression/compressor.go:130.16,132.3 1 1
github.com/scttfrdmn/cargoship/pkg/compression/compressor.go:134.2,147.50 4 1
github.com/scttfrdmn/cargoship/pkg/compression/compressor.go:151.68,155.21 3 1
github.com/scttfrdmn/cargoship/pkg/compression/compressor.go:156.21,157.31 1 1
github.com/scttfrdmn/cargoship/pkg/compression/compressor.go:158.21,159.37 1 1
github.com/scttfrdmn/cargoship/pkg/compression/compressor.go:160.21,161.37 1 1
github.com/scttfrdmn/cargoship/pkg/compression/compressor.go:162.21,163.37 1 1
github.com/scttfrdmn/cargoship/pkg/compression/compressor.go:164.19,165.35 1 1
github.com/scttfrdmn/cargoship/pkg/compression/compressor.go:166.20,167.36 1 1
github.com/scttfrdmn/cargoship/pkg/compression/compressor.go:168.10,169.79 1 1
github.com/scttfrdmn/cargoship/pkg/compression/compressor.go:172.2,172.16 1 1
github.com/scttfrdmn/cargoship/pkg/compression/compressor.go:172.16,174.3 1 0
github.com/scttfrdmn/cargoship/pkg/compression/compressor.go:176.2,176.42 1 1
github.com/scttfrdmn/cargoship/pkg/compression/compressor.go:180.43,189.2 1 1
github.com/scttfrdmn/cargoship/pkg/compression/compressor.go:192.88,195.16 2 1
github.com/scttfrdmn/cargoship/pkg/compression/compressor.go:195.16,197.3 1 1
github.com/scttfrdmn/cargoship/pkg/compression/compressor.go:199.2,204.33 4 1
github.com/scttfrdmn/cargoship/pkg/compression/compressor.go:204.33,205.32 1 1
github.com/scttfrdmn/cargoship/pkg/compression/compressor.go:205.32,207.51 1 1
github.com/scttfrdmn/cargoship/pkg/compression/compressor.go:207.51,208.13 1 1
github.com/scttfrdmn/cargoship/pkg/compression/compressor.go:211.4,212.18 2 1
github.com/scttfrdmn/cargoship/pkg/compression/compressor.go:212.18,213.13 1 0
github.com/scttfrdmn/cargoship/pkg/compression/compressor.go:216.4,218.18 3 1
github.com/scttfrdmn/cargoship/pkg/compression/compressor.go:218.18,219.13 1 0
github.com/scttfrdmn/cargoship/pkg/compression/compressor.go:222.4,222.38 1 1
github.com/scttfrdmn/cargoship/pkg/compression/compressor.go:226.2,226.21 1 1
github.com/scttfrdmn/cargoship/pkg/compression/compressor.go:230.69,231.18 1 1
github.com/scttfrdmn/cargoship/pkg/compression/compressor.go:232.15,233.22 1 1
github.com/scttfrdmn/cargoship/pkg/compression/compressor.go:234.14,235.23 1 1
github.com/scttfrdmn/cargoship/pkg/compression/compressor.go:236.18,237.21 1 1
github.com/scttfrdmn/cargoship/pkg/compression/compressor.go:238.10,240.19 1 1
github.com/scttfrdmn/cargoship/pkg/compression/compressor.go:241.44,242.24 1 1
github.com/scttfrdmn/cargoship/pkg/compression/compressor.go:243.34,244.24 1 1
github.com/scttfrdmn/cargoship/pkg/compression/compressor.go:245.31,246.22 1 1
github.com/scttfrdmn/cargoship/pkg/compression/compressor.go:247.29,248.24 1 1
github.com/scttfrdmn/cargoship/pkg/compression/compressor.go:249.11,250.24 1 1
github.com/scttfrdmn/cargoship/pkg/compression/compressor.go:256.38,258.27 1 1
github.com/scttfrdmn/cargoship/pkg/compression/compressor.go:258.27,261.4 2 1
github.com/scttfrdmn/cargoship/pkg/compression/compressor.go:265.2,265.24 1 1
github.com/scttfrdmn/cargoship/pkg/compression/compressor.go:269.38,271.27 1 1
github.com/scttfrdmn/cargoship/pkg/compression/compressor.go:271.27,274.4 2 1
github.com/scttfrdmn/cargoship/pkg/compression/compressor.go:278.2,278.24 1 1
github.com/scttfrdmn/cargoship/pkg/compression/compressor.go:282.44,285.17 2 1
github.com/scttfrdmn/cargoship/pkg/compression/compressor.go:286.20,287.32 1 1
github.com/scttfrdmn/cargoship/pkg/compression/compressor.go:288.17,289.32 1 1
github.com/scttfrdmn/cargoship/pkg/compression/compressor.go:290.20,291.32 1 1
github.com/scttfrdmn/cargoship/pkg/compression/compressor.go:292.19,293.42 1 1
github.com/scttfrdmn/cargoship/pkg/compression/compressor.go:294.17,295.40 1 1
github.com/scttfrdmn/cargoship/pkg/compression/compressor.go:296.10,297.32 1 0
github.com/scttfrdmn/cargoship/pkg/compression/compressor.go:300.2,301.16 2 1
github.com/scttfrdmn/cargoship/pkg/compression/compressor.go:301.16,303.3 1 0
github.com/scttfrdmn/cargoship/pkg/compression/compressor.go:304.2,307.16 3 1
github.com/scttfrdmn/cargoship/pkg/compression/compressor.go:307.16,309.3 1 0
github.com/scttfrdmn/cargoship/pkg/compression/compressor.go:310.2,312.12 2 1
github.com/scttfrdmn/cargoship/pkg/compression/compressor.go:316.36,318.27 1 1
github.com/scttfrdmn/cargoship/pkg/compression/compressor.go:318.27,320.4 1 1
github.com/scttfrdmn/cargoship/pkg/compression/compressor.go:323.2,324.27 1 1
github.com/scttfrdmn/cargoship/pkg/compression/compressor.go:324.27,326.4 1 1
github.com/scttfrdmn/cargoship/pkg/compression/compressor.go:331.37,333.27 1 1
github.com/scttfrdmn/cargoship/pkg/compression/compressor.go:333.27,335.4 1 1
github.com/scttfrdmn/cargoship/pkg/compression/compressor.go:338.2,339.27 1 1
github.com/scttfrdmn/cargoship/pkg/compression/compressor.go:339.27,341.4 1 1
github.com/scttfrdmn/cargoship/pkg/compression/compressor.go:346.80,351.15 4 1
github.com/scttfrdmn/cargoship/pkg/compression/compressor.go:351.15,351.32 1 1
github.com/scttfrdmn/cargoship/pkg/compression/compressor.go:353.2,354.16 2 1
github.com/scttfrdmn/cargoship/pkg/compression/compressor.go:354.16,356.3 1 1
github.com/scttfrdmn/cargoship/pkg/compression/compressor.go:358.2,358.27 1 1
github.com/scttfrdmn/cargoship/pkg/compression/compressor.go:361.73,363.16 2 1
github.com/scttfrdmn/cargoship/pkg/compression/compressor.go:363.16,365.3 1 0
github.com/scttfrdmn/cargoship/pkg/compression/compressor.go:366.2,366.15 1 1
github.com/scttfrdmn/cargoship/pkg/compression/compressor.go:366.15,366.32 1 1
github.com/scttfrdmn/cargoship/pkg/compression/compressor.go:368.2,369.12 2 1
github.com/scttfrdmn/cargoship/pkg/compression/compressor.go:372.80,377.15 4 1
github.com/scttfrdmn/cargoship/pkg/compression/compressor.go:377.15,377.32 1 1
github.com/scttfrdmn/cargoship/pkg/compression/compressor.go:379.2,380.16 2 1
github.com/scttfrdmn/cargoship/pkg/compression/compressor.go:380.16,382.3 1 0
github.com/scttfrdmn/cargoship/pkg/compression/compressor.go:384.2,384.27 1 1
github.com/scttfrdmn/cargoship/pkg/compression/compressor.go:387.73,389.16 2 1
github.com/scttfrdmn/cargoship/pkg/compression/compressor.go:389.16,391.3 1 0
github.com/scttfrdmn/cargoship/pkg/compression/compressor.go:392.2,392.15 1 1
github.com/scttfrdmn/cargoship/pkg/compression/compressor.go:392.15,392.32 1 1
github.com/scttfrdmn/cargoship/pkg/compression/compressor.go:394.2,395.12 2 1
github.com/scttfrdmn/cargoship/pkg/compression/compressor.go:398.80,402.16 3 1
github.com/scttfrdmn/cargoship/pkg/compression/compressor.go:402.16,404.3 1 0
github.com/scttfrdmn/cargoship/pkg/compression/compressor.go:406.2,406.39 1 1
github.com/scttfrdmn/cargoship/pkg/compression/compressor.go:409.73,410.49 1 1
github.com/scttfrdmn/cargoship/pkg/compression/compressor.go:410.49,412.3 1 0
github.com/scttfrdmn/cargoship/pkg/compression/compressor.go:414.2,415.12 2 1
github.com/scttfrdmn/cargoship/pkg/compression/compressor.go:418.78,423.15 4 1
github.com/scttfrdmn/cargoship/pkg/compression/compressor.go:423.15,423.32 1 1
github.com/scttfrdmn/cargoship/pkg/compression/compressor.go:425.2,426.16 2 1
github.com/scttfrdmn/cargoship/pkg/compression/compressor.go:426.16,428.3 1 0
github.com/scttfrdmn/cargoship/pkg/compression/compressor.go:430.2,430.27 1 1
github.com/scttfrdmn/cargoship/pkg/compression/compressor.go:433.71,441.2 5 1
github.com/scttfrdmn/cargoship/pkg/compression/compressor.go:443.79,448.15 4 1
github.com/scttfrdmn/cargoship/pkg/compression/compressor.go:448.15,448.32 1 1
github.com/scttfrdmn/cargoship/pkg/compression/compressor.go:450.2,451.16 2 1
github.com/scttfrdmn/cargoship/pkg/compression/compressor.go:451.16,453.3 1 0
github.com/scttfrdmn/cargoship/pkg/compression/compressor.go:455.2,455.27 1 1
github.com/scttfrdmn/cargoship/pkg/compression/compressor.go:458.72,466.2 5 1
github.com/scttfrdmn/cargoship/pkg/aws/pricing/service.go:42.48,48.2 1 1
github.com/scttfrdmn/cargoship/pkg/aws/pricing/service.go:51.86,53.47 2 1
github.com/scttfrdmn/cargoship/pkg/aws/pricing/service.go:53.47,54.51 1 1
github.com/scttfrdmn/cargoship/pkg/aws/pricing/service.go:54.51,57.4 2 1
github.com/scttfrdmn/cargoship/pkg/aws/pricing/service.go:59.2,63.16 3 1
github.com/scttfrdmn/cargoship/pkg/aws/pricing/service.go:63.16,66.48 2 1
github.com/scttfrdmn/cargoship/pkg/aws/pricing/service.go:66.48,69.4 2 1
github.com/scttfrdmn/cargoship/pkg/aws/pricing/service.go:70.3,71.18 2 1
github.com/scttfrdmn/cargoship/pkg/aws/pricing/service.go:75.2,79.23 4 1
github.com/scttfrdmn/cargoship/pkg/aws/pricing/service.go:83.92,92.72 2 1
github.com/scttfrdmn/cargoship/pkg/aws/pricing/service.go:92.72,94.3 1 1
github.com/scttfrdmn/cargoship/pkg/aws/pricing/service.go:97.2,97.75 1 1
github.com/scttfrdmn/cargoship/pkg/aws/pricing/service.go:97.75,99.3 1 0
github.com/scttfrdmn/cargoship/pkg/aws/pricing/service.go:102.2,102.70 1 1
github.com/scttfrdmn/cargoship/pkg/aws/pricing/service.go:102.70,104.3 1 0
github.com/scttfrdmn/cargoship/pkg/aws/pricing/service.go:106.2,106.23 1 1
github.com/scttfrdmn/cargoship/pkg/aws/pricing/service.go:110.105,130.16 3 1
github.com/scttfrdmn/cargoship/pkg/aws/pricing/service.go:130.16,134.3 2 1
github.com/scttfrdmn/cargoship/pkg/aws/pricing/service.go:137.2,137.43 1 1
github.com/scttfrdmn/cargoship/pkg/aws/pricing/service.go:137.43,138.69 1 1
github.com/scttfrdmn/cargoship/pkg/aws/pricing/service.go:138.69,139.12 1 1
github.com/scttfrdmn/cargoship/pkg/aws/pricing/service.go:144.2,144.38 1 1
github.com/scttfrdmn/cargoship/pkg/aws/pricing/service.go:144.38,146.3 1 0
github.com/scttfrdmn/cargoship/pkg/aws/pricing/service.go:148.2,148.12 1 1
github.com/scttfrdmn/cargoship/pkg/aws/pricing/service.go:152.108,171.16 3 1
github.com/scttfrdmn/cargoship/pkg/aws/pricing/service.go:171.16,175.3 2 1
github.com/scttfrdmn/cargoship/pkg/aws/pricing/service.go:178.2,178.43 1 1
github.com/scttfrdmn/cargoship/pkg/aws/pricing/service.go:178.43,179.62 1 1
github.com/scttfrdmn/cargoship/pkg/aws/pricing/service.go:179.62,181.9 2 1
github.com/scttfrdmn/cargoship/pkg/aws/pricing/service.go:186.2,186.34 1 1
github.com/scttfrdmn/cargoship/pkg/aws/pricing/service.go:186.34,188.3 1 0
github.com/scttfrdmn/cargoship/pkg/aws/pricing/service.go:190.2,190.12 1 1
github.com/scttfrdmn/cargoship/pkg/aws/pricing/service.go:194.103,213.16 3 1
github.com/scttfrdmn/cargoship/pkg/aws/pricing/service.go:213.16,217.3 2 1
github.com/scttfrdmn/cargoship/pkg/aws/pricing/service.go:220.2,220.43 1 1
github.com/scttfrdmn/cargoship/pkg/aws/pricing/service.go:220.43,221.69 1 1
github.com/scttfrdmn/cargoship/pkg/aws/pricing/service.go:221.69,222.12 1 0
github.com/scttfrdmn/cargoship/pkg/aws/pricing/service.go:227.2,227.38 1 1
github.com/scttfrdmn/cargoship/pkg/aws/pricing/service.go:227.38,229.3 1 0
github.com/scttfrdmn/cargoship/pkg/aws/pricing/service.go:231.2,231.12 1 1
github.com/scttfrdmn/cargoship/pkg/aws/pricing/service.go:235.85,237.70 2 1
github.com/scttfrdmn/cargoship/pkg/aws/pricing/service.go:237.70,239.3 1 1
github.com/scttfrdmn/cargoship/pkg/aws/pricing/service.go:242.2,243.9 2 1
github.com/scttfrdmn/cargoship/pkg/aws/pricing/service.go:243.9,245.3 1 0
github.com/scttfrdmn/cargoship/pkg/aws/pricing/service.go:247.2,248.24 2 1
github.com/scttfrdmn/cargoship/pkg/aws/pricing/service.go:248.24,250.3 1 1
github.com/scttfrdmn/cargoship/pkg/aws/pricing/service.go:253.2,254.15 2 1
github.com/scttfrdmn/cargoship/pkg/aws/pricing/service.go:254.15,256.3 1 1
github.com/scttfrdmn/cargoship/pkg/aws/pricing/service.go:258.2,258.12 1 1
github.com/scttfrdmn/cargoship/pkg/aws/pricing/service.go:262.68,264.70 2 1
github.com/scttfrdmn/cargoship/pkg/aws/pricing/service.go:264.70,266.3 1 1
github.com/scttfrdmn/cargoship/pkg/aws/pricing/service.go:268.2,268.45 1 1
github.com/scttfrdmn/cargoship/pkg/aws/pricing/service.go:272.85,274.70 2 1
github.com/scttfrdmn/cargoship/pkg/aws/pricing/service.go:274.70,276.3 1 1
github.com/scttfrdmn/cargoship/pkg/aws/pricing/service.go:279.2,280.9 2 1
github.com/scttfrdmn/cargoship/pkg/aws/pricing/service.go:280.9,282.3 1 0
github.com/scttfrdmn/cargoship/pkg/aws/pricing/service.go:284.2,285.24 2 1
github.com/scttfrdmn/cargoship/pkg/aws/pricing/service.go:285.24,287.3 1 0
github.com/scttfrdmn/cargoship/pkg/aws/pricing/service.go:289.2,290.15 2 1
github.com/scttfrdmn/cargoship/pkg/aws/pricing/service.go:290.15,292.3 1 1
github.com/scttfrdmn/cargoship/pkg/aws/pricing/service.go:294.2,294.12 1 1
github.com/scttfrdmn/cargoship/pkg/aws/pricing/service.go:298.81,301.22 2 1
github.com/scttfrdmn/cargoship/pkg/aws/pricing/service.go:302.25,303.45 1 1
github.com/scttfrdmn/cargoship/pkg/aws/pricing/service.go:304.27,305.47 1 1
github.com/scttfrdmn/cargoship/pkg/aws/pricing/service.go:306.38,307.46 1 1
github.com/scttfrdmn/cargoship/pkg/aws/pricing/service.go:308.17,309.44 1 1
github.com/scttfrdmn/cargoship/pkg/aws/pricing/service.go:310.22,311.48 1 1
github.com/scttfrdmn/cargoship/pkg/aws/pricing/service.go:312.29,313.55 1 1
github.com/scttfrdmn/cargoship/pkg/aws/pricing/service.go:314.10,315.12 1 1
github.com/scttfrdmn/cargoship/pkg/aws/pricing/service.go:320.92,323.42 2 1
github.com/scttfrdmn/cargoship/pkg/aws/pricing/service.go:323.42,326.3 2 1
github.com/scttfrdmn/cargoship/pkg/aws/pricing/service.go:328.2,328.44 1 1
github.com/scttfrdmn/cargoship/pkg/aws/pricing/service.go:332.85,334.9 2 1
github.com/scttfrdmn/cargoship/pkg/aws/pricing/service.go:334.9,336.3 1 1
github.com/scttfrdmn/cargoship/pkg/aws/pricing/service.go:338.2,339.9 2 1
github.com/scttfrdmn/cargoship/pkg/aws/pricing/service.go:339.9,341.3 1 1
github.com/scttfrdmn/cargoship/pkg/aws/pricing/service.go:344.2,344.36 1 1
github.com/scttfrdmn/cargoship/pkg/aws/pricing/service.go:344.36,346.10 2 1
github.com/scttfrdmn/cargoship/pkg/aws/pricing/service.go:346.10,347.12 1 0
github.com/scttfrdmn/cargoship/pkg/aws/pricing/service.go:350.3,351.10 2 1
github.com/scttfrdmn/cargoship/pkg/aws/pricing/service.go:351.10,352.12 1 0
github.com/scttfrdmn/cargoship/pkg/aws/pricing/service.go:355.3,355.45 1 1
github.com/scttfrdmn/cargoship/pkg/aws/pricing/service.go:355.45,357.11 2 1
github.com/scttfrdmn/cargoship/pkg/aws/pricing/service.go:357.11,358.13 1 0
github.com/scttfrdmn/cargoship/pkg/aws/pricing/service.go:361.4,362.11 2 1
github.com/scttfrdmn/cargoship/pkg/aws/pricing/service.go:362.11,363.13 1 0
github.com/scttfrdmn/cargoship/pkg/aws/pricing/service.go:366.4,367.11 2 1
github.com/scttfrdmn/cargoship/pkg/aws/pricing/service.go:367.11,368.13 1 0
github.com/scttfrdmn/cargoship/pkg/aws/pricing/service.go:371.4,372.64 2 1
github.com/scttfrdmn/cargoship/pkg/aws/pricing/service.go:372.64,374.5 1 1
github.com/scttfrdmn/cargoship/pkg/aws/pricing/service.go:378.2,378.10 1 1
github.com/scttfrdmn/cargoship/pkg/aws/pricing/service.go:382.63,397.53 2 1
github.com/scttfrdmn/cargoship/pkg/aws/pricing/service.go:397.53,399.3 1 1
github.com/scttfrdmn/cargoship/pkg/aws/pricing/service.go:401.2,401.32 1 1
github.com/scttfrdmn/cargoship/pkg/aws/pricing/service.go:405.82,408.74 2 1
github.com/scttfrdmn/cargoship/pkg/aws/pricing/service.go:408.74,410.3 1 1
github.com/scttfrdmn/cargoship/pkg/aws/pricing/service.go:412.2,419.3 1 1
github.com/scttfrdmn/cargoship/pkg/aws/pricing/service.go:423.67,432.2 1 1
github.com/scttfrdmn/cargoship/pkg/aws/pricing/service.go:435.50,439.2 3 1
github.com/scttfrdmn/cargoship/pkg/aws/pricing/service.go:442.40,446.2 3 1
github.com/scttfrdmn/cargoship/pkg/gpg/gpg.go:26.72,28.16 2 1
github.com/scttfrdmn/cargoship/pkg/gpg/gpg.go:28.16,30.3 1 0
github.com/scttfrdmn/cargoship/pkg/gpg/gpg.go:32.2,33.16 2 1
github.com/scttfrdmn/cargoship/pkg/gpg/gpg.go:33.16,35.3 1 0
github.com/scttfrdmn/cargoship/pkg/gpg/gpg.go:36.2,37.21 2 1
github.com/scttfrdmn/cargoship/pkg/gpg/gpg.go:37.21,39.17 2 1
github.com/scttfrdmn/cargoship/pkg/gpg/gpg.go:39.17,41.4 1 0
github.com/scttfrdmn/cargoship/pkg/gpg/gpg.go:44.2,44.34 1 1
github.com/scttfrdmn/cargoship/pkg/gpg/gpg.go:44.34,46.17 2 1
github.com/scttfrdmn/cargoship/pkg/gpg/gpg.go:46.17,48.4 1 0
github.com/scttfrdmn/cargoship/pkg/gpg/gpg.go:49.3,49.39 1 1
github.com/scttfrdmn/cargoship/pkg/gpg/gpg.go:51.2,51.23 1 1
github.com/scttfrdmn/cargoship/pkg/gpg/gpg.go:56.91,64.14 5 1
github.com/scttfrdmn/cargoship/pkg/gpg/gpg.go:64.14,66.17 2 1
github.com/scttfrdmn/cargoship/pkg/gpg/gpg.go:66.17,68.4 1 0
github.com/scttfrdmn/cargoship/pkg/gpg/gpg.go:69.3,70.17 2 1
github.com/scttfrdmn/cargoship/pkg/gpg/gpg.go:70.17,72.4 1 0
github.com/scttfrdmn/cargoship/pkg/gpg/gpg.go:73.8,75.17 2 1
github.com/scttfrdmn/cargoship/pkg/gpg/gpg.go:75.17,77.4 1 0
github.com/scttfrdmn/cargoship/pkg/gpg/gpg.go:84.2,85.16 2 1
github.com/scttfrdmn/cargoship/pkg/gpg/gpg.go:85.16,87.3 1 0
github.com/scttfrdmn/cargoship/pkg/gpg/gpg.go:89.2,90.16 2 1
github.com/scttfrdmn/cargoship/pkg/gpg/gpg.go:90.16,92.3 1 0
github.com/scttfrdmn/cargoship/pkg/gpg/gpg.go:93.2,93.14 1 1
github.com/scttfrdmn/cargoship/pkg/gpg/gpg.go:93.14,95.17 2 1
github.com/scttfrdmn/cargoship/pkg/gpg/gpg.go:95.17,97.4 1 0
github.com/scttfrdmn/cargoship/pkg/gpg/gpg.go:100.2,100.28 1 1
github.com/scttfrdmn/cargoship/pkg/gpg/gpg.go:104.55,106.16 2 1
github.com/scttfrdmn/cargoship/pkg/gpg/gpg.go:106.16,108.3 1 0
github.com/scttfrdmn/cargoship/pkg/gpg/gpg.go:109.2,109.15 1 1
github.com/scttfrdmn/cargoship/pkg/gpg/gpg.go:109.15,111.18 2 1
github.com/scttfrdmn/cargoship/pkg/gpg/gpg.go:111.18,112.15 1 0
github.com/scttfrdmn/cargoship/pkg/gpg/gpg.go:115.2,116.16 2 1
github.com/scttfrdmn/cargoship/pkg/gpg/gpg.go:116.16,118.3 1 0
github.com/scttfrdmn/cargoship/pkg/gpg/gpg.go:119.2,119.57 1 1
github.com/scttfrdmn/cargoship/pkg/gpg/gpg.go:123.64,126.14 2 1
github.com/scttfrdmn/cargoship/pkg/gpg/gpg.go:126.14,130.17 4 1
github.com/scttfrdmn/cargoship/pkg/gpg/gpg.go:130.17,132.4 1 0
github.com/scttfrdmn/cargoship/pkg/gpg/gpg.go:133.3,133.16 1 1
github.com/scttfrdmn/cargoship/pkg/gpg/gpg.go:133.16,135.19 2 1
github.com/scttfrdmn/cargoship/pkg/gpg/gpg.go:135.19,136.16 1 0
github.com/scttfrdmn/cargoship/pkg/gpg/gpg.go:139.3,143.17 2 1
github.com/scttfrdmn/cargoship/pkg/gpg/gpg.go:143.17,145.4 1 0
github.com/scttfrdmn/cargoship/pkg/gpg/gpg.go:146.3,147.80 2 1
github.com/scttfrdmn/cargoship/pkg/gpg/gpg.go:150.2,151.16 2 1
github.com/scttfrdmn/cargoship/pkg/gpg/gpg.go:151.16,153.3 1 0
github.com/scttfrdmn/cargoship/pkg/gpg/gpg.go:154.2,154.37 1 1
github.com/scttfrdmn/cargoship/pkg/gpg/gpg.go:154.37,156.17 2 1
github.com/scttfrdmn/cargoship/pkg/gpg/gpg.go:156.17,158.12 2 0
github.com/scttfrdmn/cargoship/pkg/gpg/gpg.go:160.3,160.23 1 1
github.com/scttfrdmn/cargoship/pkg/gpg/gpg.go:162.2,162.19 1 1
github.com/scttfrdmn/cargoship/pkg/gpg/gpg.go:162.19,164.3 1 0
github.com/scttfrdmn/cargoship/pkg/gpg/gpg.go:165.2,165.18 1 1
github.com/scttfrdmn/cargoship/pkg/gpg/gpg.go:177.35,177.58 1 1
github.com/scttfrdmn/cargoship/pkg/gpg/gpg.go:180.34,182.2 1 1
github.com/scttfrdmn/cargoship/pkg/gpg/gpg.go:185.40,187.2 1 1
github.com/scttfrdmn/cargoship/pkg/gpg/gpg.go:190.41,192.2 1 1
github.com/scttfrdmn/cargoship/pkg/gpg/gpg.go:195.34,197.2 1 1
github.com/scttfrdmn/cargoship/pkg/gpg/gpg.go:200.39,200.53 1 1
github.com/scttfrdmn/cargoship/pkg/gpg/gpg.go:203.67,210.2 2 1
github.com/scttfrdmn/cargoship/pkg/gpg/keys.go:18.101,20.2 1 1
github.com/scttfrdmn/cargoship/pkg/gpg/keys.go:39.34,41.23 2 1
github.com/scttfrdmn/cargoship/pkg/gpg/keys.go:41.23,43.3 1 1
github.com/scttfrdmn/cargoship/pkg/gpg/keys.go:44.2,44.26 1 0
github.com/scttfrdmn/cargoship/pkg/gpg/keys.go:48.32,50.2 1 1
github.com/scttfrdmn/cargoship/pkg/gpg/keys.go:53.39,54.32 1 1
github.com/scttfrdmn/cargoship/pkg/gpg/keys.go:54.32,57.3 2 1
github.com/scttfrdmn/cargoship/pkg/gpg/keys.go:58.2,58.85 1 1
github.com/scttfrdmn/cargoship/pkg/gpg/keys.go:62.49,64.2 1 1
github.com/scttfrdmn/cargoship/pkg/gpg/keys.go:82.50,83.21 1 1
github.com/scttfrdmn/cargoship/pkg/gpg/keys.go:83.21,85.3 1 1
github.com/scttfrdmn/cargoship/pkg/gpg/keys.go:86.2,86.22 1 1
github.com/scttfrdmn/cargoship/pkg/gpg/keys.go:86.22,88.3 1 1
github.com/scttfrdmn/cargoship/pkg/gpg/keys.go:89.2,89.24 1 1
github.com/scttfrdmn/cargoship/pkg/gpg/keys.go:89.24,91.3 1 0
github.com/scttfrdmn/cargoship/pkg/gpg/keys.go:92.2,92.45 1 1
github.com/scttfrdmn/cargoship/pkg/gpg/keys.go:92.45,94.3 1 0
github.com/scttfrdmn/cargoship/pkg/gpg/keys.go:95.2,96.16 2 1
github.com/scttfrdmn/cargoship/pkg/gpg/keys.go:96.16,98.3 1 0
github.com/scttfrdmn/cargoship/pkg/gpg/keys.go:99.2,100.16 2 1
github.com/scttfrdmn/cargoship/pkg/gpg/keys.go:100.16,102.3 1 0
github.com/scttfrdmn/cargoship/pkg/gpg/keys.go:103.2,104.16 2 1
github.com/scttfrdmn/cargoship/pkg/gpg/keys.go:104.16,106.3 1 0
github.com/scttfrdmn/cargoship/pkg/gpg/keys.go:107.2,111.16 2 1
github.com/scttfrdmn/cargoship/pkg/gpg/keys.go:116.70,118.16 2 1
github.com/scttfrdmn/cargoship/pkg/gpg/keys.go:118.16,120.17 2 1
github.com/scttfrdmn/cargoship/pkg/gpg/keys.go:120.17,122.4 1 0
github.com/scttfrdmn/cargoship/pkg/gpg/keys.go:124.2,128.16 4 1
github.com/scttfrdmn/cargoship/pkg/gpg/keys.go:128.16,130.3 1 0
github.com/scttfrdmn/cargoship/pkg/gpg/keys.go:131.2,132.16 2 1
github.com/scttfrdmn/cargoship/pkg/gpg/keys.go:132.16,134.3 1 0
github.com/scttfrdmn/cargoship/pkg/gpg/keys.go:135.2,135.41 1 1
github.com/scttfrdmn/cargoship/pkg/gpg/keys.go:139.66,141.22 2 1
github.com/scttfrdmn/cargoship/pkg/gpg/keys.go:141.22,143.3 1 1
github.com/scttfrdmn/cargoship/pkg/gpg/keys.go:144.2,144.12 1 1
github.com/scttfrdmn/cargoship/pkg/gpg/keys.go:148.51,150.19 2 1
github.com/scttfrdmn/cargoship/pkg/gpg/keys.go:150.19,151.14 1 1
github.com/scttfrdmn/cargoship/pkg/gpg/keys.go:151.14,153.4 1 1
github.com/scttfrdmn/cargoship/pkg/gpg/keys.go:155.2,156.12 2 1
github.com/scttfrdmn/cargoship/pkg/inventory/inventory.go:78.107,80.47 2 1
github.com/scttfrdmn/cargoship/pkg/inventory/inventory.go:80.47,81.43 1 1
github.com/scttfrdmn/cargoship/pkg/inventory/inventory.go:81.43,83.4 1 1
github.com/scttfrdmn/cargoship/pkg/inventory/inventory.go:85.2,85.49 1 1
github.com/scttfrdmn/cargoship/pkg/inventory/inventory.go:89.40,91.23 2 1
github.com/scttfrdmn/cargoship/pkg/inventory/inventory.go:91.23,93.3 1 1
github.com/scttfrdmn/cargoship/pkg/inventory/inventory.go:94.2,94.33 1 1
github.com/scttfrdmn/cargoship/pkg/inventory/inventory.go:98.38,100.2 1 1
github.com/scttfrdmn/cargoship/pkg/inventory/inventory.go:103.45,104.29 1 1
github.com/scttfrdmn/cargoship/pkg/inventory/inventory.go:104.29,107.3 2 1
github.com/scttfrdmn/cargoship/pkg/inventory/inventory.go:108.2,108.80 1 1
github.com/scttfrdmn/cargoship/pkg/inventory/inventory.go:112.55,114.2 1 1
github.com/scttfrdmn/cargoship/pkg/inventory/inventory.go:140.109,142.49 2 1
github.com/scttfrdmn/cargoship/pkg/inventory/inventory.go:142.49,143.43 1 1
github.com/scttfrdmn/cargoship/pkg/inventory/inventory.go:143.43,145.4 1 1
github.com/scttfrdmn/cargoship/pkg/inventory/inventory.go:147.2,147.49 1 1
github.com/scttfrdmn/cargoship/pkg/inventory/inventory.go:150.33,152.23 2 1
github.com/scttfrdmn/cargoship/pkg/inventory/inventory.go:152.23,154.3 1 1
github.com/scttfrdmn/cargoship/pkg/inventory/inventory.go:155.2,155.25 1 1
github.com/scttfrdmn/cargoship/pkg/inventory/inventory.go:159.31,161.2 1 1
github.com/scttfrdmn/cargoship/pkg/inventory/inventory.go:164.38,165.31 1 1
github.com/scttfrdmn/cargoship/pkg/inventory/inventory.go:165.31,168.3 2 1
github.com/scttfrdmn/cargoship/pkg/inventory/inventory.go:169.2,169.84 1 1
github.com/scttfrdmn/cargoship/pkg/inventory/inventory.go:173.48,175.2 1 1
github.com/scttfrdmn/cargoship/pkg/inventory/inventory.go:195.45,197.16 2 1
github.com/scttfrdmn/cargoship/pkg/inventory/inventory.go:197.16,198.13 1 0
github.com/scttfrdmn/cargoship/pkg/inventory/inventory.go:200.2,200.10 1 1
github.com/scttfrdmn/cargoship/pkg/inventory/inventory.go:204.44,206.32 2 1
github.com/scttfrdmn/cargoship/pkg/inventory/inventory.go:206.32,207.33 1 1
github.com/scttfrdmn/cargoship/pkg/inventory/inventory.go:207.33,209.4 1 1
github.com/scttfrdmn/cargoship/pkg/inventory/inventory.go:211.2,211.27 1 1
github.com/scttfrdmn/cargoship/pkg/inventory/inventory.go:211.27,213.3 1 1
github.com/scttfrdmn/cargoship/pkg/inventory/inventory.go:214.2,214.12 1 0
github.com/scttfrdmn/cargoship/pkg/inventory/inventory.go:218.50,220.16 2 1
github.com/scttfrdmn/cargoship/pkg/inventory/inventory.go:220.16,222.3 1 0
github.com/scttfrdmn/cargoship/pkg/inventory/inventory.go:223.2,223.23 1 1
github.com/scttfrdmn/cargoship/pkg/inventory/inventory.go:238.40,239.24 1 1
github.com/scttfrdmn/cargoship/pkg/inventory/inventory.go:239.24,241.3 1 0
github.com/scttfrdmn/cargoship/pkg/inventory/inventory.go:243.2,247.29 4 1
github.com/scttfrdmn/cargoship/pkg/inventory/inventory.go:247.29,251.28 3 1
github.com/scttfrdmn/cargoship/pkg/inventory/inventory.go:251.28,253.4 1 1
github.com/scttfrdmn/cargoship/pkg/inventory/inventory.go:256.2,265.3 2 1
github.com/scttfrdmn/cargoship/pkg/inventory/inventory.go:268.36,269.11 1 1
github.com/scttfrdmn/cargoship/pkg/inventory/inventory.go:269.11,270.63 1 0
github.com/scttfrdmn/cargoship/pkg/inventory/inventory.go:272.2,272.18 1 1
github.com/scttfrdmn/cargoship/pkg/inventory/inventory.go:276.34,280.41 3 1
github.com/scttfrdmn/cargoship/pkg/inventory/inventory.go:280.41,290.3 3 0
github.com/scttfrdmn/cargoship/pkg/inventory/inventory.go:291.2,295.3 1 1
github.com/scttfrdmn/cargoship/pkg/inventory/inventory.go:328.47,330.16 2 1
github.com/scttfrdmn/cargoship/pkg/inventory/inventory.go:330.16,332.3 1 0
github.com/scttfrdmn/cargoship/pkg/inventory/inventory.go:333.2,334.12 2 1
github.com/scttfrdmn/cargoship/pkg/inventory/inventory.go:338.38,339.26 1 1
github.com/scttfrdmn/cargoship/pkg/inventory/inventory.go:339.26,341.3 1 1
github.com/scttfrdmn/cargoship/pkg/inventory/inventory.go:345.42,346.26 1 1
github.com/scttfrdmn/cargoship/pkg/inventory/inventory.go:346.26,348.3 1 1
github.com/scttfrdmn/cargoship/pkg/inventory/inventory.go:352.49,353.26 1 1
github.com/scttfrdmn/cargoship/pkg/inventory/inventory.go:353.26,355.3 1 1
github.com/scttfrdmn/cargoship/pkg/inventory/inventory.go:359.42,360.26 1 1
github.com/scttfrdmn/cargoship/pkg/inventory/inventory.go:360.26,362.3 1 1
github.com/scttfrdmn/cargoship/pkg/inventory/inventory.go:366.49,367.26 1 1
github.com/scttfrdmn/cargoship/pkg/inventory/inventory.go:367.26,369.3 1 1
github.com/scttfrdmn/cargoship/pkg/inventory/inventory.go:373.51,374.26 1 1
github.com/scttfrdmn/cargoship/pkg/inventory/inventory.go:374.26,376.3 1 1
github.com/scttfrdmn/cargoship/pkg/inventory/inventory.go:380.50,382.26 2 1
github.com/scttfrdmn/cargoship/pkg/inventory/inventory.go:382.26,383.14 1 1
github.com/scttfrdmn/cargoship/pkg/inventory/inventory.go:383.14,385.4 1 1
github.com/scttfrdmn/cargoship/pkg/inventory/inventory.go:390.47,391.26 1 1
github.com/scttfrdmn/cargoship/pkg/inventory/inventory.go:391.26,393.3 1 1
github.com/scttfrdmn/cargoship/pkg/inventory/inventory.go:397.50,398.26 1 1
github.com/scttfrdmn/cargoship/pkg/inventory/inventory.go:398.26,400.3 1 1
github.com/scttfrdmn/cargoship/pkg/inventory/inventory.go:404.40,405.26 1 1
github.com/scttfrdmn/cargoship/pkg/inventory/inventory.go:405.26,406.14 1 1
github.com/scttfrdmn/cargoship/pkg/inventory/inventory.go:406.14,408.4 1 1
github.com/scttfrdmn/cargoship/pkg/inventory/inventory.go:413.42,414.26 1 1
github.com/scttfrdmn/cargoship/pkg/inventory/inventory.go:414.26,416.3 1 1
github.com/scttfrdmn/cargoship/pkg/inventory/inventory.go:420.57,421.26 1 0
github.com/scttfrdmn/cargoship/pkg/inventory/inventory.go:421.26,423.3 1 0
github.com/scttfrdmn/cargoship/pkg/inventory/inventory.go:427.53,429.16 2 1
github.com/scttfrdmn/cargoship/pkg/inventory/inventory.go:429.16,430.13 1 0
github.com/scttfrdmn/cargoship/pkg/inventory/inventory.go:432.2,438.30 2 1
github.com/scttfrdmn/cargoship/pkg/inventory/inventory.go:438.30,440.3 1 1
github.com/scttfrdmn/cargoship/pkg/inventory/inventory.go:441.2,442.16 2 1
github.com/scttfrdmn/cargoship/pkg/inventory/inventory.go:442.16,443.13 1 0
github.com/scttfrdmn/cargoship/pkg/inventory/inventory.go:445.2,445.12 1 1
github.com/scttfrdmn/cargoship/pkg/inventory/inventory.go:465.44,466.29 1 1
github.com/scttfrdmn/cargoship/pkg/inventory/inventory.go:466.29,467.27 1 1
github.com/scttfrdmn/cargoship/pkg/inventory/inventory.go:467.27,469.4 1 1
github.com/scttfrdmn/cargoship/pkg/inventory/inventory.go:474.46,477.31 2 1
github.com/scttfrdmn/cargoship/pkg/inventory/inventory.go:477.31,479.3 1 1
github.com/scttfrdmn/cargoship/pkg/inventory/inventory.go:480.2,480.12 1 1
github.com/scttfrdmn/cargoship/pkg/inventory/inventory.go:484.52,487.39 2 1
github.com/scttfrdmn/cargoship/pkg/inventory/inventory.go:487.39,489.3 1 1
github.com/scttfrdmn/cargoship/pkg/inventory/inventory.go:490.2,490.12 1 1
github.com/scttfrdmn/cargoship/pkg/inventory/inventory.go:495.57,499.43 3 1
github.com/scttfrdmn/cargoship/pkg/inventory/inventory.go:499.43,501.3 1 1
github.com/scttfrdmn/cargoship/pkg/inventory/inventory.go:502.2,502.32 1 1
github.com/scttfrdmn/cargoship/pkg/inventory/inventory.go:502.32,505.19 1 1
github.com/scttfrdmn/cargoship/pkg/inventory/inventory.go:505.19,507.4 1 1
github.com/scttfrdmn/cargoship/pkg/inventory/inventory.go:507.9,509.18 2 1
github.com/scttfrdmn/cargoship/pkg/inventory/inventory.go:509.18,511.5 1 1
github.com/scttfrdmn/cargoship/pkg/inventory/inventory.go:513.4,514.41 2 1
github.com/scttfrdmn/cargoship/pkg/inventory/inventory.go:514.41,515.30 1 1
github.com/scttfrdmn/cargoship/pkg/inventory/inventory.go:515.30,519.11 4 1
github.com/scttfrdmn/cargoship/pkg/inventory/inventory.go:522.4,522.15 1 1
github.com/scttfrdmn/cargoship/pkg/inventory/inventory.go:522.15,531.5 4 1
github.com/scttfrdmn/cargoship/pkg/inventory/inventory.go:534.3,534.31 1 1
github.com/scttfrdmn/cargoship/pkg/inventory/inventory.go:534.31,536.4 1 1
github.com/scttfrdmn/cargoship/pkg/inventory/inventory.go:538.3,538.58 1 1
github.com/scttfrdmn/cargoship/pkg/inventory/inventory.go:538.58,540.4 1 1
github.com/scttfrdmn/cargoship/pkg/inventory/inventory.go:541.3,543.22 3 1
github.com/scttfrdmn/cargoship/pkg/inventory/inventory.go:546.2,546.38 1 1
github.com/scttfrdmn/cargoship/pkg/inventory/inventory.go:546.38,548.3 1 1
github.com/scttfrdmn/cargoship/pkg/inventory/inventory.go:549.2,551.12 3 1
github.com/scttfrdmn/cargoship/pkg/inventory/inventory.go:555.63,559.23 2 1
github.com/scttfrdmn/cargoship/pkg/inventory/inventory.go:559.23,561.3 1 1
github.com/scttfrdmn/cargoship/pkg/inventory/inventory.go:562.2,562.37 1 1
github.com/scttfrdmn/cargoship/pkg/inventory/inventory.go:562.37,564.3 1 1
github.com/scttfrdmn/cargoship/pkg/inventory/inventory.go:566.2,566.32 1 1
github.com/scttfrdmn/cargoship/pkg/inventory/inventory.go:566.32,568.3 1 1
github.com/scttfrdmn/cargoship/pkg/inventory/inventory.go:570.2,572.18 3 1
github.com/scttfrdmn/cargoship/pkg/inventory/inventory.go:572.18,574.3 1 0
github.com/scttfrdmn/cargoship/pkg/inventory/inventory.go:577.2,578.41 2 1
github.com/scttfrdmn/cargoship/pkg/inventory/inventory.go:578.41,580.3 1 0
github.com/scttfrdmn/cargoship/pkg/inventory/inventory.go:582.2,582.70 1 1
github.com/scttfrdmn/cargoship/pkg/inventory/inventory.go:582.70,588.3 1 1
github.com/scttfrdmn/cargoship/pkg/inventory/inventory.go:590.2,590.39 1 1
github.com/scttfrdmn/cargoship/pkg/inventory/inventory.go:590.39,591.24 1 1
github.com/scttfrdmn/cargoship/pkg/inventory/inventory.go:591.24,594.4 2 0
github.com/scttfrdmn/cargoship/pkg/inventory/inventory.go:595.3,597.17 3 1
github.com/scttfrdmn/cargoship/pkg/inventory/inventory.go:597.17,598.29 1 0
github.com/scttfrdmn/cargoship/pkg/inventory/inventory.go:598.29,600.5 1 0
github.com/scttfrdmn/cargoship/pkg/inventory/inventory.go:603.2,603.66 1 1
github.com/scttfrdmn/cargoship/pkg/inventory/inventory.go:603.66,605.3 1 0
github.com/scttfrdmn/cargoship/pkg/inventory/inventory.go:606.2,606.17 1 1
github.com/scttfrdmn/cargoship/pkg/inventory/inventory.go:610.65,612.16 2 1
github.com/scttfrdmn/cargoship/pkg/inventory/inventory.go:612.16,614.3 1 0
github.com/scttfrdmn/cargoship/pkg/inventory/inventory.go:615.2,615.38 1 1
github.com/scttfrdmn/cargoship/pkg/inventory/inventory.go:619.70,622.26 3 1
github.com/scttfrdmn/cargoship/pkg/inventory/inventory.go:622.26,624.17 2 1
github.com/scttfrdmn/cargoship/pkg/inventory/inventory.go:624.17,626.4 1 0
github.com/scttfrdmn/cargoship/pkg/inventory/inventory.go:627.3,628.17 2 1
github.com/scttfrdmn/cargoship/pkg/inventory/inventory.go:628.17,630.4 1 0
github.com/scttfrdmn/cargoship/pkg/inventory/inventory.go:631.3,631.25 1 1
github.com/scttfrdmn/cargoship/pkg/inventory/inventory.go:631.25,633.4 1 0
github.com/scttfrdmn/cargoship/pkg/inventory/inventory.go:634.3,634.24 1 1
github.com/scttfrdmn/cargoship/pkg/inventory/inventory.go:636.2,636.17 1 1
github.com/scttfrdmn/cargoship/pkg/inventory/inventory.go:639.22,649.2 3 1
github.com/scttfrdmn/cargoship/pkg/inventory/inventory.go:652.61,654.16 2 1
github.com/scttfrdmn/cargoship/pkg/inventory/inventory.go:654.16,656.3 1 0
github.com/scttfrdmn/cargoship/pkg/inventory/inventory.go:657.2,658.16 2 1
github.com/scttfrdmn/cargoship/pkg/inventory/inventory.go:658.16,660.3 1 0
github.com/scttfrdmn/cargoship/pkg/inventory/inventory.go:662.2,663.16 2 1
github.com/scttfrdmn/cargoship/pkg/inventory/inventory.go:663.16,665.3 1 0
github.com/scttfrdmn/cargoship/pkg/inventory/inventory.go:666.2,666.24 1 1
github.com/scttfrdmn/cargoship/pkg/inventory/inventory.go:670.71,673.13 3 1
github.com/scttfrdmn/cargoship/pkg/inventory/inventory.go:674.23,675.17 1 1
github.com/scttfrdmn/cargoship/pkg/inventory/inventory.go:676.10,677.63 1 1
github.com/scttfrdmn/cargoship/pkg/inventory/inventory.go:679.2,679.16 1 1
github.com/scttfrdmn/cargoship/pkg/inventory/inventory.go:691.50,692.26 1 0
github.com/scttfrdmn/cargoship/pkg/inventory/inventory.go:692.26,694.3 1 0
github.com/scttfrdmn/cargoship/pkg/inventory/inventory.go:698.47,699.14 1 1
github.com/scttfrdmn/cargoship/pkg/inventory/inventory.go:699.14,700.25 1 0
github.com/scttfrdmn/cargoship/pkg/inventory/inventory.go:700.26,700.27 0 0
github.com/scttfrdmn/cargoship/pkg/inventory/inventory.go:702.2,702.26 1 1
github.com/scttfrdmn/cargoship/pkg/inventory/inventory.go:702.26,723.19 16 1
github.com/scttfrdmn/cargoship/pkg/inventory/inventory.go:723.19,725.4 1 1
github.com/scttfrdmn/cargoship/pkg/inventory/inventory.go:726.3,727.20 2 1
github.com/scttfrdmn/cargoship/pkg/inventory/inventory.go:727.20,729.4 1 0
github.com/scttfrdmn/cargoship/pkg/inventory/inventory.go:733.78,735.28 2 1
github.com/scttfrdmn/cargoship/pkg/inventory/inventory.go:736.20,738.18 2 1
github.com/scttfrdmn/cargoship/pkg/inventory/inventory.go:738.18,740.4 1 1
github.com/scttfrdmn/cargoship/pkg/inventory/inventory.go:741.22,743.28 2 0
github.com/scttfrdmn/cargoship/pkg/inventory/inventory.go:743.28,745.4 1 0
github.com/scttfrdmn/cargoship/pkg/inventory/inventory.go:746.10,747.52 1 0
github.com/scttfrdmn/cargoship/pkg/inventory/inventory.go:751.72,753.28 2 1
github.com/scttfrdmn/cargoship/pkg/inventory/inventory.go:754.20,756.18 2 1
github.com/scttfrdmn/cargoship/pkg/inventory/inventory.go:756.18,758.4 1 0
github.com/scttfrdmn/cargoship/pkg/inventory/inventory.go:759.22,761.28 2 0
github.com/scttfrdmn/cargoship/pkg/inventory/inventory.go:761.28,763.4 1 0
github.com/scttfrdmn/cargoship/pkg/inventory/inventory.go:764.10,765.52 1 0
github.com/scttfrdmn/cargoship/pkg/inventory/inventory.go:769.64,771.28 2 1
github.com/scttfrdmn/cargoship/pkg/inventory/inventory.go:772.20,774.18 2 1
github.com/scttfrdmn/cargoship/pkg/inventory/inventory.go:774.18,776.4 1 1
github.com/scttfrdmn/cargoship/pkg/inventory/inventory.go:777.22,779.28 2 0
github.com/scttfrdmn/cargoship/pkg/inventory/inventory.go:779.28,781.4 1 0
github.com/scttfrdmn/cargoship/pkg/inventory/inventory.go:782.10,783.52 1 0
github.com/scttfrdmn/cargoship/pkg/inventory/inventory.go:787.69,789.28 2 1
github.com/scttfrdmn/cargoship/pkg/inventory/inventory.go:790.20,792.18 2 1
github.com/scttfrdmn/cargoship/pkg/inventory/inventory.go:792.18,794.4 1 1
github.com/scttfrdmn/cargoship/pkg/inventory/inventory.go:795.22,797.28 2 0
github.com/scttfrdmn/cargoship/pkg/inventory/inventory.go:797.28,799.4 1 0
github.com/scttfrdmn/cargoship/pkg/inventory/inventory.go:800.10,801.52 1 0
github.com/scttfrdmn/cargoship/pkg/inventory/inventory.go:805.79,807.28 2 1
github.com/scttfrdmn/cargoship/pkg/inventory/inventory.go:808.20,810.18 2 1
github.com/scttfrdmn/cargoship/pkg/inventory/inventory.go:810.18,812.4 1 1
github.com/scttfrdmn/cargoship/pkg/inventory/inventory.go:813.22,815.28 2 0
github.com/scttfrdmn/cargoship/pkg/inventory/inventory.go:815.28,817.4 1 0
[...]
github.com/scttfrdmn/cargoship/pkg/rclone/rclone.go:511.30,512.16 1 1
github.com/scttfrdmn/cargoship/pkg/rclone/rclone.go:512.16,513.13 1 1
github.com/scttfrdmn/cargoship/pkg/travelagent/server.go:34.41,35.25 1 1
github.com/scttfrdmn/cargoship/pkg/travelagent/server.go:35.25,37.3 1 1
github.com/scttfrdmn/cargoship/pkg/travelagent/server.go:41.64,42.25 1 1
github.com/scttfrdmn/cargoship/pkg/travelagent/server.go:42.25,43.29 1 1
github.com/scttfrdmn/cargoship/pkg/travelagent/server.go:43.29,45.32 2 0
github.com/scttfrdmn/cargoship/pkg/travelagent/server.go:48.2,48.25 1 1
github.com/scttfrdmn/cargoship/pkg/travelagent/server.go:48.25,50.3 1 1
github.com/scttfrdmn/cargoship/pkg/travelagent/server.go:54.45,55.25 1 1
github.com/scttfrdmn/cargoship/pkg/travelagent/server.go:55.25,57.3 1 1
github.com/scttfrdmn/cargoship/pkg/travelagent/server.go:61.49,62.25 1 0
github.com/scttfrdmn/cargoship/pkg/travelagent/server.go:62.25,64.3 1 0
github.com/scttfrdmn/cargoship/pkg/travelagent/server.go:68.47,70.16 2 1
github.com/scttfrdmn/cargoship/pkg/travelagent/server.go:70.16,71.13 1 0
github.com/scttfrdmn/cargoship/pkg/travelagent/server.go:74.2,78.27 2 1
github.com/scttfrdmn/cargoship/pkg/travelagent/server.go:78.27,80.3 1 1
github.com/scttfrdmn/cargoship/pkg/travelagent/server.go:82.2,82.17 1 1
github.com/scttfrdmn/cargoship/pkg/travelagent/server.go:82.17,86.3 3 1
github.com/scttfrdmn/cargoship/pkg/travelagent/server.go:88.2,94.24 6 1
github.com/scttfrdmn/cargoship/pkg/travelagent/server.go:94.24,98.3 3 1
github.com/scttfrdmn/cargoship/pkg/travelagent/server.go:99.2,99.10 1 1
github.com/scttfrdmn/cargoship/pkg/travelagent/server.go:102.80,105.46 2 1
github.com/scttfrdmn/cargoship/pkg/travelagent/server.go:105.46,107.22 2 1
github.com/scttfrdmn/cargoship/pkg/travelagent/server.go:107.22,109.4 1 1
github.com/scttfrdmn/cargoship/pkg/travelagent/server.go:110.3,110.49 1 1
github.com/scttfrdmn/cargoship/pkg/travelagent/server.go:110.49,112.4 1 0
github.com/scttfrdmn/cargoship/pkg/travelagent/server.go:113.3,113.13 1 1
github.com/scttfrdmn/cargoship/pkg/travelagent/server.go:114.17,116.3 1 0
github.com/scttfrdmn/cargoship/pkg/travelagent/server.go:117.2,117.18 1 1
github.com/scttfrdmn/cargoship/pkg/travelagent/server.go:120.83,122.16 2 1
github.com/scttfrdmn/cargoship/pkg/travelagent/server.go:122.16,124.3 1 0
github.com/scttfrdmn/cargoship/pkg/travelagent/server.go:125.2,125.45 1 1
github.com/scttfrdmn/cargoship/pkg/travelagent/server.go:125.45,128.3 2 1
github.com/scttfrdmn/cargoship/pkg/travelagent/server.go:131.53,133.2 1 1
github.com/scttfrdmn/cargoship/pkg/travelagent/server.go:136.33,139.45 2 1
github.com/scttfrdmn/cargoship/pkg/travelagent/server.go:139.45,141.20 2 1
github.com/scttfrdmn/cargoship/pkg/travelagent/server.go:141.20,142.51 1 1
github.com/scttfrdmn/cargoship/pkg/travelagent/server.go:142.51,144.5 1 0
github.com/scttfrdmn/cargoship/pkg/travelagent/server.go:146.3,146.13 1 1
github.com/scttfrdmn/cargoship/pkg/travelagent/server.go:150.55,158.2 5 0
github.com/scttfrdmn/cargoship/pkg/travelagent/server.go:161.30,173.2 7 1
github.com/scttfrdmn/cargoship/pkg/travelagent/server.go:176.29,178.2 1 1
github.com/scttfrdmn/cargoship/pkg/travelagent/server.go:181.33,183.2 1 0
github.com/scttfrdmn/cargoship/pkg/travelagent/server.go:185.71,186.77 1 1
github.com/scttfrdmn/cargoship/pkg/travelagent/server.go:186.77,195.3 6 1
github.com/scttfrdmn/cargoship/pkg/travelagent/server.go:198.75,201.16 3 1
github.com/scttfrdmn/cargoship/pkg/travelagent/server.go:201.16,204.3 2 0
github.com/scttfrdmn/cargoship/pkg/travelagent/server.go:205.2,207.16 3 1
github.com/scttfrdmn/cargoship/pkg/travelagent/server.go:207.16,210.3 2 0
github.com/scttfrdmn/cargoship/pkg/travelagent/server.go:211.2,212.18 2 1
github.com/scttfrdmn/cargoship/pkg/travelagent/server.go:215.61,216.16 1 1
github.com/scttfrdmn/cargoship/pkg/travelagent/server.go:216.16,218.3 1 0
github.com/scttfrdmn/cargoship/pkg/travelagent/server.go:221.59,230.2 6 0
github.com/scttfrdmn/cargoship/pkg/travelagent/server.go:232.96,234.36 2 1
github.com/scttfrdmn/cargoship/pkg/travelagent/server.go:234.36,237.3 2 1
github.com/scttfrdmn/cargoship/pkg/travelagent/server.go:238.2,238.37 1 1
github.com/scttfrdmn/cargoship/pkg/travelagent/server.go:238.37,241.3 2 1
github.com/scttfrdmn/cargoship/pkg/travelagent/server.go:242.2,242.22 1 1
github.com/scttfrdmn/cargoship/pkg/travelagent/server.go:245.77,248.16 3 1
github.com/scttfrdmn/cargoship/pkg/travelagent/server.go:248.16,250.3 1 0
github.com/scttfrdmn/cargoship/pkg/travelagent/server.go:252.2,253.16 2 1
github.com/scttfrdmn/cargoship/pkg/travelagent/server.go:253.16,255.3 1 1
github.com/scttfrdmn/cargoship/pkg/travelagent/server.go:257.2,257.35 1 1
github.com/scttfrdmn/cargoship/pkg/travelagent/server.go:257.35,260.3 2 0
github.com/scttfrdmn/cargoship/pkg/travelagent/server.go:269.2,270.72 2 1
github.com/scttfrdmn/cargoship/pkg/travelagent/server.go:270.72,274.3 2 0
github.com/scttfrdmn/cargoship/pkg/travelagent/server.go:276.2,277.16 2 1
github.com/scttfrdmn/cargoship/pkg/travelagent/server.go:277.16,280.3 2 0
github.com/scttfrdmn/cargoship/pkg/travelagent/server.go:282.2,284.28 2 1
github.com/scttfrdmn/cargoship/pkg/travelagent/server.go:284.28,288.18 1 1
github.com/scttfrdmn/cargoship/pkg/travelagent/server.go:288.18,291.4 2 0
github.com/scttfrdmn/cargoship/pkg/travelagent/server.go:295.2,299.17 1 1
github.com/scttfrdmn/cargoship/pkg/travelagent/server.go:299.17,302.3 2 0
github.com/scttfrdmn/cargoship/pkg/travelagent/server.go:305.50,311.2 5 1
github.com/scttfrdmn/cargoship/pkg/travelagent/travelagent.go:85.55,88.31 3 1
github.com/scttfrdmn/cargoship/pkg/travelagent/travelagent.go:88.31,89.18 1 1
github.com/scttfrdmn/cargoship/pkg/travelagent/travelagent.go:89.18,91.4 1 1
github.com/scttfrdmn/cargoship/pkg/travelagent/travelagent.go:91.9,93.4 1 1
github.com/scttfrdmn/cargoship/pkg/travelagent/travelagent.go:95.2,96.35 2 1
github.com/scttfrdmn/cargoship/pkg/travelagent/travelagent.go:96.35,98.3 1 1
github.com/scttfrdmn/cargoship/pkg/travelagent/travelagent.go:99.2,99.22 1 1
github.com/scttfrdmn/cargoship/pkg/travelagent/travelagent.go:103.41,107.2 3 1
github.com/scttfrdmn/cargoship/pkg/travelagent/travelagent.go:109.45,112.14 3 1
github.com/scttfrdmn/cargoship/pkg/travelagent/travelagent.go:112.14,113.28 1 0
github.com/scttfrdmn/cargoship/pkg/travelagent/travelagent.go:115.2,115.102 1 1
github.com/scttfrdmn/cargoship/pkg/travelagent/travelagent.go:119.85,122.84 2 1
github.com/scttfrdmn/cargoship/pkg/travelagent/travelagent.go:122.84,125.17 3 1
github.com/scttfrdmn/cargoship/pkg/travelagent/travelagent.go:125.17,127.4 1 0
github.com/scttfrdmn/cargoship/pkg/travelagent/travelagent.go:128.3,139.41 3 1
github.com/scttfrdmn/cargoship/pkg/travelagent/travelagent.go:139.41,141.4 1 0
github.com/scttfrdmn/cargoship/pkg/travelagent/travelagent.go:143.3,143.72 1 1
github.com/scttfrdmn/cargoship/pkg/travelagent/travelagent.go:143.72,150.96 2 0
github.com/scttfrdmn/cargoship/pkg/travelagent/travelagent.go:150.96,152.5 1 0
github.com/scttfrdmn/cargoship/pkg/travelagent/travelagent.go:154.3,154.13 1 1
github.com/scttfrdmn/cargoship/pkg/travelagent/travelagent.go:155.17,157.3 1 0
github.com/scttfrdmn/cargoship/pkg/travelagent/travelagent.go:159.2,160.16 2 1
github.com/scttfrdmn/cargoship/pkg/travelagent/travelagent.go:160.16,162.3 1 0
github.com/scttfrdmn/cargoship/pkg/travelagent/travelagent.go:163.2,163.26 1 1
github.com/scttfrdmn/cargoship/pkg/travelagent/travelagent.go:167.52,169.2 1 1
github.com/scttfrdmn/cargoship/pkg/travelagent/travelagent.go:172.43,174.2 1 1
github.com/scttfrdmn/cargoship/pkg/travelagent/travelagent.go:176.69,178.16 2 1
github.com/scttfrdmn/cargoship/pkg/travelagent/travelagent.go:178.16,180.3 1 0
github.com/scttfrdmn/cargoship/pkg/travelagent/travelagent.go:182.2,183.62 2 1
github.com/scttfrdmn/cargoship/pkg/travelagent/travelagent.go:183.62,185.3 1 0
github.com/scttfrdmn/cargoship/pkg/travelagent/travelagent.go:186.2,186.35 1 1
github.com/scttfrdmn/cargoship/pkg/travelagent/travelagent.go:186.35,188.3 1 0
github.com/scttfrdmn/cargoship/pkg/travelagent/travelagent.go:190.2,190.26 1 1
github.com/scttfrdmn/cargoship/pkg/travelagent/travelagent.go:194.58,196.17 2 1
github.com/scttfrdmn/cargoship/pkg/travelagent/travelagent.go:196.17,198.3 1 1
github.com/scttfrdmn/cargoship/pkg/travelagent/travelagent.go:199.2,204.17 5 1
github.com/scttfrdmn/cargoship/pkg/travelagent/travelagent.go:204.17,206.3 1 0
github.com/scttfrdmn/cargoship/pkg/travelagent/travelagent.go:208.2,208.47 1 1
github.com/scttfrdmn/cargoship/pkg/travelagent/travelagent.go:208.47,210.3 1 0
github.com/scttfrdmn/cargoship/pkg/travelagent/travelagent.go:212.2,212.39 1 1
github.com/scttfrdmn/cargoship/pkg/travelagent/travelagent.go:212.39,214.3 1 0
github.com/scttfrdmn/cargoship/pkg/travelagent/travelagent.go:216.2,217.16 2 1
github.com/scttfrdmn/cargoship/pkg/travelagent/travelagent.go:217.16,219.3 1 0
github.com/scttfrdmn/cargoship/pkg/travelagent/travelagent.go:220.2,222.50 3 1
github.com/scttfrdmn/cargoship/pkg/travelagent/travelagent.go:222.50,224.3 1 0
github.com/scttfrdmn/cargoship/pkg/travelagent/travelagent.go:225.2,225.12 1 1
github.com/scttfrdmn/cargoship/pkg/travelagent/travelagent.go:229.76,231.52 1 1
github.com/scttfrdmn/cargoship/pkg/travelagent/travelagent.go:231.52,234.3 2 0
github.com/scttfrdmn/cargoship/pkg/travelagent/travelagent.go:235.2,237.16 3 1
github.com/scttfrdmn/cargoship/pkg/travelagent/travelagent.go:237.16,239.3 1 0
github.com/scttfrdmn/cargoship/pkg/travelagent/travelagent.go:240.2,241.18 2 1
github.com/scttfrdmn/cargoship/pkg/travelagent/travelagent.go:241.18,243.3 1 1
github.com/scttfrdmn/cargoship/pkg/travelagent/travelagent.go:243.8,245.3 1 1
github.com/scttfrdmn/cargoship/pkg/travelagent/travelagent.go:246.2,246.16 1 1
github.com/scttfrdmn/cargoship/pkg/travelagent/travelagent.go:246.16,248.3 1 0
github.com/scttfrdmn/cargoship/pkg/travelagent/travelagent.go:250.2,251.16 2 1
github.com/scttfrdmn/cargoship/pkg/travelagent/travelagent.go:251.16,253.3 1 1
github.com/scttfrdmn/cargoship/pkg/travelagent/travelagent.go:254.2,254.16 1 1
github.com/scttfrdmn/cargoship/pkg/travelagent/travelagent.go:262.48,264.16 2 1
github.com/scttfrdmn/cargoship/pkg/travelagent/travelagent.go:264.16,266.3 1 0
github.com/scttfrdmn/cargoship/pkg/travelagent/travelagent.go:267.2,269.16 3 1
github.com/scttfrdmn/cargoship/pkg/travelagent/travelagent.go:269.16,271.3 1 0
github.com/scttfrdmn/cargoship/pkg/travelagent/travelagent.go:272.2,272.16 1 1
github.com/scttfrdmn/cargoship/pkg/travelagent/travelagent.go:275.88,278.42 3 1
github.com/scttfrdmn/cargoship/pkg/travelagent/travelagent.go:278.42,280.3 1 1
github.com/scttfrdmn/cargoship/pkg/travelagent/travelagent.go:282.2,282.17 1 1
github.com/scttfrdmn/cargoship/pkg/travelagent/travelagent.go:282.17,285.3 2 0
github.com/scttfrdmn/cargoship/pkg/travelagent/travelagent.go:287.2,289.16 3 1
github.com/scttfrdmn/cargoship/pkg/travelagent/travelagent.go:289.16,291.3 1 0
github.com/scttfrdmn/cargoship/pkg/travelagent/travelagent.go:293.2,295.79 2 1
github.com/scttfrdmn/cargoship/pkg/travelagent/travelagent.go:295.79,297.66 2 1
github.com/scttfrdmn/cargoship/pkg/travelagent/travelagent.go:297.66,299.4 1 1
github.com/scttfrdmn/cargoship/pkg/travelagent/travelagent.go:301.3,301.67 1 0
github.com/scttfrdmn/cargoship/pkg/travelagent/travelagent.go:304.2,305.21 2 1
github.com/scttfrdmn/cargoship/pkg/travelagent/travelagent.go:305.21,306.71 1 1
github.com/scttfrdmn/cargoship/pkg/travelagent/travelagent.go:306.71,308.4 1 0
github.com/scttfrdmn/cargoship/pkg/travelagent/travelagent.go:310.2,312.15 2 1
github.com/scttfrdmn/cargoship/pkg/travelagent/travelagent.go:318.45,319.44 1 1
github.com/scttfrdmn/cargoship/pkg/travelagent/travelagent.go:319.44,321.3 1 1
github.com/scttfrdmn/cargoship/pkg/travelagent/travelagent.go:324.32,325.44 1 1
github.com/scttfrdmn/cargoship/pkg/travelagent/travelagent.go:325.44,327.3 1 1
github.com/scttfrdmn/cargoship/pkg/travelagent/travelagent.go:331.40,332.38 1 0
github.com/scttfrdmn/cargoship/pkg/travelagent/travelagent.go:332.38,334.3 1 0
github.com/scttfrdmn/cargoship/pkg/travelagent/travelagent.go:338.31,341.16 3 1
github.com/scttfrdmn/cargoship/pkg/travelagent/travelagent.go:341.16,343.3 1 1
github.com/scttfrdmn/cargoship/pkg/travelagent/travelagent.go:344.2,344.38 1 1
github.com/scttfrdmn/cargoship/pkg/travelagent/travelagent.go:344.38,346.3 1 1
github.com/scttfrdmn/cargoship/pkg/travelagent/travelagent.go:350.29,351.38 1 0
github.com/scttfrdmn/cargoship/pkg/travelagent/travelagent.go:351.38,353.3 1 0
github.com/scttfrdmn/cargoship/pkg/travelagent/travelagent.go:357.33,358.38 1 1
github.com/scttfrdmn/cargoship/pkg/travelagent/travelagent.go:358.38,360.3 1 1
github.com/scttfrdmn/cargoship/pkg/travelagent/travelagent.go:364.42,366.16 2 0
github.com/scttfrdmn/cargoship/pkg/travelagent/travelagent.go:366.16,368.3 1 0
github.com/scttfrdmn/cargoship/pkg/travelagent/travelagent.go:369.2,370.16 2 0
github.com/scttfrdmn/cargoship/pkg/travelagent/travelagent.go:370.16,372.3 1 0
github.com/scttfrdmn/cargoship/pkg/travelagent/travelagent.go:373.2,373.38 1 0
github.com/scttfrdmn/cargoship/pkg/travelagent/travelagent.go:373.38,376.3 2 0
github.com/scttfrdmn/cargoship/pkg/travelagent/travelagent.go:380.40,381.38 1 0
github.com/scttfrdmn/cargoship/pkg/travelagent/travelagent.go:381.38,383.3 1 0
github.com/scttfrdmn/cargoship/pkg/travelagent/travelagent.go:387.50,388.38 1 1
github.com/scttfrdmn/cargoship/pkg/travelagent/travelagent.go:388.38,390.3 1 1
github.com/scttfrdmn/cargoship/pkg/travelagent/travelagent.go:394.54,395.38 1 1
github.com/scttfrdmn/cargoship/pkg/travelagent/travelagent.go:395.38,397.3 1 1
github.com/scttfrdmn/cargoship/pkg/travelagent/travelagent.go:401.38,402.38 1 0
github.com/scttfrdmn/cargoship/pkg/travelagent/travelagent.go:402.38,404.3 1 0
github.com/scttfrdmn/cargoship/pkg/travelagent/travelagent.go:408.50,409.38 1 0
github.com/scttfrdmn/cargoship/pkg/travelagent/travelagent.go:409.38,411.3 1 0
github.com/scttfrdmn/cargoship/pkg/travelagent/travelagent.go:415.41,417.16 2 1
github.com/scttfrdmn/cargoship/pkg/travelagent/travelagent.go:417.16,419.3 1 0
github.com/scttfrdmn/cargoship/pkg/travelagent/travelagent.go:420.2,421.16 2 1
github.com/scttfrdmn/cargoship/pkg/travelagent/travelagent.go:421.16,423.3 1 0
github.com/scttfrdmn/cargoship/pkg/travelagent/travelagent.go:424.2,426.20 3 1
github.com/scttfrdmn/cargoship/pkg/travelagent/travelagent.go:426.20,428.17 2 1
github.com/scttfrdmn/cargoship/pkg/travelagent/travelagent.go:428.17,430.4 1 0
github.com/scttfrdmn/cargoship/pkg/travelagent/travelagent.go:431.3,433.17 3 1
github.com/scttfrdmn/cargoship/pkg/travelagent/travelagent.go:433.17,435.4 1 0
github.com/scttfrdmn/cargoship/pkg/travelagent/travelagent.go:436.8,438.17 2 1
github.com/scttfrdmn/cargoship/pkg/travelagent/travelagent.go:438.17,440.4 1 0
github.com/scttfrdmn/cargoship/pkg/travelagent/travelagent.go:441.3,442.17 2 1
github.com/scttfrdmn/cargoship/pkg/travelagent/travelagent.go:442.17,444.4 1 0
github.com/scttfrdmn/cargoship/pkg/travelagent/travelagent.go:445.3,446.17 2 1
github.com/scttfrdmn/cargoship/pkg/travelagent/travelagent.go:446.17,448.4 1 0
github.com/scttfrdmn/cargoship/pkg/travelagent/travelagent.go:451.2,452.17 2 1
github.com/scttfrdmn/cargoship/pkg/travelagent/travelagent.go:452.17,454.3 1 0
github.com/scttfrdmn/cargoship/pkg/travelagent/travelagent.go:456.2,456.38 1 1
github.com/scttfrdmn/cargoship/pkg/travelagent/travelagent.go:456.38,457.22 1 1
github.com/scttfrdmn/cargoship/pkg/travelagent/travelagent.go:457.22,459.4 1 1
github.com/scttfrdmn/cargoship/pkg/travelagent/travelagent.go:460.3,460.18 1 1
github.com/scttfrdmn/cargoship/pkg/travelagent/travelagent.go:460.18,462.4 1 1
github.com/scttfrdmn/cargoship/pkg/travelagent/travelagent.go:463.3,464.39 2 1
github.com/scttfrdmn/cargoship/pkg/travelagent/travelagent.go:469.51,477.33 2 1
github.com/scttfrdmn/cargoship/pkg/travelagent/travelagent.go:477.33,479.17 2 1
github.com/scttfrdmn/cargoship/pkg/travelagent/travelagent.go:479.17,481.4 1 1
github.com/scttfrdmn/cargoship/pkg/travelagent/travelagent.go:482.3,482.10 1 1
github.com/scttfrdmn/cargoship/pkg/travelagent/travelagent.go:486.2,490.35 3 1
github.com/scttfrdmn/cargoship/pkg/travelagent/travelagent.go:490.35,492.3 1 0
github.com/scttfrdmn/cargoship/pkg/travelagent/travelagent.go:494.2,494.19 1 1
github.com/scttfrdmn/cargoship/pkg/travelagent/travelagent.go:494.19,496.3 1 1
github.com/scttfrdmn/cargoship/pkg/travelagent/travelagent.go:497.2,497.20 1 1
github.com/scttfrdmn/cargoship/pkg/travelagent/travelagent.go:497.20,499.3 1 1
github.com/scttfrdmn/cargoship/pkg/travelagent/travelagent.go:501.2,501.16 1 1
github.com/scttfrdmn/cargoship/pkg/travelagent/travelagent.go:505.61,509.18 2 1
github.com/scttfrdmn/cargoship/pkg/travelagent/travelagent.go:509.18,511.3 1 1
github.com/scttfrdmn/cargoship/pkg/travelagent/travelagent.go:512.2,512.9 1 1
github.com/scttfrdmn/cargoship/pkg/travelagent/travelagent.go:513.38,520.40 2 0
github.com/scttfrdmn/cargoship/pkg/travelagent/travelagent.go:520.40,522.4 1 0
github.com/scttfrdmn/cargoship/pkg/travelagent/travelagent.go:523.3,523.39 1 0
github.com/scttfrdmn/cargoship/pkg/travelagent/travelagent.go:523.39,525.4 1 0
github.com/scttfrdmn/cargoship/pkg/travelagent/travelagent.go:526.3,526.43 1 0
github.com/scttfrdmn/cargoship/pkg/travelagent/travelagent.go:526.43,528.4 1 0
github.com/scttfrdmn/cargoship/pkg/travelagent/travelagent.go:530.37,531.119 1 0
github.com/scttfrdmn/cargoship/pkg/travelagent/travelagent.go:534.2,534.9 1 1
github.com/scttfrdmn/cargoship/pkg/travelagent/travelagent.go:535.26,536.30 1 1
github.com/scttfrdmn/cargoship/pkg/travelagent/travelagent.go:537.45,541.46 4 0
github.com/scttfrdmn/cargoship/pkg/travelagent/travelagent.go:542.46,543.26 1 0
github.com/scttfrdmn/cargoship/pkg/travelagent/travelagent.go:544.10,545.33 1 0
github.com/scttfrdmn/cargoship/pkg/travelagent/travelagent.go:548.2,548.61 1 1
github.com/scttfrdmn/cargoship/pkg/travelagent/travelagent.go:548.61,550.3 1 0
github.com/scttfrdmn/cargoship/pkg/travelagent/travelagent.go:551.2,551.10 1 1
github.com/scttfrdmn/cargoship/pkg/travelagent/travelagent.go:554.26,557.2 2 0
github.com/scttfrdmn/cargoship/pkg/travelagent/travelagent.go:563.47,565.2 1 1
github.com/scttfrdmn/cargoship/pkg/travelagent/travelagent.go:568.51,572.2 3 1
github.com/scttfrdmn/cargoship/pkg/travelagent/travelagent.go:586.45,587.11 1 1
github.com/scttfrdmn/cargoship/pkg/travelagent/travelagent.go:588.17,589.28 1 1
github.com/scttfrdmn/cargoship/pkg/travelagent/travelagent.go:590.21,591.31 1 1
github.com/scttfrdmn/cargoship/pkg/travelagent/travelagent.go:592.18,593.29 1 0
github.com/scttfrdmn/cargoship/pkg/travelagent/travelagent.go:594.16,595.27 1 0
github.com/scttfrdmn/cargoship/pkg/travelagent/travelagent.go:596.10,597.67 1 0
github.com/scttfrdmn/cargoship/pkg/travelagent/travelagent.go:601.33,602.11 1 1
github.com/scttfrdmn/cargoship/pkg/travelagent/travelagent.go:603.21,604.19 1 1
github.com/scttfrdmn/cargoship/pkg/travelagent/travelagent.go:605.24,606.23 1 1
github.com/scttfrdmn/cargoship/pkg/travelagent/travelagent.go:607.22,608.20 1 1
github.com/scttfrdmn/cargoship/pkg/travelagent/travelagent.go:609.20,610.18 1 1
github.com/scttfrdmn/cargoship/pkg/travelagent/travelagent.go:611.10,612.26 1 0
github.com/scttfrdmn/cargoship/pkg/travelagent/travelagent.go:631.26,633.16 2 1
github.com/scttfrdmn/cargoship/pkg/travelagent/travelagent.go:633.16,635.3 1 0
github.com/scttfrdmn/cargoship/pkg/travelagent/travelagent.go:639.36,648.2 7 1
github.com/scttfrdmn/cargoship/pkg/travelagent/travelagent.go:650.28,651.16 1 1
github.com/scttfrdmn/cargoship/pkg/travelagent/travelagent.go:651.16,652.13 1 0
github.com/scttfrdmn/cargoship/pkg/travelagent/travelagent.go:656.32,657.11 1 1
github.com/scttfrdmn/cargoship/pkg/travelagent/travelagent.go:657.11,658.63 1 0
github.com/scttfrdmn/cargoship/pkg/travelagent/travelagent.go:660.2,660.18 1 1
