mode: set
github.com/scttfrdmn/cargoship/pkg/gpg/gpg.go:26.72,28.16 2 1
github.com/scttfrdmn/cargoship/pkg/gpg/gpg.go:28.16,30.3 1 0
github.com/scttfrdmn/cargoship/pkg/gpg/gpg.go:32.2,33.16 2 1
github.com/scttfrdmn/cargoship/pkg/gpg/gpg.go:33.16,35.3 1 0
github.com/scttfrdmn/cargoship/pkg/gpg/gpg.go:36.2,37.21 2 1
github.com/scttfrdmn/cargoship/pkg/gpg/gpg.go:37.21,39.17 2 1
github.com/scttfrdmn/cargoship/pkg/gpg/gpg.go:39.17,41.4 1 0
github.com/scttfrdmn/cargoship/pkg/gpg/gpg.go:44.2,44.34 1 1
github.com/scttfrdmn/cargoship/pkg/gpg/gpg.go:44.34,46.17 2 1
github.com/scttfrdmn/cargoship/pkg/gpg/gpg.go:46.17,48.4 1 0
github.com/scttfrdmn/cargoship/pkg/gpg/gpg.go:49.3,49.39 1 1
github.com/scttfrdmn/cargoship/pkg/gpg/gpg.go:51.2,51.23 1 1
github.com/scttfrdmn/cargoship/pkg/gpg/gpg.go:56.91,64.14 5 1
github.com/scttfrdmn/cargoship/pkg/gpg/gpg.go:64.14,66.17 2 1
github.com/scttfrdmn/cargoship/pkg/gpg/gpg.go:66.17,68.4 1 0
github.com/scttfrdmn/cargoship/pkg/gpg/gpg.go:69.3,70.17 2 1
github.com/scttfrdmn/cargoship/pkg/gpg/gpg.go:70.17,72.4 1 0
github.com/scttfrdmn/cargoship/pkg/gpg/gpg.go:73.8,75.17 2 1
github.com/scttfrdmn/cargoship/pkg/gpg/gpg.go:75.17,77.4 1 0
github.com/scttfrdmn/cargoship/pkg/gpg/gpg.go:84.2,85.16 2 1
github.com/scttfrdmn/cargoship/pkg/gpg/gpg.go:85.16,87.3 1 0
github.com/scttfrdmn/cargoship/pkg/gpg/gpg.go:89.2,90.16 2 1
github.com/scttfrdmn/cargoship/pkg/gpg/gpg.go:90.16,92.3 1 0
github.com/scttfrdmn/cargoship/pkg/gpg/gpg.go:93.2,93.14 1 1
github.com/scttfrdmn/cargoship/pkg/gpg/gpg.go:93.14,95.17 2 1
github.com/scttfrdmn/cargoship/pkg/gpg/gpg.go:95.17,97.4 1 0
github.com/scttfrdmn/cargoship/pkg/gpg/gpg.go:100.2,100.28 1 1
github.com/scttfrdmn/cargoship/pkg/gpg/gpg.go:104.55,106.16 2 1
github.com/scttfrdmn/cargoship/pkg/gpg/gpg.go:106.16,108.3 1 0
github.com/scttfrdmn/cargoship/pkg/gpg/gpg.go:109.2,109.15 1 1
github.com/scttfrdmn/cargoship/pkg/gpg/gpg.go:109.15,111.18 2 1
github.com/scttfrdmn/cargoship/pkg/gpg/gpg.go:111.18,112.15 1 0
github.com/scttfrdmn/cargoship/pkg/gpg/gpg.go:115.2,116.16 2 1
github.com/scttfrdmn/cargoship/pkg/gpg/gpg.go:116.16,118.3 1 0
github.com/scttfrdmn/cargoship/pkg/gpg/gpg.go:119.2,119.57 1 1
github.com/scttfrdmn/cargoship/pkg/gpg/gpg.go:123.64,126.14 2 1
github.com/scttfrdmn/cargoship/pkg/gpg/gpg.go:126.14,130.17 4 1
github.com/scttfrdmn/cargoship/pkg/gpg/gpg.go:130.17,132.4 1 0
github.com/scttfrdmn/cargoship/pkg/gpg/gpg.go:133.3,133.16 1 1
github.com/scttfrdmn/cargoship/pkg/gpg/gpg.go:133.16,135.19 2 1
github.com/scttfrdmn/cargoship/pkg/gpg/gpg.go:135.19,136.16 1 0
github.com/scttfrdmn/cargoship/pkg/gpg/gpg.go:139.3,143.17 2 1
github.com/scttfrdmn/cargoship/pkg/gpg/gpg.go:143.17,145.4 1 0
github.com/scttfrdmn/cargoship/pkg/gpg/gpg.go:146.3,147.80 2 1
github.com/scttfrdmn/cargoship/pkg/gpg/gpg.go:150.2,151.16 2 1
github.com/scttfrdmn/cargoship/pkg/gpg/gpg.go:151.16,153.3 1 0
github.com/scttfrdmn/cargoship/pkg/gpg/gpg.go:154.2,154.37 1 1
github.com/scttfrdmn/cargoship/pkg/gpg/gpg.go:154.37,156.17 2 1
github.com/scttfrdmn/cargoship/pkg/gpg/gpg.go:156.17,158.12 2 0
github.com/scttfrdmn/cargoship/pkg/gpg/gpg.go:160.3,160.23 1 1
github.com/scttfrdmn/cargoship/pkg/gpg/gpg.go:162.2,162.19 1 1
github.com/scttfrdmn/cargoship/pkg/gpg/gpg.go:162.19,164.3 1 0
github.com/scttfrdmn/cargoship/pkg/gpg/gpg.go:165.2,165.18 1 1
github.com/scttfrdmn/cargoship/pkg/gpg/gpg.go:177.35,177.58 1 1
github.com/scttfrdmn/cargoship/pkg/gpg/gpg.go:180.34,182.2 1 1
github.com/scttfrdmn/cargoship/pkg/gpg/gpg.go:185.40,187.2 1 1
github.com/scttfrdmn/cargoship/pkg/gpg/gpg.go:190.41,192.2 1 1
github.com/scttfrdmn/cargoship/pkg/gpg/gpg.go:195.34,197.2 1 1
github.com/scttfrdmn/cargoship/pkg/gpg/gpg.go:200.39,200.53 1 1
github.com/scttfrdmn/cargoship/pkg/gpg/gpg.go:203.67,210.2 2 1
github.com/scttfrdmn/cargoship/pkg/gpg/keys.go:18.101,20.2 1 1
github.com/scttfrdmn/cargoship/pkg/gpg/keys.go:39.34,41.23 2 1
github.com/scttfrdmn/cargoship/pkg/gpg/keys.go:41.23,43.3 1 1
github.com/scttfrdmn/cargoship/pkg/gpg/keys.go:44.2,44.26 1 0
github.com/scttfrdmn/cargoship/pkg/gpg/keys.go:48.32,50.2 1 1
github.com/scttfrdmn/cargoship/pkg/gpg/keys.go:53.39,54.32 1 1
github.com/scttfrdmn/cargoship/pkg/gpg/keys.go:54.32,57.3 2 1
github.com/scttfrdmn/cargoship/pkg/gpg/keys.go:58.2,58.85 1 1
github.com/scttfrdmn/cargoship/pkg/gpg/keys.go:62.49,64.2 1 1
github.com/scttfrdmn/cargoship/pkg/gpg/keys.go:82.50,83.21 1 1
github.com/scttfrdmn/cargoship/pkg/gpg/keys.go:83.21,85.3 1 1
github.com/scttfrdmn/cargoship/pkg/gpg/keys.go:86.2,86.22 1 1
github.com/scttfrdmn/cargoship/pkg/gpg/keys.go:86.22,88.3 1 1
github.com/scttfrdmn/cargoship/pkg/gpg/keys.go:89.2,89.24 1 1
github.com/scttfrdmn/cargoship/pkg/gpg/keys.go:89.24,91.3 1 0
github.com/scttfrdmn/cargoship/pkg/gpg/keys.go:92.2,92.45 1 1
github.com/scttfrdmn/cargoship/pkg/gpg/keys.go:92.45,94.3 1 0
github.com/scttfrdmn/cargoship/pkg/gpg/keys.go:95.2,96.16 2 1
github.com/scttfrdmn/cargoship/pkg/gpg/keys.go:96.16,98.3 1 0
github.com/scttfrdmn/cargoship/pkg/gpg/keys.go:99.2,100.16 2 1
github.com/scttfrdmn/cargoship/pkg/gpg/keys.go:100.16,102.3 1 0
github.com/scttfrdmn/cargoship/pkg/gpg/keys.go:103.2,104.16 2 1
github.com/scttfrdmn/cargoship/pkg/gpg/keys.go:104.16,106.3 1 0
github.com/scttfrdmn/cargoship/pkg/gpg/keys.go:107.2,111.16 2 1
github.com/scttfrdmn/cargoship/pkg/gpg/keys.go:116.70,118.16 2 1
github.com/scttfrdmn/cargoship/pkg/gpg/keys.go:118.16,120.17 2 1
github.com/scttfrdmn/cargoship/pkg/gpg/keys.go:120.17,122.4 1 0
github.com/scttfrdmn/cargoship/pkg/gpg/keys.go:124.2,128.16 4 1
github.com/scttfrdmn/cargoship/pkg/gpg/keys.go:128.16,130.3 1 0
github.com/scttfrdmn/cargoship/pkg/gpg/keys.go:131.2,132.16 2 1
github.com/scttfrdmn/cargoship/pkg/gpg/keys.go:132.16,134.3 1 0
github.com/scttfrdmn/cargoship/pkg/gpg/keys.go:135.2,135.41 1 1
github.com/scttfrdmn/cargoship/pkg/gpg/keys.go:139.66,141.22 2 1
github.com/scttfrdmn/cargoship/pkg/gpg/keys.go:141.22,143.3 1 1
github.com/scttfrdmn/cargoship/pkg/gpg/keys.go:144.2,144.12 1 1
github.com/scttfrdmn/cargoship/pkg/gpg/keys.go:148.51,150.19 2 1
github.com/scttfrdmn/cargoship/pkg/gpg/keys.go:150.19,151.14 1 1
github.com/scttfrdmn/cargoship/pkg/gpg/keys.go:151.14,153.4 1 1
github.com/scttfrdmn/cargoship/pkg/gpg/keys.go:155.2,156.12 2 1
