mode: set
github.com/scttfrdmn/cargoship/pkg/inventory/inventory.go:78.107,80.47 2 1
github.com/scttfrdmn/cargoship/pkg/inventory/inventory.go:80.47,81.43 1 1
github.com/scttfrdmn/cargoship/pkg/inventory/inventory.go:81.43,83.4 1 1
github.com/scttfrdmn/cargoship/pkg/inventory/inventory.go:85.2,85.49 1 1
github.com/scttfrdmn/cargoship/pkg/inventory/inventory.go:89.40,91.23 2 1
github.com/scttfrdmn/cargoship/pkg/inventory/inventory.go:91.23,93.3 1 1
github.com/scttfrdmn/cargoship/pkg/inventory/inventory.go:94.2,94.33 1 1
github.com/scttfrdmn/cargoship/pkg/inventory/inventory.go:98.38,100.2 1 1
github.com/scttfrdmn/cargoship/pkg/inventory/inventory.go:103.45,104.29 1 1
github.com/scttfrdmn/cargoship/pkg/inventory/inventory.go:104.29,107.3 2 1
github.com/scttfrdmn/cargoship/pkg/inventory/inventory.go:108.2,108.80 1 1
github.com/scttfrdmn/cargoship/pkg/inventory/inventory.go:112.55,114.2 1 1
github.com/scttfrdmn/cargoship/pkg/inventory/inventory.go:140.109,142.49 2 1
github.com/scttfrdmn/cargoship/pkg/inventory/inventory.go:142.49,143.43 1 1
github.com/scttfrdmn/cargoship/pkg/inventory/inventory.go:143.43,145.4 1 1
github.com/scttfrdmn/cargoship/pkg/inventory/inventory.go:147.2,147.49 1 1
github.com/scttfrdmn/cargoship/pkg/inventory/inventory.go:150.33,152.23 2 1
github.com/scttfrdmn/cargoship/pkg/inventory/inventory.go:152.23,154.3 1 1
github.com/scttfrdmn/cargoship/pkg/inventory/inventory.go:155.2,155.25 1 1
github.com/scttfrdmn/cargoship/pkg/inventory/inventory.go:159.31,161.2 1 1
github.com/scttfrdmn/cargoship/pkg/inventory/inventory.go:164.38,165.31 1 1
github.com/scttfrdmn/cargoship/pkg/inventory/inventory.go:165.31,168.3 2 1
github.com/scttfrdmn/cargoship/pkg/inventory/inventory.go:169.2,169.84 1 1
github.com/scttfrdmn/cargoship/pkg/inventory/inventory.go:173.48,175.2 1 1
github.com/scttfrdmn/cargoship/pkg/inventory/inventory.go:195.45,197.16 2 1
github.com/scttfrdmn/cargoship/pkg/inventory/inventory.go:197.16,198.13 1 0
github.com/scttfrdmn/cargoship/pkg/inventory/inventory.go:200.2,200.10 1 1
github.com/scttfrdmn/cargoship/pkg/inventory/inventory.go:204.44,206.32 2 1
github.com/scttfrdmn/cargoship/pkg/inventory/inventory.go:206.32,207.33 1 1
github.com/scttfrdmn/cargoship/pkg/inventory/inventory.go:207.33,209.4 1 1
github.com/scttfrdmn/cargoship/pkg/inventory/inventory.go:211.2,211.27 1 1
github.com/scttfrdmn/cargoship/pkg/inventory/inventory.go:211.27,213.3 1 1
github.com/scttfrdmn/cargoship/pkg/inventory/inventory.go:214.2,214.12 1 0
github.com/scttfrdmn/cargoship/pkg/inventory/inventory.go:218.50,220.16 2 1
github.com/scttfrdmn/cargoship/pkg/inventory/inventory.go:220.16,222.3 1 0
github.com/scttfrdmn/cargoship/pkg/inventory/inventory.go:223.2,223.23 1 1
github.com/scttfrdmn/cargoship/pkg/inventory/inventory.go:238.40,239.24 1 1
github.com/scttfrdmn/cargoship/pkg/inventory/inventory.go:239.24,241.3 1 0
github.com/scttfrdmn/cargoship/pkg/inventory/inventory.go:243.2,247.29 4 1
github.com/scttfrdmn/cargoship/pkg/inventory/inventory.go:247.29,251.28 3 1
github.com/scttfrdmn/cargoship/pkg/inventory/inventory.go:251.28,253.4 1 1
github.com/scttfrdmn/cargoship/pkg/inventory/inventory.go:256.2,265.3 2 1
github.com/scttfrdmn/cargoship/pkg/inventory/inventory.go:268.36,269.11 1 1
github.com/scttfrdmn/cargoship/pkg/inventory/inventory.go:269.11,270.63 1 0
github.com/scttfrdmn/cargoship/pkg/inventory/inventory.go:272.2,272.18 1 1
github.com/scttfrdmn/cargoship/pkg/inventory/inventory.go:276.34,280.41 3 1
github.com/scttfrdmn/cargoship/pkg/inventory/inventory.go:280.41,290.3 3 0
github.com/scttfrdmn/cargoship/pkg/inventory/inventory.go:291.2,295.3 1 1
github.com/scttfrdmn/cargoship/pkg/inventory/inventory.go:328.47,330.16 2 1
github.com/scttfrdmn/cargoship/pkg/inventory/inventory.go:330.16,332.3 1 0
github.com/scttfrdmn/cargoship/pkg/inventory/inventory.go:333.2,334.12 2 1
github.com/scttfrdmn/cargoship/pkg/inventory/inventory.go:338.38,339.26 1 1
github.com/scttfrdmn/cargoship/pkg/inventory/inventory.go:339.26,341.3 1 1
github.com/scttfrdmn/cargoship/pkg/inventory/inventory.go:345.42,346.26 1 1
github.com/scttfrdmn/cargoship/pkg/inventory/inventory.go:346.26,348.3 1 1
github.com/scttfrdmn/cargoship/pkg/inventory/inventory.go:352.49,353.26 1 1
github.com/scttfrdmn/cargoship/pkg/inventory/inventory.go:353.26,355.3 1 1
github.com/scttfrdmn/cargoship/pkg/inventory/inventory.go:359.42,360.26 1 1
github.com/scttfrdmn/cargoship/pkg/inventory/inventory.go:360.26,362.3 1 1
github.com/scttfrdmn/cargoship/pkg/inventory/inventory.go:366.49,367.26 1 1
github.com/scttfrdmn/cargoship/pkg/inventory/inventory.go:367.26,369.3 1 1
github.com/scttfrdmn/cargoship/pkg/inventory/inventory.go:373.51,374.26 1 1
github.com/scttfrdmn/cargoship/pkg/inventory/inventory.go:374.26,376.3 1 1
github.com/scttfrdmn/cargoship/pkg/inventory/inventory.go:380.50,382.26 2 1
github.com/scttfrdmn/cargoship/pkg/inventory/inventory.go:382.26,383.14 1 1
github.com/scttfrdmn/cargoship/pkg/inventory/inventory.go:383.14,385.4 1 1
github.com/scttfrdmn/cargoship/pkg/inventory/inventory.go:390.47,391.26 1 1
github.com/scttfrdmn/cargoship/pkg/inventory/inventory.go:391.26,393.3 1 1
github.com/scttfrdmn/cargoship/pkg/inventory/inventory.go:397.50,398.26 1 1
github.com/scttfrdmn/cargoship/pkg/inventory/inventory.go:398.26,400.3 1 1
github.com/scttfrdmn/cargoship/pkg/inventory/inventory.go:404.40,405.26 1 1
github.com/scttfrdmn/cargoship/pkg/inventory/inventory.go:405.26,406.14 1 1
github.com/scttfrdmn/cargoship/pkg/inventory/inventory.go:406.14,408.4 1 1
github.com/scttfrdmn/cargoship/pkg/inventory/inventory.go:413.42,414.26 1 1
github.com/scttfrdmn/cargoship/pkg/inventory/inventory.go:414.26,416.3 1 1
github.com/scttfrdmn/cargoship/pkg/inventory/inventory.go:420.57,421.26 1 1
github.com/scttfrdmn/cargoship/pkg/inventory/inventory.go:421.26,423.3 1 1
github.com/scttfrdmn/cargoship/pkg/inventory/inventory.go:427.53,429.16 2 1
github.com/scttfrdmn/cargoship/pkg/inventory/inventory.go:429.16,430.13 1 0
github.com/scttfrdmn/cargoship/pkg/inventory/inventory.go:432.2,438.30 2 1
github.com/scttfrdmn/cargoship/pkg/inventory/inventory.go:438.30,440.3 1 1
github.com/scttfrdmn/cargoship/pkg/inventory/inventory.go:441.2,442.16 2 1
github.com/scttfrdmn/cargoship/pkg/inventory/inventory.go:442.16,443.13 1 0
github.com/scttfrdmn/cargoship/pkg/inventory/inventory.go:445.2,445.12 1 1
github.com/scttfrdmn/cargoship/pkg/inventory/inventory.go:465.44,466.29 1 1
github.com/scttfrdmn/cargoship/pkg/inventory/inventory.go:466.29,467.27 1 1
github.com/scttfrdmn/cargoship/pkg/inventory/inventory.go:467.27,469.4 1 1
github.com/scttfrdmn/cargoship/pkg/inventory/inventory.go:474.46,477.31 2 1
github.com/scttfrdmn/cargoship/pkg/inventory/inventory.go:477.31,479.3 1 1
github.com/scttfrdmn/cargoship/pkg/inventory/inventory.go:480.2,480.12 1 1
github.com/scttfrdmn/cargoship/pkg/inventory/inventory.go:484.52,487.39 2 1
github.com/scttfrdmn/cargoship/pkg/inventory/inventory.go:487.39,489.3 1 1
github.com/scttfrdmn/cargoship/pkg/inventory/inventory.go:490.2,490.12 1 1
github.com/scttfrdmn/cargoship/pkg/inventory/inventory.go:495.57,499.43 3 1
github.com/scttfrdmn/cargoship/pkg/inventory/inventory.go:499.43,501.3 1 1
github.com/scttfrdmn/cargoship/pkg/inventory/inventory.go:502.2,502.32 1 1
github.com/scttfrdmn/cargoship/pkg/inventory/inventory.go:502.32,505.19 1 1
github.com/scttfrdmn/cargoship/pkg/inventory/inventory.go:505.19,507.4 1 1
github.com/scttfrdmn/cargoship/pkg/inventory/inventory.go:507.9,509.18 2 1
github.com/scttfrdmn/cargoship/pkg/inventory/inventory.go:509.18,511.5 1 1
github.com/scttfrdmn/cargoship/pkg/inventory/inventory.go:513.4,514.41 2 1
github.com/scttfrdmn/cargoship/pkg/inventory/inventory.go:514.41,515.30 1 1
github.com/scttfrdmn/cargoship/pkg/inventory/inventory.go:515.30,519.11 4 1
github.com/scttfrdmn/cargoship/pkg/inventory/inventory.go:522.4,522.15 1 1
github.com/scttfrdmn/cargoship/pkg/inventory/inventory.go:522.15,531.5 4 1
github.com/scttfrdmn/cargoship/pkg/inventory/inventory.go:534.3,534.31 1 1
github.com/scttfrdmn/cargoship/pkg/inventory/inventory.go:534.31,536.4 1 1
github.com/scttfrdmn/cargoship/pkg/inventory/inventory.go:538.3,538.58 1 1
github.com/scttfrdmn/cargoship/pkg/inventory/inventory.go:538.58,540.4 1 1
github.com/scttfrdmn/cargoship/pkg/inventory/inventory.go:541.3,543.22 3 1
github.com/scttfrdmn/cargoship/pkg/inventory/inventory.go:546.2,546.38 1 1
github.com/scttfrdmn/cargoship/pkg/inventory/inventory.go:546.38,548.3 1 1
github.com/scttfrdmn/cargoship/pkg/inventory/inventory.go:549.2,551.12 3 1
github.com/scttfrdmn/cargoship/pkg/inventory/inventory.go:555.63,559.23 2 1
github.com/scttfrdmn/cargoship/pkg/inventory/inventory.go:559.23,561.3 1 1
github.com/scttfrdmn/cargoship/pkg/inventory/inventory.go:562.2,562.37 1 1
github.com/scttfrdmn/cargoship/pkg/inventory/inventory.go:562.37,564.3 1 1
github.com/scttfrdmn/cargoship/pkg/inventory/inventory.go:566.2,566.32 1 1
github.com/scttfrdmn/cargoship/pkg/inventory/inventory.go:566.32,568.3 1 1
github.com/scttfrdmn/cargoship/pkg/inventory/inventory.go:570.2,572.18 3 1
github.com/scttfrdmn/cargoship/pkg/inventory/inventory.go:572.18,574.3 1 0
github.com/scttfrdmn/cargoship/pkg/inventory/inventory.go:577.2,578.41 2 1
github.com/scttfrdmn/cargoship/pkg/inventory/inventory.go:578.41,580.3 1 0
github.com/scttfrdmn/cargoship/pkg/inventory/inventory.go:582.2,582.70 1 1
github.com/scttfrdmn/cargoship/pkg/inventory/inventory.go:582.70,588.3 1 1
github.com/scttfrdmn/cargoship/pkg/inventory/inventory.go:590.2,590.39 1 1
github.com/scttfrdmn/cargoship/pkg/inventory/inventory.go:590.39,591.24 1 1
github.com/scttfrdmn/cargoship/pkg/inventory/inventory.go:591.24,594.4 2 0
github.com/scttfrdmn/cargoship/pkg/inventory/inventory.go:595.3,597.17 3 1
github.com/scttfrdmn/cargoship/pkg/inventory/inventory.go:597.17,598.29 1 0
github.com/scttfrdmn/cargoship/pkg/inventory/inventory.go:598.29,600.5 1 0
github.com/scttfrdmn/cargoship/pkg/inventory/inventory.go:603.2,603.66 1 1
github.com/scttfrdmn/cargoship/pkg/inventory/inventory.go:603.66,605.3 1 0
github.com/scttfrdmn/cargoship/pkg/inventory/inventory.go:606.2,606.17 1 1
github.com/scttfrdmn/cargoship/pkg/inventory/inventory.go:610.65,612.16 2 1
github.com/scttfrdmn/cargoship/pkg/inventory/inventory.go:612.16,614.3 1 0
github.com/scttfrdmn/cargoship/pkg/inventory/inventory.go:615.2,615.38 1 1
github.com/scttfrdmn/cargoship/pkg/inventory/inventory.go:619.70,622.26 3 1
github.com/scttfrdmn/cargoship/pkg/inventory/inventory.go:622.26,624.17 2 1
github.com/scttfrdmn/cargoship/pkg/inventory/inventory.go:624.17,626.4 1 0
github.com/scttfrdmn/cargoship/pkg/inventory/inventory.go:627.3,628.17 2 1
github.com/scttfrdmn/cargoship/pkg/inventory/inventory.go:628.17,630.4 1 0
github.com/scttfrdmn/cargoship/pkg/inventory/inventory.go:631.3,631.25 1 1
github.com/scttfrdmn/cargoship/pkg/inventory/inventory.go:631.25,633.4 1 0
github.com/scttfrdmn/cargoship/pkg/inventory/inventory.go:634.3,634.24 1 1
github.com/scttfrdmn/cargoship/pkg/inventory/inventory.go:636.2,636.17 1 1
github.com/scttfrdmn/cargoship/pkg/inventory/inventory.go:639.22,649.2 3 1
github.com/scttfrdmn/cargoship/pkg/inventory/inventory.go:652.61,654.16 2 1
github.com/scttfrdmn/cargoship/pkg/inventory/inventory.go:654.16,656.3 1 0
github.com/scttfrdmn/cargoship/pkg/inventory/inventory.go:657.2,658.16 2 1
github.com/scttfrdmn/cargoship/pkg/inventory/inventory.go:658.16,660.3 1 0
github.com/scttfrdmn/cargoship/pkg/inventory/inventory.go:662.2,663.16 2 1
github.com/scttfrdmn/cargoship/pkg/inventory/inventory.go:663.16,665.3 1 0
github.com/scttfrdmn/cargoship/pkg/inventory/inventory.go:666.2,666.24 1 1
github.com/scttfrdmn/cargoship/pkg/inventory/inventory.go:670.71,673.13 3 1
github.com/scttfrdmn/cargoship/pkg/inventory/inventory.go:674.23,675.17 1 1
github.com/scttfrdmn/cargoship/pkg/inventory/inventory.go:676.10,677.63 1 1
github.com/scttfrdmn/cargoship/pkg/inventory/inventory.go:679.2,679.16 1 1
github.com/scttfrdmn/cargoship/pkg/inventory/inventory.go:691.50,692.26 1 1
github.com/scttfrdmn/cargoship/pkg/inventory/inventory.go:692.26,694.3 1 1
github.com/scttfrdmn/cargoship/pkg/inventory/inventory.go:698.47,699.14 1 1
github.com/scttfrdmn/cargoship/pkg/inventory/inventory.go:699.14,700.25 1 0
github.com/scttfrdmn/cargoship/pkg/inventory/inventory.go:700.26,700.27 0 0
github.com/scttfrdmn/cargoship/pkg/inventory/inventory.go:702.2,702.26 1 1
github.com/scttfrdmn/cargoship/pkg/inventory/inventory.go:702.26,723.19 16 1
github.com/scttfrdmn/cargoship/pkg/inventory/inventory.go:723.19,725.4 1 1
github.com/scttfrdmn/cargoship/pkg/inventory/inventory.go:726.3,727.20 2 1
github.com/scttfrdmn/cargoship/pkg/inventory/inventory.go:727.20,729.4 1 0
github.com/scttfrdmn/cargoship/pkg/inventory/inventory.go:733.78,735.28 2 1
github.com/scttfrdmn/cargoship/pkg/inventory/inventory.go:736.20,738.18 2 1
github.com/scttfrdmn/cargoship/pkg/inventory/inventory.go:738.18,740.4 1 1
github.com/scttfrdmn/cargoship/pkg/inventory/inventory.go:741.22,743.28 2 1
github.com/scttfrdmn/cargoship/pkg/inventory/inventory.go:743.28,745.4 1 1
github.com/scttfrdmn/cargoship/pkg/inventory/inventory.go:746.10,747.52 1 0
github.com/scttfrdmn/cargoship/pkg/inventory/inventory.go:751.72,753.28 2 1
github.com/scttfrdmn/cargoship/pkg/inventory/inventory.go:754.20,756.18 2 1
github.com/scttfrdmn/cargoship/pkg/inventory/inventory.go:756.18,758.4 1 0
github.com/scttfrdmn/cargoship/pkg/inventory/inventory.go:759.22,761.28 2 1
github.com/scttfrdmn/cargoship/pkg/inventory/inventory.go:761.28,763.4 1 1
github.com/scttfrdmn/cargoship/pkg/inventory/inventory.go:764.10,765.52 1 0
github.com/scttfrdmn/cargoship/pkg/inventory/inventory.go:769.64,771.28 2 1
github.com/scttfrdmn/cargoship/pkg/inventory/inventory.go:772.20,774.18 2 1
github.com/scttfrdmn/cargoship/pkg/inventory/inventory.go:774.18,776.4 1 1
github.com/scttfrdmn/cargoship/pkg/inventory/inventory.go:777.22,779.28 2 1
github.com/scttfrdmn/cargoship/pkg/inventory/inventory.go:779.28,781.4 1 1
github.com/scttfrdmn/cargoship/pkg/inventory/inventory.go:782.10,783.52 1 0
github.com/scttfrdmn/cargoship/pkg/inventory/inventory.go:787.69,789.28 2 1
github.com/scttfrdmn/cargoship/pkg/inventory/inventory.go:790.20,792.18 2 1
github.com/scttfrdmn/cargoship/pkg/inventory/inventory.go:792.18,794.4 1 1
github.com/scttfrdmn/cargoship/pkg/inventory/inventory.go:795.22,797.28 2 1
github.com/scttfrdmn/cargoship/pkg/inventory/inventory.go:797.28,799.4 1 0
github.com/scttfrdmn/cargoship/pkg/inventory/inventory.go:800.10,801.52 1 0
github.com/scttfrdmn/cargoship/pkg/inventory/inventory.go:805.79,807.28 2 1
github.com/scttfrdmn/cargoship/pkg/inventory/inventory.go:808.20,810.18 2 1
github.com/scttfrdmn/cargoship/pkg/inventory/inventory.go:810.18,812.4 1 1
github.com/scttfrdmn/cargoship/pkg/inventory/inventory.go:813.22,815.28 2 1
github.com/scttfrdmn/cargoship/pkg/inventory/inventory.go:815.28,817.4 1 0
github.com/scttfrdmn/cargoship/pkg/inventory/inventory.go:818.10,819.52 1 0
github.com/scttfrdmn/cargoship/pkg/inventory/inventory.go:823.70,825.28 2 1
github.com/scttfrdmn/cargoship/pkg/inventory/inventory.go:826.20,828.18 2 1
github.com/scttfrdmn/cargoship/pkg/inventory/inventory.go:828.18,830.4 1 1
github.com/scttfrdmn/cargoship/pkg/inventory/inventory.go:831.22,833.28 2 1
github.com/scttfrdmn/cargoship/pkg/inventory/inventory.go:833.28,835.4 1 1
github.com/scttfrdmn/cargoship/pkg/inventory/inventory.go:836.10,837.52 1 0
github.com/scttfrdmn/cargoship/pkg/inventory/inventory.go:841.72,843.28 2 1
github.com/scttfrdmn/cargoship/pkg/inventory/inventory.go:844.20,846.18 2 1
github.com/scttfrdmn/cargoship/pkg/inventory/inventory.go:846.18,848.4 1 0
github.com/scttfrdmn/cargoship/pkg/inventory/inventory.go:849.22,851.28 2 1
github.com/scttfrdmn/cargoship/pkg/inventory/inventory.go:851.28,853.4 1 1
github.com/scttfrdmn/cargoship/pkg/inventory/inventory.go:854.10,855.52 1 0
github.com/scttfrdmn/cargoship/pkg/inventory/inventory.go:859.68,861.28 2 1
github.com/scttfrdmn/cargoship/pkg/inventory/inventory.go:862.20,864.18 2 1
github.com/scttfrdmn/cargoship/pkg/inventory/inventory.go:864.18,866.4 1 0
github.com/scttfrdmn/cargoship/pkg/inventory/inventory.go:867.22,869.28 2 1
github.com/scttfrdmn/cargoship/pkg/inventory/inventory.go:869.28,871.4 1 1
github.com/scttfrdmn/cargoship/pkg/inventory/inventory.go:872.10,873.52 1 0
github.com/scttfrdmn/cargoship/pkg/inventory/inventory.go:877.67,879.28 2 1
github.com/scttfrdmn/cargoship/pkg/inventory/inventory.go:880.20,882.18 2 1
github.com/scttfrdmn/cargoship/pkg/inventory/inventory.go:882.18,884.4 1 0
github.com/scttfrdmn/cargoship/pkg/inventory/inventory.go:885.22,887.28 2 1
github.com/scttfrdmn/cargoship/pkg/inventory/inventory.go:887.28,889.4 1 1
github.com/scttfrdmn/cargoship/pkg/inventory/inventory.go:890.10,891.52 1 0
github.com/scttfrdmn/cargoship/pkg/inventory/inventory.go:895.74,897.28 2 1
github.com/scttfrdmn/cargoship/pkg/inventory/inventory.go:898.20,900.18 2 1
github.com/scttfrdmn/cargoship/pkg/inventory/inventory.go:900.18,906.4 1 0
github.com/scttfrdmn/cargoship/pkg/inventory/inventory.go:907.22,909.28 2 1
github.com/scttfrdmn/cargoship/pkg/inventory/inventory.go:909.28,915.4 1 0
github.com/scttfrdmn/cargoship/pkg/inventory/inventory.go:916.10,917.52 1 0
github.com/scttfrdmn/cargoship/pkg/inventory/inventory.go:921.74,923.28 2 1
github.com/scttfrdmn/cargoship/pkg/inventory/inventory.go:924.20,926.18 2 1
github.com/scttfrdmn/cargoship/pkg/inventory/inventory.go:926.18,928.4 1 0
github.com/scttfrdmn/cargoship/pkg/inventory/inventory.go:929.22,931.28 2 1
github.com/scttfrdmn/cargoship/pkg/inventory/inventory.go:931.28,933.4 1 0
github.com/scttfrdmn/cargoship/pkg/inventory/inventory.go:934.10,935.52 1 0
github.com/scttfrdmn/cargoship/pkg/inventory/inventory.go:939.72,941.28 2 1
github.com/scttfrdmn/cargoship/pkg/inventory/inventory.go:942.20,944.18 2 1
github.com/scttfrdmn/cargoship/pkg/inventory/inventory.go:944.18,946.4 1 1
github.com/scttfrdmn/cargoship/pkg/inventory/inventory.go:947.22,949.28 2 1
github.com/scttfrdmn/cargoship/pkg/inventory/inventory.go:949.28,951.4 1 1
github.com/scttfrdmn/cargoship/pkg/inventory/inventory.go:952.10,953.52 1 0
github.com/scttfrdmn/cargoship/pkg/inventory/inventory.go:957.73,959.28 2 1
github.com/scttfrdmn/cargoship/pkg/inventory/inventory.go:960.20,962.18 2 1
github.com/scttfrdmn/cargoship/pkg/inventory/inventory.go:962.18,964.4 1 1
github.com/scttfrdmn/cargoship/pkg/inventory/inventory.go:965.22,966.83 1 1
github.com/scttfrdmn/cargoship/pkg/inventory/inventory.go:967.10,968.52 1 0
github.com/scttfrdmn/cargoship/pkg/inventory/inventory.go:972.62,974.28 2 1
github.com/scttfrdmn/cargoship/pkg/inventory/inventory.go:975.20,977.18 2 1
github.com/scttfrdmn/cargoship/pkg/inventory/inventory.go:977.18,979.4 1 1
github.com/scttfrdmn/cargoship/pkg/inventory/inventory.go:980.22,982.28 2 1
github.com/scttfrdmn/cargoship/pkg/inventory/inventory.go:982.28,984.4 1 1
github.com/scttfrdmn/cargoship/pkg/inventory/inventory.go:985.10,986.52 1 0
github.com/scttfrdmn/cargoship/pkg/inventory/inventory.go:990.41,992.16 2 1
github.com/scttfrdmn/cargoship/pkg/inventory/inventory.go:992.16,993.13 1 0
github.com/scttfrdmn/cargoship/pkg/inventory/inventory.go:995.2,995.25 1 1
github.com/scttfrdmn/cargoship/pkg/inventory/inventory.go:998.36,999.23 1 1
github.com/scttfrdmn/cargoship/pkg/inventory/inventory.go:999.23,1000.40 1 0
github.com/scttfrdmn/cargoship/pkg/inventory/inventory.go:1002.2,1002.17 1 1
github.com/scttfrdmn/cargoship/pkg/inventory/inventory.go:1006.66,1007.26 1 1
github.com/scttfrdmn/cargoship/pkg/inventory/inventory.go:1007.26,1024.20 15 1
github.com/scttfrdmn/cargoship/pkg/inventory/inventory.go:1024.20,1026.4 1 1
github.com/scttfrdmn/cargoship/pkg/inventory/inventory.go:1035.40,1039.2 1 1
github.com/scttfrdmn/cargoship/pkg/inventory/inventory.go:1067.53,1068.25 1 1
github.com/scttfrdmn/cargoship/pkg/inventory/inventory.go:1068.25,1075.3 2 1
github.com/scttfrdmn/cargoship/pkg/inventory/inventory.go:1076.2,1076.12 1 1
github.com/scttfrdmn/cargoship/pkg/inventory/inventory.go:1079.61,1081.20 1 1
github.com/scttfrdmn/cargoship/pkg/inventory/inventory.go:1081.20,1083.3 1 1
github.com/scttfrdmn/cargoship/pkg/inventory/inventory.go:1084.2,1084.27 1 0
github.com/scttfrdmn/cargoship/pkg/inventory/inventory.go:1087.64,1089.39 2 1
github.com/scttfrdmn/cargoship/pkg/inventory/inventory.go:1089.39,1091.17 2 1
github.com/scttfrdmn/cargoship/pkg/inventory/inventory.go:1091.17,1093.4 1 0
github.com/scttfrdmn/cargoship/pkg/inventory/inventory.go:1094.3,1094.26 1 1
github.com/scttfrdmn/cargoship/pkg/inventory/inventory.go:1094.26,1096.4 1 1
github.com/scttfrdmn/cargoship/pkg/inventory/inventory.go:1098.2,1098.26 1 1
github.com/scttfrdmn/cargoship/pkg/inventory/inventory.go:1112.43,1115.16 2 1
github.com/scttfrdmn/cargoship/pkg/inventory/inventory.go:1115.16,1118.3 1 1
github.com/scttfrdmn/cargoship/pkg/inventory/inventory.go:1119.2,1123.19 3 0
github.com/scttfrdmn/cargoship/pkg/inventory/inventory.go:1123.19,1125.3 1 0
github.com/scttfrdmn/cargoship/pkg/inventory/inventory.go:1126.2,1126.16 1 0
github.com/scttfrdmn/cargoship/pkg/inventory/inventory.go:1126.16,1128.3 1 0
github.com/scttfrdmn/cargoship/pkg/inventory/inventory.go:1129.2,1129.19 1 0
github.com/scttfrdmn/cargoship/pkg/inventory/inventory.go:1132.63,1136.59 2 1
github.com/scttfrdmn/cargoship/pkg/inventory/inventory.go:1136.59,1137.18 1 1
github.com/scttfrdmn/cargoship/pkg/inventory/inventory.go:1137.18,1139.5 1 1
github.com/scttfrdmn/cargoship/pkg/inventory/inventory.go:1141.4,1142.22 2 1
github.com/scttfrdmn/cargoship/pkg/inventory/inventory.go:1142.22,1144.37 2 1
github.com/scttfrdmn/cargoship/pkg/inventory/inventory.go:1144.37,1146.6 1 1
github.com/scttfrdmn/cargoship/pkg/inventory/inventory.go:1147.5,1147.18 1 1
github.com/scttfrdmn/cargoship/pkg/inventory/inventory.go:1150.4,1153.52 3 1
github.com/scttfrdmn/cargoship/pkg/inventory/inventory.go:1153.52,1155.5 1 1
github.com/scttfrdmn/cargoship/pkg/inventory/inventory.go:1157.4,1164.81 2 1
github.com/scttfrdmn/cargoship/pkg/inventory/inventory.go:1164.81,1166.62 2 1
github.com/scttfrdmn/cargoship/pkg/inventory/inventory.go:1166.62,1168.6 1 1
github.com/scttfrdmn/cargoship/pkg/inventory/inventory.go:1171.4,1174.58 3 1
github.com/scttfrdmn/cargoship/pkg/inventory/inventory.go:1174.58,1176.5 1 1
github.com/scttfrdmn/cargoship/pkg/inventory/inventory.go:1178.4,1178.14 1 1
github.com/scttfrdmn/cargoship/pkg/inventory/inventory.go:1182.17,1184.3 1 1
github.com/scttfrdmn/cargoship/pkg/inventory/inventory.go:1185.2,1185.12 1 1
github.com/scttfrdmn/cargoship/pkg/inventory/inventory.go:1189.52,1191.17 2 1
github.com/scttfrdmn/cargoship/pkg/inventory/inventory.go:1191.17,1194.3 2 0
github.com/scttfrdmn/cargoship/pkg/inventory/inventory.go:1195.2,1196.17 2 1
github.com/scttfrdmn/cargoship/pkg/inventory/inventory.go:1196.17,1199.3 2 0
github.com/scttfrdmn/cargoship/pkg/inventory/inventory.go:1201.2,1201.15 1 1
github.com/scttfrdmn/cargoship/pkg/inventory/inventory.go:1201.15,1203.3 1 1
github.com/scttfrdmn/cargoship/pkg/inventory/inventory.go:1204.2,1204.22 1 1
github.com/scttfrdmn/cargoship/pkg/inventory/inventory.go:1207.55,1208.66 1 1
github.com/scttfrdmn/cargoship/pkg/inventory/inventory.go:1208.66,1211.3 2 1
github.com/scttfrdmn/cargoship/pkg/inventory/inventory.go:1212.2,1212.12 1 1
github.com/scttfrdmn/cargoship/pkg/inventory/inventory.go:1216.51,1218.19 2 1
github.com/scttfrdmn/cargoship/pkg/inventory/inventory.go:1218.19,1219.14 1 1
github.com/scttfrdmn/cargoship/pkg/inventory/inventory.go:1219.14,1221.4 1 1
github.com/scttfrdmn/cargoship/pkg/inventory/inventory.go:1223.2,1224.12 2 1
github.com/scttfrdmn/cargoship/pkg/inventory/inventory.go:1228.81,1230.22 2 1
github.com/scttfrdmn/cargoship/pkg/inventory/inventory.go:1230.22,1232.3 1 1
github.com/scttfrdmn/cargoship/pkg/inventory/inventory.go:1233.2,1233.12 1 1
github.com/scttfrdmn/cargoship/pkg/inventory/inventory.go:1237.64,1239.28 2 1
github.com/scttfrdmn/cargoship/pkg/inventory/inventory.go:1239.28,1241.17 2 1
github.com/scttfrdmn/cargoship/pkg/inventory/inventory.go:1241.17,1243.4 1 0
github.com/scttfrdmn/cargoship/pkg/inventory/inventory.go:1244.3,1244.45 1 1
github.com/scttfrdmn/cargoship/pkg/inventory/inventory.go:1246.2,1246.17 1 1
github.com/scttfrdmn/cargoship/pkg/inventory/inventory.go:1250.36,1252.16 2 1
github.com/scttfrdmn/cargoship/pkg/inventory/inventory.go:1252.16,1254.3 1 0
github.com/scttfrdmn/cargoship/pkg/inventory/inventory.go:1255.2,1255.25 1 1
github.com/scttfrdmn/cargoship/pkg/inventory/inventory.go:1259.65,1260.29 1 1
github.com/scttfrdmn/cargoship/pkg/inventory/inventory.go:1260.29,1261.50 1 1
github.com/scttfrdmn/cargoship/pkg/inventory/inventory.go:1261.50,1264.4 2 1
github.com/scttfrdmn/cargoship/pkg/inventory/inventory.go:1266.2,1266.14 1 1
github.com/scttfrdmn/cargoship/pkg/inventory/inventory.go:1271.58,1273.2 1 1
github.com/scttfrdmn/cargoship/pkg/inventory/inventory.go:1276.39,1280.2 3 1
github.com/scttfrdmn/cargoship/pkg/inventory/inventory.go:1283.36,1308.2 23 1
github.com/scttfrdmn/cargoship/pkg/inventory/inventory.go:1311.106,1312.28 1 1
github.com/scttfrdmn/cargoship/pkg/inventory/inventory.go:1313.12,1316.23 3 1
github.com/scttfrdmn/cargoship/pkg/inventory/inventory.go:1317.15,1320.23 3 1
github.com/scttfrdmn/cargoship/pkg/inventory/inventory.go:1321.17,1324.23 3 0
github.com/scttfrdmn/cargoship/pkg/inventory/inventory.go:1325.13,1328.23 3 1
github.com/scttfrdmn/cargoship/pkg/inventory/inventory.go:1329.14,1332.23 3 0
github.com/scttfrdmn/cargoship/pkg/inventory/inventory.go:1333.18,1336.23 3 0
github.com/scttfrdmn/cargoship/pkg/inventory/inventory.go:1337.10,1338.76 1 0
github.com/scttfrdmn/cargoship/pkg/inventory/inventory.go:1342.28,1343.16 1 1
github.com/scttfrdmn/cargoship/pkg/inventory/inventory.go:1343.16,1344.13 1 0
github.com/scttfrdmn/cargoship/pkg/inventory/inventory.go:1348.38,1350.9 2 1
github.com/scttfrdmn/cargoship/pkg/inventory/inventory.go:1350.9,1351.50 1 0
github.com/scttfrdmn/cargoship/pkg/inventory/inventory.go:1353.2,1353.11 1 1
github.com/scttfrdmn/cargoship/pkg/inventory/inventory.go:1356.42,1358.9 2 1
github.com/scttfrdmn/cargoship/pkg/inventory/inventory.go:1358.9,1359.52 1 0
github.com/scttfrdmn/cargoship/pkg/inventory/inventory.go:1361.2,1361.11 1 1
github.com/scttfrdmn/cargoship/pkg/inventory/inventory.go:1387.52,1392.29 4 1
github.com/scttfrdmn/cargoship/pkg/inventory/inventory.go:1392.29,1394.70 2 1
github.com/scttfrdmn/cargoship/pkg/inventory/inventory.go:1394.70,1396.4 1 1
github.com/scttfrdmn/cargoship/pkg/inventory/inventory.go:1399.3,1399.36 1 1
github.com/scttfrdmn/cargoship/pkg/inventory/inventory.go:1399.36,1400.66 1 0
github.com/scttfrdmn/cargoship/pkg/inventory/inventory.go:1400.66,1402.10 2 0
github.com/scttfrdmn/cargoship/pkg/inventory/inventory.go:1407.3,1407.69 1 1
github.com/scttfrdmn/cargoship/pkg/inventory/inventory.go:1407.69,1409.4 1 1
github.com/scttfrdmn/cargoship/pkg/inventory/inventory.go:1411.2,1414.25 3 1
github.com/scttfrdmn/cargoship/pkg/inventory/inventory.go:1414.25,1424.3 3 1
github.com/scttfrdmn/cargoship/pkg/inventory/inventory.go:1426.2,1426.10 1 1
github.com/scttfrdmn/cargoship/pkg/inventory/inventory.go:1430.58,1433.24 3 1
github.com/scttfrdmn/cargoship/pkg/inventory/inventory.go:1433.24,1434.42 1 1
github.com/scttfrdmn/cargoship/pkg/inventory/inventory.go:1434.42,1436.44 2 1
github.com/scttfrdmn/cargoship/pkg/inventory/inventory.go:1436.44,1438.5 1 1
github.com/scttfrdmn/cargoship/pkg/inventory/inventory.go:1441.2,1441.15 1 1
github.com/scttfrdmn/cargoship/pkg/inventory/inventory.go:1444.57,1446.26 2 1
github.com/scttfrdmn/cargoship/pkg/inventory/inventory.go:1446.26,1448.3 1 1
github.com/scttfrdmn/cargoship/pkg/inventory/inventory.go:1449.2,1449.25 1 1
github.com/scttfrdmn/cargoship/pkg/inventory/inventory.go:1453.49,1454.39 1 1
github.com/scttfrdmn/cargoship/pkg/inventory/inventory.go:1454.39,1456.3 1 1
github.com/scttfrdmn/cargoship/pkg/inventory/inventory.go:1458.2,1459.26 2 1
github.com/scttfrdmn/cargoship/pkg/inventory/inventory.go:1459.26,1461.30 2 1
github.com/scttfrdmn/cargoship/pkg/inventory/inventory.go:1461.30,1463.4 1 1
github.com/scttfrdmn/cargoship/pkg/inventory/inventory.go:1465.2,1465.12 1 1
github.com/scttfrdmn/cargoship/pkg/inventory/inventory.go:1468.48,1469.22 1 1
github.com/scttfrdmn/cargoship/pkg/inventory/inventory.go:1469.22,1470.13 1 1
github.com/scttfrdmn/cargoship/pkg/inventory/inventory.go:1470.13,1472.4 1 1
github.com/scttfrdmn/cargoship/pkg/inventory/inventory.go:1474.2,1474.14 1 1
github.com/scttfrdmn/cargoship/pkg/inventory/inventory.go:1478.46,1480.16 2 1
github.com/scttfrdmn/cargoship/pkg/inventory/inventory.go:1480.16,1482.3 1 0
github.com/scttfrdmn/cargoship/pkg/inventory/inventory.go:1483.2,1492.84 7 1
github.com/scttfrdmn/cargoship/pkg/inventory/inventory.go:1492.84,1493.21 1 1
github.com/scttfrdmn/cargoship/pkg/inventory/inventory.go:1493.21,1495.4 1 0
github.com/scttfrdmn/cargoship/pkg/inventory/inventory.go:1498.3,1499.27 2 1
github.com/scttfrdmn/cargoship/pkg/inventory/inventory.go:1499.27,1502.4 2 0
github.com/scttfrdmn/cargoship/pkg/inventory/inventory.go:1505.3,1506.23 2 1
github.com/scttfrdmn/cargoship/pkg/inventory/inventory.go:1506.23,1509.4 2 0
github.com/scttfrdmn/cargoship/pkg/inventory/inventory.go:1512.3,1512.25 1 1
github.com/scttfrdmn/cargoship/pkg/inventory/inventory.go:1512.25,1515.4 2 1
github.com/scttfrdmn/cargoship/pkg/inventory/inventory.go:1516.3,1520.71 2 1
github.com/scttfrdmn/cargoship/pkg/inventory/inventory.go:1520.71,1523.4 1 0
github.com/scttfrdmn/cargoship/pkg/inventory/inventory.go:1525.3,1526.17 2 1
github.com/scttfrdmn/cargoship/pkg/inventory/inventory.go:1526.17,1529.4 2 1
github.com/scttfrdmn/cargoship/pkg/inventory/inventory.go:1530.3,1530.13 1 1
github.com/scttfrdmn/cargoship/pkg/inventory/inventory.go:1532.2,1532.16 1 1
github.com/scttfrdmn/cargoship/pkg/inventory/inventory.go:1532.16,1534.3 1 0
github.com/scttfrdmn/cargoship/pkg/inventory/inventory.go:1537.2,1537.40 1 1
github.com/scttfrdmn/cargoship/pkg/inventory/inventory.go:1537.40,1539.3 1 1
github.com/scttfrdmn/cargoship/pkg/inventory/inventory.go:1542.2,1543.17 2 1
github.com/scttfrdmn/cargoship/pkg/inventory/inventory.go:1546.40,1550.2 3 1
github.com/scttfrdmn/cargoship/pkg/inventory/inventory.go:1556.58,1558.23 2 1
github.com/scttfrdmn/cargoship/pkg/inventory/inventory.go:1558.23,1559.79 1 1
github.com/scttfrdmn/cargoship/pkg/inventory/inventory.go:1559.79,1560.75 1 1
github.com/scttfrdmn/cargoship/pkg/inventory/inventory.go:1560.75,1562.19 2 1
github.com/scttfrdmn/cargoship/pkg/inventory/inventory.go:1562.19,1564.6 1 0
github.com/scttfrdmn/cargoship/pkg/inventory/inventory.go:1565.5,1565.19 1 1
github.com/scttfrdmn/cargoship/pkg/inventory/inventory.go:1567.4,1567.14 1 1
github.com/scttfrdmn/cargoship/pkg/inventory/inventory.go:1569.3,1569.17 1 1
github.com/scttfrdmn/cargoship/pkg/inventory/inventory.go:1569.17,1571.4 1 0
github.com/scttfrdmn/cargoship/pkg/inventory/inventory.go:1573.2,1573.18 1 1
github.com/scttfrdmn/cargoship/pkg/inventory/inventory.go:1581.31,1582.30 1 1
github.com/scttfrdmn/cargoship/pkg/inventory/inventory.go:1582.30,1583.32 1 1
github.com/scttfrdmn/cargoship/pkg/inventory/inventory.go:1583.32,1585.4 1 1
github.com/scttfrdmn/cargoship/pkg/inventory/inventory.go:1587.2,1587.14 1 1
github.com/scttfrdmn/cargoship/pkg/inventory/inventory.go:1590.26,1591.34 1 1
github.com/scttfrdmn/cargoship/pkg/inventory/inventory.go:1591.34,1593.3 1 1
github.com/scttfrdmn/cargoship/pkg/inventory/vaml.go:21.57,22.14 1 1
github.com/scttfrdmn/cargoship/pkg/inventory/vaml.go:22.14,24.3 1 1
github.com/scttfrdmn/cargoship/pkg/inventory/vaml.go:25.2,25.14 1 1
github.com/scttfrdmn/cargoship/pkg/inventory/vaml.go:25.14,27.3 1 1
github.com/scttfrdmn/cargoship/pkg/inventory/vaml.go:29.2,31.15 3 1
github.com/scttfrdmn/cargoship/pkg/inventory/vaml.go:31.15,33.17 2 1
github.com/scttfrdmn/cargoship/pkg/inventory/vaml.go:33.17,34.14 1 0
github.com/scttfrdmn/cargoship/pkg/inventory/vaml.go:39.2,42.22 4 1
github.com/scttfrdmn/cargoship/pkg/inventory/vaml.go:46.52,49.16 3 1
github.com/scttfrdmn/cargoship/pkg/inventory/vaml.go:49.16,51.3 1 1
github.com/scttfrdmn/cargoship/pkg/inventory/vaml.go:52.2,52.24 1 1
