mode: set
github.com/scttfrdmn/cargoship/pkg/meta.go:32.50,34.16 2 1
github.com/scttfrdmn/cargoship/pkg/meta.go:34.16,35.13 1 0
github.com/scttfrdmn/cargoship/pkg/meta.go:37.2,37.12 1 1
github.com/scttfrdmn/cargoship/pkg/meta.go:41.55,42.14 1 1
github.com/scttfrdmn/cargoship/pkg/meta.go:42.14,44.3 1 0
github.com/scttfrdmn/cargoship/pkg/meta.go:45.2,51.14 6 1
github.com/scttfrdmn/cargoship/pkg/meta.go:51.14,54.3 2 0
github.com/scttfrdmn/cargoship/pkg/meta.go:54.8,57.17 3 1
github.com/scttfrdmn/cargoship/pkg/meta.go:57.17,59.4 1 0
github.com/scttfrdmn/cargoship/pkg/meta.go:60.3,60.55 1 1
github.com/scttfrdmn/cargoship/pkg/meta.go:62.2,62.15 1 1
github.com/scttfrdmn/cargoship/pkg/meta.go:62.15,64.17 2 1
github.com/scttfrdmn/cargoship/pkg/meta.go:64.17,65.14 1 0
github.com/scttfrdmn/cargoship/pkg/meta.go:68.2,69.16 2 1
github.com/scttfrdmn/cargoship/pkg/meta.go:73.38,74.14 1 1
github.com/scttfrdmn/cargoship/pkg/meta.go:74.14,76.3 1 0
github.com/scttfrdmn/cargoship/pkg/meta.go:77.2,78.16 2 1
github.com/scttfrdmn/cargoship/pkg/meta.go:78.16,81.3 2 0
github.com/scttfrdmn/cargoship/pkg/meta.go:82.2,83.16 2 1
github.com/scttfrdmn/cargoship/pkg/meta.go:83.16,86.3 2 0
github.com/scttfrdmn/cargoship/pkg/meta.go:95.49,99.27 2 1
github.com/scttfrdmn/cargoship/pkg/meta.go:99.27,101.3 1 1
github.com/scttfrdmn/cargoship/pkg/meta.go:102.2,104.16 3 1
github.com/scttfrdmn/cargoship/pkg/meta.go:104.16,107.3 2 0
github.com/scttfrdmn/cargoship/pkg/meta.go:108.2,109.16 2 1
github.com/scttfrdmn/cargoship/pkg/meta.go:109.16,112.3 2 0
github.com/scttfrdmn/cargoship/pkg/meta.go:113.2,113.10 1 1
github.com/scttfrdmn/cargoship/pkg/meta.go:117.44,118.26 1 1
github.com/scttfrdmn/cargoship/pkg/meta.go:118.26,120.3 1 1
github.com/scttfrdmn/cargoship/pkg/meta.go:124.46,125.26 1 1
github.com/scttfrdmn/cargoship/pkg/meta.go:125.26,127.3 1 1
github.com/scttfrdmn/cargoship/pkg/meta.go:131.70,142.33 4 1
github.com/scttfrdmn/cargoship/pkg/meta.go:142.33,143.16 1 1
github.com/scttfrdmn/cargoship/pkg/meta.go:143.16,145.4 1 0
github.com/scttfrdmn/cargoship/pkg/meta.go:145.9,147.4 1 1
github.com/scttfrdmn/cargoship/pkg/meta.go:150.2,152.16 3 1
github.com/scttfrdmn/cargoship/pkg/meta.go:152.16,155.3 2 0
github.com/scttfrdmn/cargoship/pkg/meta.go:156.2,157.16 2 1
github.com/scttfrdmn/cargoship/pkg/meta.go:157.16,160.3 2 0
github.com/scttfrdmn/cargoship/pkg/meta.go:162.2,162.10 1 1
github.com/scttfrdmn/cargoship/pkg/meta.go:166.39,168.16 2 1
github.com/scttfrdmn/cargoship/pkg/meta.go:168.16,170.3 1 0
github.com/scttfrdmn/cargoship/pkg/meta.go:171.2,171.24 1 1
github.com/scttfrdmn/cargoship/pkg/meta.go:174.27,176.2 1 1
github.com/scttfrdmn/cargoship/pkg/porter.go:74.37,87.30 2 1
github.com/scttfrdmn/cargoship/pkg/porter.go:87.30,89.3 1 1
github.com/scttfrdmn/cargoship/pkg/porter.go:99.2,99.10 1 1
github.com/scttfrdmn/cargoship/pkg/porter.go:106.54,107.25 1 1
github.com/scttfrdmn/cargoship/pkg/porter.go:107.25,109.3 1 1
github.com/scttfrdmn/cargoship/pkg/porter.go:113.58,114.25 1 1
github.com/scttfrdmn/cargoship/pkg/porter.go:114.25,116.3 1 1
github.com/scttfrdmn/cargoship/pkg/porter.go:120.62,123.2 2 1
github.com/scttfrdmn/cargoship/pkg/porter.go:126.65,127.25 1 1
github.com/scttfrdmn/cargoship/pkg/porter.go:127.25,130.3 2 1
github.com/scttfrdmn/cargoship/pkg/porter.go:134.44,135.25 1 1
github.com/scttfrdmn/cargoship/pkg/porter.go:135.25,137.3 1 1
github.com/scttfrdmn/cargoship/pkg/porter.go:141.42,142.25 1 1
github.com/scttfrdmn/cargoship/pkg/porter.go:142.25,144.3 1 1
github.com/scttfrdmn/cargoship/pkg/porter.go:148.67,149.25 1 1
github.com/scttfrdmn/cargoship/pkg/porter.go:149.25,152.3 2 1
github.com/scttfrdmn/cargoship/pkg/porter.go:156.47,157.25 1 1
github.com/scttfrdmn/cargoship/pkg/porter.go:157.25,159.3 1 1
github.com/scttfrdmn/cargoship/pkg/porter.go:163.46,164.25 1 1
github.com/scttfrdmn/cargoship/pkg/porter.go:164.25,172.3 1 1
github.com/scttfrdmn/cargoship/pkg/porter.go:176.65,177.25 1 1
github.com/scttfrdmn/cargoship/pkg/porter.go:177.25,179.3 1 1
github.com/scttfrdmn/cargoship/pkg/porter.go:183.40,185.2 1 1
github.com/scttfrdmn/cargoship/pkg/porter.go:188.53,191.2 2 1
github.com/scttfrdmn/cargoship/pkg/porter.go:194.68,196.25 2 1
github.com/scttfrdmn/cargoship/pkg/porter.go:196.25,198.3 1 1
github.com/scttfrdmn/cargoship/pkg/porter.go:199.2,199.43 1 1
github.com/scttfrdmn/cargoship/pkg/porter.go:199.43,201.3 1 1
github.com/scttfrdmn/cargoship/pkg/porter.go:202.2,202.22 1 1
github.com/scttfrdmn/cargoship/pkg/porter.go:202.22,204.17 2 1
github.com/scttfrdmn/cargoship/pkg/porter.go:204.17,206.4 1 0
github.com/scttfrdmn/cargoship/pkg/porter.go:207.3,212.5 3 1
github.com/scttfrdmn/cargoship/pkg/porter.go:214.2,214.16 1 1
github.com/scttfrdmn/cargoship/pkg/porter.go:218.72,219.23 1 1
github.com/scttfrdmn/cargoship/pkg/porter.go:219.23,221.3 1 1
github.com/scttfrdmn/cargoship/pkg/porter.go:222.2,222.72 1 1
github.com/scttfrdmn/cargoship/pkg/porter.go:222.72,224.3 1 0
github.com/scttfrdmn/cargoship/pkg/porter.go:226.2,226.29 1 1
github.com/scttfrdmn/cargoship/pkg/porter.go:230.62,231.23 1 1
github.com/scttfrdmn/cargoship/pkg/porter.go:231.23,233.3 1 0
github.com/scttfrdmn/cargoship/pkg/porter.go:234.2,237.16 3 1
github.com/scttfrdmn/cargoship/pkg/porter.go:237.16,239.3 1 0
github.com/scttfrdmn/cargoship/pkg/porter.go:240.2,240.21 1 1
github.com/scttfrdmn/cargoship/pkg/porter.go:240.21,241.19 1 1
github.com/scttfrdmn/cargoship/pkg/porter.go:241.19,243.23 2 1
github.com/scttfrdmn/cargoship/pkg/porter.go:243.23,249.26 2 1
github.com/scttfrdmn/cargoship/pkg/porter.go:249.26,251.6 1 0
github.com/scttfrdmn/cargoship/pkg/porter.go:255.3,255.37 1 1
github.com/scttfrdmn/cargoship/pkg/porter.go:255.37,256.51 1 1
github.com/scttfrdmn/cargoship/pkg/porter.go:256.51,258.5 1 1
github.com/scttfrdmn/cargoship/pkg/porter.go:262.2,262.12 1 1
github.com/scttfrdmn/cargoship/pkg/porter.go:271.26,273.16 2 1
github.com/scttfrdmn/cargoship/pkg/porter.go:273.16,275.3 1 0
github.com/scttfrdmn/cargoship/pkg/porter.go:279.56,281.16 2 1
github.com/scttfrdmn/cargoship/pkg/porter.go:281.16,282.13 1 0
github.com/scttfrdmn/cargoship/pkg/porter.go:284.2,284.12 1 1
github.com/scttfrdmn/cargoship/pkg/porter.go:288.61,291.12 3 1
github.com/scttfrdmn/cargoship/pkg/porter.go:292.13,293.18 1 1
github.com/scttfrdmn/cargoship/pkg/porter.go:294.14,295.19 1 1
github.com/scttfrdmn/cargoship/pkg/porter.go:296.16,297.21 1 1
github.com/scttfrdmn/cargoship/pkg/porter.go:298.16,299.21 1 1
github.com/scttfrdmn/cargoship/pkg/porter.go:300.10,301.56 1 1
github.com/scttfrdmn/cargoship/pkg/porter.go:303.2,303.48 1 1
github.com/scttfrdmn/cargoship/pkg/porter.go:303.48,305.3 1 0
github.com/scttfrdmn/cargoship/pkg/porter.go:306.2,306.46 1 1
github.com/scttfrdmn/cargoship/pkg/porter.go:310.56,312.16 2 1
github.com/scttfrdmn/cargoship/pkg/porter.go:312.16,314.3 1 1
github.com/scttfrdmn/cargoship/pkg/porter.go:315.2,316.12 2 1
github.com/scttfrdmn/cargoship/pkg/porter.go:320.92,323.25 2 1
github.com/scttfrdmn/cargoship/pkg/porter.go:323.25,328.83 5 1
github.com/scttfrdmn/cargoship/pkg/porter.go:328.83,330.4 1 0
github.com/scttfrdmn/cargoship/pkg/porter.go:331.3,331.26 1 1
github.com/scttfrdmn/cargoship/pkg/porter.go:331.26,333.4 1 1
github.com/scttfrdmn/cargoship/pkg/porter.go:335.3,336.17 2 1
github.com/scttfrdmn/cargoship/pkg/porter.go:336.17,338.4 1 0
github.com/scttfrdmn/cargoship/pkg/porter.go:339.3,340.61 2 1
github.com/scttfrdmn/cargoship/pkg/porter.go:341.8,346.17 4 1
github.com/scttfrdmn/cargoship/pkg/porter.go:346.17,348.4 1 1
github.com/scttfrdmn/cargoship/pkg/porter.go:352.2,353.16 2 1
github.com/scttfrdmn/cargoship/pkg/porter.go:353.16,355.3 1 0
github.com/scttfrdmn/cargoship/pkg/porter.go:356.2,361.24 4 1
github.com/scttfrdmn/cargoship/pkg/porter.go:364.27,366.16 2 1
github.com/scttfrdmn/cargoship/pkg/porter.go:366.16,367.13 1 0
github.com/scttfrdmn/cargoship/pkg/porter.go:369.2,369.10 1 1
github.com/scttfrdmn/cargoship/pkg/porter.go:373.55,375.16 2 1
github.com/scttfrdmn/cargoship/pkg/porter.go:375.16,377.3 1 0
github.com/scttfrdmn/cargoship/pkg/porter.go:378.2,381.47 3 1
github.com/scttfrdmn/cargoship/pkg/porter.go:381.47,383.3 1 0
github.com/scttfrdmn/cargoship/pkg/porter.go:386.2,388.22 2 1
github.com/scttfrdmn/cargoship/pkg/porter.go:399.50,400.28 1 1
github.com/scttfrdmn/cargoship/pkg/porter.go:400.28,402.3 1 1
github.com/scttfrdmn/cargoship/pkg/porter.go:403.2,403.24 1 0
github.com/scttfrdmn/cargoship/pkg/porter.go:407.75,409.16 2 1
github.com/scttfrdmn/cargoship/pkg/porter.go:409.16,411.3 1 0
github.com/scttfrdmn/cargoship/pkg/porter.go:412.2,412.39 1 1
github.com/scttfrdmn/cargoship/pkg/porter.go:412.39,414.3 1 0
github.com/scttfrdmn/cargoship/pkg/porter.go:415.2,415.18 1 1
github.com/scttfrdmn/cargoship/pkg/porter.go:419.105,420.28 1 1
github.com/scttfrdmn/cargoship/pkg/porter.go:420.28,421.35 1 0
github.com/scttfrdmn/cargoship/pkg/porter.go:423.2,424.16 2 1
github.com/scttfrdmn/cargoship/pkg/porter.go:424.16,426.3 1 0
github.com/scttfrdmn/cargoship/pkg/porter.go:427.2,428.16 2 1
github.com/scttfrdmn/cargoship/pkg/porter.go:428.16,430.3 1 0
github.com/scttfrdmn/cargoship/pkg/porter.go:431.2,431.22 1 1
github.com/scttfrdmn/cargoship/pkg/porter.go:435.80,437.18 2 1
github.com/scttfrdmn/cargoship/pkg/porter.go:437.18,439.3 1 1
github.com/scttfrdmn/cargoship/pkg/porter.go:440.2,440.28 1 1
github.com/scttfrdmn/cargoship/pkg/porter.go:440.28,442.3 1 1
github.com/scttfrdmn/cargoship/pkg/porter.go:443.2,443.25 1 1
github.com/scttfrdmn/cargoship/pkg/porter.go:443.25,445.3 1 0
github.com/scttfrdmn/cargoship/pkg/porter.go:446.2,449.16 2 1
github.com/scttfrdmn/cargoship/pkg/porter.go:449.16,451.3 1 0
github.com/scttfrdmn/cargoship/pkg/porter.go:452.2,452.45 1 1
github.com/scttfrdmn/cargoship/pkg/porter.go:452.45,454.3 1 0
github.com/scttfrdmn/cargoship/pkg/porter.go:456.2,456.31 1 1
github.com/scttfrdmn/cargoship/pkg/porter.go:456.31,458.3 1 1
github.com/scttfrdmn/cargoship/pkg/porter.go:459.2,460.16 2 1
github.com/scttfrdmn/cargoship/pkg/porter.go:460.16,462.3 1 0
github.com/scttfrdmn/cargoship/pkg/porter.go:463.2,463.21 1 1
github.com/scttfrdmn/cargoship/pkg/porter.go:467.130,468.24 1 1
github.com/scttfrdmn/cargoship/pkg/porter.go:468.24,470.3 1 0
github.com/scttfrdmn/cargoship/pkg/porter.go:471.2,471.68 1 1
github.com/scttfrdmn/cargoship/pkg/porter.go:471.68,473.3 1 0
github.com/scttfrdmn/cargoship/pkg/porter.go:476.2,478.58 3 1
github.com/scttfrdmn/cargoship/pkg/porter.go:478.58,479.108 1 1
github.com/scttfrdmn/cargoship/pkg/porter.go:479.108,482.4 2 1
github.com/scttfrdmn/cargoship/pkg/porter.go:482.9,484.4 1 1
github.com/scttfrdmn/cargoship/pkg/porter.go:485.3,485.12 1 1
github.com/scttfrdmn/cargoship/pkg/porter.go:487.2,487.14 1 1
github.com/scttfrdmn/cargoship/pkg/porter.go:487.14,489.3 1 1
github.com/scttfrdmn/cargoship/pkg/porter.go:490.2,490.12 1 1
github.com/scttfrdmn/cargoship/pkg/porter.go:494.60,498.12 2 1
github.com/scttfrdmn/cargoship/pkg/porter.go:498.12,499.7 1 1
github.com/scttfrdmn/cargoship/pkg/porter.go:499.7,502.28 3 1
github.com/scttfrdmn/cargoship/pkg/porter.go:502.28,503.78 1 1
github.com/scttfrdmn/cargoship/pkg/porter.go:503.78,505.6 1 0
github.com/scttfrdmn/cargoship/pkg/porter.go:510.2,510.27 1 1
github.com/scttfrdmn/cargoship/pkg/porter.go:510.27,512.95 2 1
github.com/scttfrdmn/cargoship/pkg/porter.go:512.95,514.4 1 0
github.com/scttfrdmn/cargoship/pkg/porter.go:518.40,521.16 3 1
github.com/scttfrdmn/cargoship/pkg/porter.go:521.16,523.3 1 0
github.com/scttfrdmn/cargoship/pkg/porter.go:525.2,525.40 1 1
github.com/scttfrdmn/cargoship/pkg/porter.go:525.40,527.3 1 0
github.com/scttfrdmn/cargoship/pkg/porter.go:529.2,530.16 2 1
github.com/scttfrdmn/cargoship/pkg/porter.go:530.16,532.3 1 0
github.com/scttfrdmn/cargoship/pkg/porter.go:533.2,536.16 3 1
github.com/scttfrdmn/cargoship/pkg/porter.go:536.16,538.3 1 0
github.com/scttfrdmn/cargoship/pkg/porter.go:539.2,541.12 3 1
github.com/scttfrdmn/cargoship/pkg/porter.go:544.35,546.15 2 1
github.com/scttfrdmn/cargoship/pkg/porter.go:546.15,548.17 2 1
github.com/scttfrdmn/cargoship/pkg/porter.go:548.17,549.14 1 0
github.com/scttfrdmn/cargoship/pkg/porter.go:551.3,551.14 1 1
github.com/scttfrdmn/cargoship/pkg/porter.go:553.2,553.12 1 1
github.com/scttfrdmn/cargoship/pkg/porter.go:556.38,558.15 2 1
github.com/scttfrdmn/cargoship/pkg/porter.go:558.15,560.3 1 1
github.com/scttfrdmn/cargoship/pkg/porter.go:561.2,561.10 1 1
github.com/scttfrdmn/cargoship/pkg/porter.go:564.53,591.2 1 1
github.com/scttfrdmn/cargoship/pkg/porter.go:593.46,595.45 2 0
github.com/scttfrdmn/cargoship/pkg/porter.go:595.45,597.3 1 0
github.com/scttfrdmn/cargoship/pkg/porter.go:598.2,598.12 1 0
github.com/scttfrdmn/cargoship/pkg/porter.go:602.36,609.46 2 0
github.com/scttfrdmn/cargoship/pkg/porter.go:609.46,611.3 1 0
github.com/scttfrdmn/cargoship/pkg/porter.go:614.2,618.108 4 0
github.com/scttfrdmn/cargoship/pkg/porter.go:618.108,620.3 1 0
github.com/scttfrdmn/cargoship/pkg/porter.go:620.8,625.19 3 0
github.com/scttfrdmn/cargoship/pkg/porter.go:625.19,627.4 1 0
github.com/scttfrdmn/cargoship/pkg/porter.go:629.2,629.49 1 0
github.com/scttfrdmn/cargoship/pkg/porter.go:629.49,631.3 1 0
github.com/scttfrdmn/cargoship/pkg/porter.go:634.2,634.15 1 0
github.com/scttfrdmn/cargoship/pkg/porter.go:634.15,637.3 2 0
github.com/scttfrdmn/cargoship/pkg/porter.go:639.2,639.24 1 0
github.com/scttfrdmn/cargoship/pkg/porter.go:643.38,645.24 1 1
github.com/scttfrdmn/cargoship/pkg/porter.go:645.24,647.3 1 1
github.com/scttfrdmn/cargoship/pkg/porter.go:648.2,648.25 1 1
github.com/scttfrdmn/cargoship/pkg/porter.go:648.25,650.3 1 1
github.com/scttfrdmn/cargoship/pkg/porter.go:651.2,658.36 2 1
github.com/scttfrdmn/cargoship/pkg/porter.go:658.36,660.3 1 0
github.com/scttfrdmn/cargoship/pkg/porter.go:660.8,662.17 2 1
github.com/scttfrdmn/cargoship/pkg/porter.go:662.17,664.4 1 0
github.com/scttfrdmn/cargoship/pkg/porter.go:665.3,665.21 1 1
github.com/scttfrdmn/cargoship/pkg/porter.go:667.2,672.16 5 1
github.com/scttfrdmn/cargoship/pkg/porter.go:672.16,674.3 1 0
github.com/scttfrdmn/cargoship/pkg/porter.go:675.2,676.12 2 1
github.com/scttfrdmn/cargoship/pkg/porter.go:679.56,682.6 2 1
github.com/scttfrdmn/cargoship/pkg/porter.go:682.6,684.40 2 1
github.com/scttfrdmn/cargoship/pkg/porter.go:684.40,687.4 1 1
github.com/scttfrdmn/cargoship/pkg/porter.go:688.3,688.6 1 1
github.com/scttfrdmn/cargoship/pkg/porter.go:692.75,693.6 1 1
github.com/scttfrdmn/cargoship/pkg/porter.go:693.6,696.27 3 1
github.com/scttfrdmn/cargoship/pkg/porter.go:696.27,697.77 1 0
github.com/scttfrdmn/cargoship/pkg/porter.go:697.77,699.5 1 0
github.com/scttfrdmn/cargoship/pkg/porter.go:704.82,711.62 6 1
github.com/scttfrdmn/cargoship/pkg/porter.go:711.62,714.17 3 1
github.com/scttfrdmn/cargoship/pkg/porter.go:714.17,717.4 2 0
github.com/scttfrdmn/cargoship/pkg/porter.go:717.9,719.4 1 1
github.com/scttfrdmn/cargoship/pkg/porter.go:720.3,720.12 1 1
github.com/scttfrdmn/cargoship/pkg/porter.go:722.2,722.14 1 1
github.com/scttfrdmn/cargoship/pkg/porter.go:722.14,724.3 1 0
github.com/scttfrdmn/cargoship/pkg/porter.go:725.2,725.22 1 1
github.com/scttfrdmn/cargoship/pkg/porter.go:728.55,736.49 5 1
github.com/scttfrdmn/cargoship/pkg/porter.go:736.49,737.22 1 1
github.com/scttfrdmn/cargoship/pkg/porter.go:737.22,739.69 2 1
github.com/scttfrdmn/cargoship/pkg/porter.go:739.69,741.5 1 0
github.com/scttfrdmn/cargoship/pkg/porter.go:742.4,742.50 1 1
github.com/scttfrdmn/cargoship/pkg/porter.go:742.50,744.96 1 0
github.com/scttfrdmn/cargoship/pkg/porter.go:744.96,746.6 1 0
github.com/scttfrdmn/cargoship/pkg/porter.go:750.4,750.28 1 1
github.com/scttfrdmn/cargoship/pkg/porter.go:750.28,752.19 2 0
github.com/scttfrdmn/cargoship/pkg/porter.go:752.19,754.6 1 0
github.com/scttfrdmn/cargoship/pkg/porter.go:755.5,755.50 1 0
github.com/scttfrdmn/cargoship/pkg/porter.go:757.4,757.14 1 1
github.com/scttfrdmn/cargoship/pkg/porter.go:760.2,761.17 2 1
github.com/scttfrdmn/cargoship/pkg/porter.go:765.30,766.27 1 1
github.com/scttfrdmn/cargoship/pkg/porter.go:766.27,767.62 1 1
github.com/scttfrdmn/cargoship/pkg/porter.go:767.62,769.4 1 0
github.com/scttfrdmn/cargoship/pkg/porter.go:772.2,773.16 2 1
github.com/scttfrdmn/cargoship/pkg/porter.go:773.16,775.3 1 0
github.com/scttfrdmn/cargoship/pkg/porter.go:777.2,777.18 1 1
github.com/scttfrdmn/cargoship/pkg/porter.go:777.18,778.44 1 1
github.com/scttfrdmn/cargoship/pkg/porter.go:778.44,780.18 2 1
github.com/scttfrdmn/cargoship/pkg/porter.go:780.18,782.5 1 0
github.com/scttfrdmn/cargoship/pkg/porter.go:786.2,786.12 1 1
github.com/scttfrdmn/cargoship/pkg/porter.go:790.86,791.24 1 1
github.com/scttfrdmn/cargoship/pkg/porter.go:791.24,793.3 1 0
github.com/scttfrdmn/cargoship/pkg/porter.go:794.2,796.26 3 1
github.com/scttfrdmn/cargoship/pkg/porter.go:796.26,798.3 1 0
github.com/scttfrdmn/cargoship/pkg/porter.go:800.2,802.16 3 1
github.com/scttfrdmn/cargoship/pkg/porter.go:802.16,804.3 1 0
github.com/scttfrdmn/cargoship/pkg/porter.go:805.2,805.15 1 1
github.com/scttfrdmn/cargoship/pkg/porter.go:805.15,806.42 1 1
github.com/scttfrdmn/cargoship/pkg/porter.go:806.42,807.15 1 0
github.com/scttfrdmn/cargoship/pkg/porter.go:811.2,812.16 2 1
github.com/scttfrdmn/cargoship/pkg/porter.go:812.16,814.3 1 0
github.com/scttfrdmn/cargoship/pkg/porter.go:815.2,819.16 4 1
github.com/scttfrdmn/cargoship/pkg/porter.go:819.16,821.3 1 0
github.com/scttfrdmn/cargoship/pkg/porter.go:823.2,823.19 1 1
github.com/scttfrdmn/cargoship/pkg/porter.go:823.19,826.3 1 1
github.com/scttfrdmn/cargoship/pkg/porter.go:828.2,828.30 1 1
github.com/scttfrdmn/cargoship/pkg/porter.go:828.30,829.88 1 0
github.com/scttfrdmn/cargoship/pkg/porter.go:829.88,831.4 1 0
github.com/scttfrdmn/cargoship/pkg/porter.go:834.2,834.57 1 1
github.com/scttfrdmn/cargoship/pkg/porter.go:834.57,836.3 1 0
github.com/scttfrdmn/cargoship/pkg/porter.go:838.2,838.22 1 1
github.com/scttfrdmn/cargoship/pkg/porter.go:842.104,843.24 1 1
github.com/scttfrdmn/cargoship/pkg/porter.go:843.24,845.3 1 0
github.com/scttfrdmn/cargoship/pkg/porter.go:846.2,849.15 3 1
github.com/scttfrdmn/cargoship/pkg/porter.go:849.15,850.53 1 1
github.com/scttfrdmn/cargoship/pkg/porter.go:850.53,852.4 1 1
github.com/scttfrdmn/cargoship/pkg/porter.go:853.8,855.3 1 0
github.com/scttfrdmn/cargoship/pkg/porter.go:856.2,859.38 3 1
github.com/scttfrdmn/cargoship/pkg/porter.go:859.38,863.31 2 1
github.com/scttfrdmn/cargoship/pkg/porter.go:863.31,864.12 1 0
github.com/scttfrdmn/cargoship/pkg/porter.go:867.3,872.30 2 1
github.com/scttfrdmn/cargoship/pkg/porter.go:872.30,874.18 2 0
github.com/scttfrdmn/cargoship/pkg/porter.go:874.18,876.5 1 0
github.com/scttfrdmn/cargoship/pkg/porter.go:877.9,879.18 2 1
github.com/scttfrdmn/cargoship/pkg/porter.go:879.18,881.5 1 0
github.com/scttfrdmn/cargoship/pkg/porter.go:882.4,882.28 1 1
github.com/scttfrdmn/cargoship/pkg/porter.go:882.28,884.5 1 0
github.com/scttfrdmn/cargoship/pkg/porter.go:887.3,888.20 2 1
github.com/scttfrdmn/cargoship/pkg/porter.go:888.20,890.4 1 1
github.com/scttfrdmn/cargoship/pkg/porter.go:892.2,892.28 1 1
github.com/scttfrdmn/cargoship/pkg/porter.go:895.37,898.2 2 1
github.com/scttfrdmn/cargoship/pkg/porter.go:900.48,905.2 1 1
github.com/scttfrdmn/cargoship/pkg/porter.go:907.71,914.2 1 1
github.com/scttfrdmn/cargoship/pkg/utils.go:19.96,20.28 1 1
github.com/scttfrdmn/cargoship/pkg/utils.go:21.12,24.23 3 1
github.com/scttfrdmn/cargoship/pkg/utils.go:25.15,28.23 3 1
github.com/scttfrdmn/cargoship/pkg/utils.go:29.13,32.23 3 1
github.com/scttfrdmn/cargoship/pkg/utils.go:33.14,36.23 3 1
github.com/scttfrdmn/cargoship/pkg/utils.go:37.22,40.23 3 1
github.com/scttfrdmn/cargoship/pkg/utils.go:41.10,42.76 1 0
github.com/scttfrdmn/cargoship/pkg/utils.go:46.28,47.16 1 1
github.com/scttfrdmn/cargoship/pkg/utils.go:47.16,48.13 1 1
github.com/scttfrdmn/cargoship/pkg/utils.go:52.37,54.16 2 1
github.com/scttfrdmn/cargoship/pkg/utils.go:54.16,55.13 1 0
github.com/scttfrdmn/cargoship/pkg/utils.go:57.2,57.17 1 1
github.com/scttfrdmn/cargoship/pkg/utils.go:60.36,61.13 1 1
github.com/scttfrdmn/cargoship/pkg/utils.go:61.13,63.3 1 1
github.com/scttfrdmn/cargoship/pkg/utils.go:64.2,65.16 2 1
github.com/scttfrdmn/cargoship/pkg/utils.go:65.16,67.3 1 0
github.com/scttfrdmn/cargoship/pkg/utils.go:68.2,69.16 2 1
github.com/scttfrdmn/cargoship/pkg/utils.go:69.16,71.3 1 1
github.com/scttfrdmn/cargoship/pkg/utils.go:72.2,72.17 1 1
github.com/scttfrdmn/cargoship/pkg/utils.go:72.17,74.3 1 1
github.com/scttfrdmn/cargoship/pkg/utils.go:75.2,75.12 1 1
github.com/scttfrdmn/cargoship/pkg/utils.go:78.37,80.2 1 1
github.com/scttfrdmn/cargoship/pkg/utils.go:82.39,84.24 2 1
github.com/scttfrdmn/cargoship/pkg/utils.go:84.24,86.3 1 1
github.com/scttfrdmn/cargoship/pkg/utils.go:87.2,87.22 1 1
github.com/scttfrdmn/cargoship/pkg/utils.go:90.92,92.16 2 1
github.com/scttfrdmn/cargoship/pkg/utils.go:92.16,94.3 1 0
github.com/scttfrdmn/cargoship/pkg/utils.go:95.2,96.62 2 1
github.com/scttfrdmn/cargoship/pkg/utils.go:96.62,98.3 1 0
github.com/scttfrdmn/cargoship/pkg/utils.go:99.2,99.12 1 1
github.com/scttfrdmn/cargoship/pkg/utils.go:102.36,103.11 1 1
github.com/scttfrdmn/cargoship/pkg/utils.go:103.11,104.63 1 1
github.com/scttfrdmn/cargoship/pkg/utils.go:106.2,106.18 1 1
github.com/scttfrdmn/cargoship/pkg/utils.go:109.32,110.11 1 1
github.com/scttfrdmn/cargoship/pkg/utils.go:110.11,111.63 1 1
github.com/scttfrdmn/cargoship/pkg/utils.go:113.2,113.18 1 1
