mode: set
github.com/scttfrdmn/cargoship/pkg/aws/pricing/service.go:42.48,48.2 1 1
github.com/scttfrdmn/cargoship/pkg/aws/pricing/service.go:51.86,53.47 2 1
github.com/scttfrdmn/cargoship/pkg/aws/pricing/service.go:53.47,54.51 1 1
github.com/scttfrdmn/cargoship/pkg/aws/pricing/service.go:54.51,57.4 2 1
github.com/scttfrdmn/cargoship/pkg/aws/pricing/service.go:59.2,63.16 3 1
github.com/scttfrdmn/cargoship/pkg/aws/pricing/service.go:63.16,66.48 2 1
github.com/scttfrdmn/cargoship/pkg/aws/pricing/service.go:66.48,69.4 2 1
github.com/scttfrdmn/cargoship/pkg/aws/pricing/service.go:70.3,71.18 2 1
github.com/scttfrdmn/cargoship/pkg/aws/pricing/service.go:75.2,79.23 4 1
github.com/scttfrdmn/cargoship/pkg/aws/pricing/service.go:83.92,92.72 2 1
github.com/scttfrdmn/cargoship/pkg/aws/pricing/service.go:92.72,94.3 1 1
github.com/scttfrdmn/cargoship/pkg/aws/pricing/service.go:97.2,97.75 1 1
github.com/scttfrdmn/cargoship/pkg/aws/pricing/service.go:97.75,99.3 1 0
github.com/scttfrdmn/cargoship/pkg/aws/pricing/service.go:102.2,102.70 1 1
github.com/scttfrdmn/cargoship/pkg/aws/pricing/service.go:102.70,104.3 1 0
github.com/scttfrdmn/cargoship/pkg/aws/pricing/service.go:106.2,106.23 1 1
github.com/scttfrdmn/cargoship/pkg/aws/pricing/service.go:110.105,130.16 3 1
github.com/scttfrdmn/cargoship/pkg/aws/pricing/service.go:130.16,134.3 2 1
github.com/scttfrdmn/cargoship/pkg/aws/pricing/service.go:137.2,137.43 1 1
github.com/scttfrdmn/cargoship/pkg/aws/pricing/service.go:137.43,138.69 1 1
github.com/scttfrdmn/cargoship/pkg/aws/pricing/service.go:138.69,139.12 1 1
github.com/scttfrdmn/cargoship/pkg/aws/pricing/service.go:144.2,144.38 1 1
github.com/scttfrdmn/cargoship/pkg/aws/pricing/service.go:144.38,146.3 1 0
github.com/scttfrdmn/cargoship/pkg/aws/pricing/service.go:148.2,148.12 1 1
github.com/scttfrdmn/cargoship/pkg/aws/pricing/service.go:152.108,171.16 3 1
github.com/scttfrdmn/cargoship/pkg/aws/pricing/service.go:171.16,175.3 2 1
github.com/scttfrdmn/cargoship/pkg/aws/pricing/service.go:178.2,178.43 1 1
github.com/scttfrdmn/cargoship/pkg/aws/pricing/service.go:178.43,179.62 1 1
github.com/scttfrdmn/cargoship/pkg/aws/pricing/service.go:179.62,181.9 2 1
github.com/scttfrdmn/cargoship/pkg/aws/pricing/service.go:186.2,186.34 1 1
github.com/scttfrdmn/cargoship/pkg/aws/pricing/service.go:186.34,188.3 1 0
github.com/scttfrdmn/cargoship/pkg/aws/pricing/service.go:190.2,190.12 1 1
github.com/scttfrdmn/cargoship/pkg/aws/pricing/service.go:194.103,213.16 3 1
github.com/scttfrdmn/cargoship/pkg/aws/pricing/service.go:213.16,217.3 2 1
github.com/scttfrdmn/cargoship/pkg/aws/pricing/service.go:220.2,220.43 1 1
github.com/scttfrdmn/cargoship/pkg/aws/pricing/service.go:220.43,221.69 1 1
github.com/scttfrdmn/cargoship/pkg/aws/pricing/service.go:221.69,222.12 1 0
github.com/scttfrdmn/cargoship/pkg/aws/pricing/service.go:227.2,227.38 1 1
github.com/scttfrdmn/cargoship/pkg/aws/pricing/service.go:227.38,229.3 1 0
github.com/scttfrdmn/cargoship/pkg/aws/pricing/service.go:231.2,231.12 1 1
github.com/scttfrdmn/cargoship/pkg/aws/pricing/service.go:235.85,237.70 2 1
github.com/scttfrdmn/cargoship/pkg/aws/pricing/service.go:237.70,239.3 1 1
github.com/scttfrdmn/cargoship/pkg/aws/pricing/service.go:242.2,243.9 2 1
github.com/scttfrdmn/cargoship/pkg/aws/pricing/service.go:243.9,245.3 1 0
github.com/scttfrdmn/cargoship/pkg/aws/pricing/service.go:247.2,248.24 2 1
github.com/scttfrdmn/cargoship/pkg/aws/pricing/service.go:248.24,250.3 1 1
github.com/scttfrdmn/cargoship/pkg/aws/pricing/service.go:253.2,254.15 2 1
github.com/scttfrdmn/cargoship/pkg/aws/pricing/service.go:254.15,256.3 1 1
github.com/scttfrdmn/cargoship/pkg/aws/pricing/service.go:258.2,258.12 1 1
github.com/scttfrdmn/cargoship/pkg/aws/pricing/service.go:262.68,264.70 2 1
github.com/scttfrdmn/cargoship/pkg/aws/pricing/service.go:264.70,266.3 1 1
github.com/scttfrdmn/cargoship/pkg/aws/pricing/service.go:268.2,268.45 1 1
github.com/scttfrdmn/cargoship/pkg/aws/pricing/service.go:272.85,274.70 2 1
github.com/scttfrdmn/cargoship/pkg/aws/pricing/service.go:274.70,276.3 1 1
github.com/scttfrdmn/cargoship/pkg/aws/pricing/service.go:279.2,280.9 2 1
github.com/scttfrdmn/cargoship/pkg/aws/pricing/service.go:280.9,282.3 1 0
github.com/scttfrdmn/cargoship/pkg/aws/pricing/service.go:284.2,285.24 2 1
github.com/scttfrdmn/cargoship/pkg/aws/pricing/service.go:285.24,287.3 1 0
github.com/scttfrdmn/cargoship/pkg/aws/pricing/service.go:289.2,290.15 2 1
github.com/scttfrdmn/cargoship/pkg/aws/pricing/service.go:290.15,292.3 1 1
github.com/scttfrdmn/cargoship/pkg/aws/pricing/service.go:294.2,294.12 1 1
github.com/scttfrdmn/cargoship/pkg/aws/pricing/service.go:298.81,301.22 2 1
github.com/scttfrdmn/cargoship/pkg/aws/pricing/service.go:302.25,303.45 1 1
github.com/scttfrdmn/cargoship/pkg/aws/pricing/service.go:304.27,305.47 1 1
github.com/scttfrdmn/cargoship/pkg/aws/pricing/service.go:306.38,307.46 1 1
github.com/scttfrdmn/cargoship/pkg/aws/pricing/service.go:308.17,309.44 1 1
github.com/scttfrdmn/cargoship/pkg/aws/pricing/service.go:310.22,311.48 1 1
github.com/scttfrdmn/cargoship/pkg/aws/pricing/service.go:312.29,313.55 1 1
github.com/scttfrdmn/cargoship/pkg/aws/pricing/service.go:314.10,315.12 1 1
github.com/scttfrdmn/cargoship/pkg/aws/pricing/service.go:320.92,323.42 2 1
github.com/scttfrdmn/cargoship/pkg/aws/pricing/service.go:323.42,326.3 2 1
github.com/scttfrdmn/cargoship/pkg/aws/pricing/service.go:328.2,328.44 1 1
github.com/scttfrdmn/cargoship/pkg/aws/pricing/service.go:332.85,334.9 2 1
github.com/scttfrdmn/cargoship/pkg/aws/pricing/service.go:334.9,336.3 1 1
github.com/scttfrdmn/cargoship/pkg/aws/pricing/service.go:338.2,339.9 2 1
github.com/scttfrdmn/cargoship/pkg/aws/pricing/service.go:339.9,341.3 1 1
github.com/scttfrdmn/cargoship/pkg/aws/pricing/service.go:344.2,344.36 1 1
github.com/scttfrdmn/cargoship/pkg/aws/pricing/service.go:344.36,346.10 2 1
github.com/scttfrdmn/cargoship/pkg/aws/pricing/service.go:346.10,347.12 1 0
github.com/scttfrdmn/cargoship/pkg/aws/pricing/service.go:350.3,351.10 2 1
github.com/scttfrdmn/cargoship/pkg/aws/pricing/service.go:351.10,352.12 1 0
github.com/scttfrdmn/cargoship/pkg/aws/pricing/service.go:355.3,355.45 1 1
github.com/scttfrdmn/cargoship/pkg/aws/pricing/service.go:355.45,357.11 2 1
github.com/scttfrdmn/cargoship/pkg/aws/pricing/service.go:357.11,358.13 1 0
github.com/scttfrdmn/cargoship/pkg/aws/pricing/service.go:361.4,362.11 2 1
github.com/scttfrdmn/cargoship/pkg/aws/pricing/service.go:362.11,363.13 1 0
github.com/scttfrdmn/cargoship/pkg/aws/pricing/service.go:366.4,367.11 2 1
github.com/scttfrdmn/cargoship/pkg/aws/pricing/service.go:367.11,368.13 1 0
github.com/scttfrdmn/cargoship/pkg/aws/pricing/service.go:371.4,372.64 2 1
github.com/scttfrdmn/cargoship/pkg/aws/pricing/service.go:372.64,374.5 1 1
github.com/scttfrdmn/cargoship/pkg/aws/pricing/service.go:378.2,378.10 1 1
github.com/scttfrdmn/cargoship/pkg/aws/pricing/service.go:382.63,397.53 2 1
github.com/scttfrdmn/cargoship/pkg/aws/pricing/service.go:397.53,399.3 1 1
github.com/scttfrdmn/cargoship/pkg/aws/pricing/service.go:401.2,401.32 1 1
github.com/scttfrdmn/cargoship/pkg/aws/pricing/service.go:405.82,408.74 2 1
github.com/scttfrdmn/cargoship/pkg/aws/pricing/service.go:408.74,410.3 1 1
github.com/scttfrdmn/cargoship/pkg/aws/pricing/service.go:412.2,419.3 1 1
github.com/scttfrdmn/cargoship/pkg/aws/pricing/service.go:423.67,432.2 1 1
github.com/scttfrdmn/cargoship/pkg/aws/pricing/service.go:435.50,439.2 3 1
github.com/scttfrdmn/cargoship/pkg/aws/pricing/service.go:442.40,446.2 3 1
