mode: set
github.com/scttfrdmn/cargoship/pkg/rclone/rclone.go:38.43,40.16 2 0
github.com/scttfrdmn/cargoship/pkg/rclone/rclone.go:40.16,41.13 1 0
github.com/scttfrdmn/cargoship/pkg/rclone/rclone.go:43.2,43.19 1 0
github.com/scttfrdmn/cargoship/pkg/rclone/rclone.go:70.44,72.16 2 1
github.com/scttfrdmn/cargoship/pkg/rclone/rclone.go:72.16,73.13 1 0
github.com/scttfrdmn/cargoship/pkg/rclone/rclone.go:75.2,75.19 1 1
github.com/scttfrdmn/cargoship/pkg/rclone/rclone.go:96.43,98.16 2 1
github.com/scttfrdmn/cargoship/pkg/rclone/rclone.go:98.16,99.13 1 0
github.com/scttfrdmn/cargoship/pkg/rclone/rclone.go:101.2,101.19 1 1
github.com/scttfrdmn/cargoship/pkg/rclone/rclone.go:131.72,133.16 2 1
github.com/scttfrdmn/cargoship/pkg/rclone/rclone.go:133.16,134.13 1 0
github.com/scttfrdmn/cargoship/pkg/rclone/rclone.go:136.2,136.12 1 1
github.com/scttfrdmn/cargoship/pkg/rclone/rclone.go:139.46,140.31 1 1
github.com/scttfrdmn/cargoship/pkg/rclone/rclone.go:140.31,142.3 1 1
github.com/scttfrdmn/cargoship/pkg/rclone/rclone.go:145.46,146.31 1 1
github.com/scttfrdmn/cargoship/pkg/rclone/rclone.go:146.31,148.3 1 1
github.com/scttfrdmn/cargoship/pkg/rclone/rclone.go:151.50,152.31 1 1
github.com/scttfrdmn/cargoship/pkg/rclone/rclone.go:152.31,154.3 1 1
github.com/scttfrdmn/cargoship/pkg/rclone/rclone.go:157.50,158.31 1 1
github.com/scttfrdmn/cargoship/pkg/rclone/rclone.go:158.31,160.3 1 1
github.com/scttfrdmn/cargoship/pkg/rclone/rclone.go:163.46,164.31 1 1
github.com/scttfrdmn/cargoship/pkg/rclone/rclone.go:164.31,166.3 1 1
github.com/scttfrdmn/cargoship/pkg/rclone/rclone.go:169.77,179.30 2 1
github.com/scttfrdmn/cargoship/pkg/rclone/rclone.go:179.30,181.3 1 1
github.com/scttfrdmn/cargoship/pkg/rclone/rclone.go:183.2,183.40 1 1
github.com/scttfrdmn/cargoship/pkg/rclone/rclone.go:183.40,185.3 1 1
github.com/scttfrdmn/cargoship/pkg/rclone/rclone.go:186.2,186.40 1 1
github.com/scttfrdmn/cargoship/pkg/rclone/rclone.go:186.40,188.3 1 1
github.com/scttfrdmn/cargoship/pkg/rclone/rclone.go:189.2,189.15 1 1
github.com/scttfrdmn/cargoship/pkg/rclone/rclone.go:193.91,195.16 2 1
github.com/scttfrdmn/cargoship/pkg/rclone/rclone.go:195.16,197.3 1 1
github.com/scttfrdmn/cargoship/pkg/rclone/rclone.go:198.2,200.24 3 1
github.com/scttfrdmn/cargoship/pkg/rclone/rclone.go:200.24,207.3 2 1
github.com/scttfrdmn/cargoship/pkg/rclone/rclone.go:207.8,217.3 3 1
github.com/scttfrdmn/cargoship/pkg/rclone/rclone.go:218.2,218.31 1 1
github.com/scttfrdmn/cargoship/pkg/rclone/rclone.go:228.43,230.16 2 0
github.com/scttfrdmn/cargoship/pkg/rclone/rclone.go:230.16,231.13 1 0
github.com/scttfrdmn/cargoship/pkg/rclone/rclone.go:233.2,233.19 1 0
github.com/scttfrdmn/cargoship/pkg/rclone/rclone.go:237.28,241.9 4 0
github.com/scttfrdmn/cargoship/pkg/rclone/rclone.go:242.24,243.21 1 0
github.com/scttfrdmn/cargoship/pkg/rclone/rclone.go:244.24,245.21 1 0
github.com/scttfrdmn/cargoship/pkg/rclone/rclone.go:246.10,247.39 1 0
github.com/scttfrdmn/cargoship/pkg/rclone/rclone.go:249.2,258.16 6 0
github.com/scttfrdmn/cargoship/pkg/rclone/rclone.go:258.16,259.13 1 0
github.com/scttfrdmn/cargoship/pkg/rclone/rclone.go:261.2,261.23 1 0
github.com/scttfrdmn/cargoship/pkg/rclone/rclone.go:284.57,288.16 3 0
github.com/scttfrdmn/cargoship/pkg/rclone/rclone.go:288.16,290.3 1 0
github.com/scttfrdmn/cargoship/pkg/rclone/rclone.go:291.2,292.19 2 0
github.com/scttfrdmn/cargoship/pkg/rclone/rclone.go:292.19,294.3 1 0
github.com/scttfrdmn/cargoship/pkg/rclone/rclone.go:295.2,296.12 2 0
github.com/scttfrdmn/cargoship/pkg/rclone/rclone.go:307.49,309.16 2 1
github.com/scttfrdmn/cargoship/pkg/rclone/rclone.go:309.16,311.3 1 0
github.com/scttfrdmn/cargoship/pkg/rclone/rclone.go:312.2,312.23 1 1
github.com/scttfrdmn/cargoship/pkg/rclone/rclone.go:315.44,317.16 2 1
github.com/scttfrdmn/cargoship/pkg/rclone/rclone.go:317.16,318.13 1 0
github.com/scttfrdmn/cargoship/pkg/rclone/rclone.go:320.2,320.10 1 1
github.com/scttfrdmn/cargoship/pkg/rclone/rclone.go:323.66,337.2 3 1
github.com/scttfrdmn/cargoship/pkg/rclone/rclone.go:339.44,344.2 4 1
github.com/scttfrdmn/cargoship/pkg/rclone/rclone.go:347.68,359.19 6 1
github.com/scttfrdmn/cargoship/pkg/rclone/rclone.go:359.19,361.3 1 0
github.com/scttfrdmn/cargoship/pkg/rclone/rclone.go:362.2,370.16 4 1
github.com/scttfrdmn/cargoship/pkg/rclone/rclone.go:370.16,372.3 1 1
github.com/scttfrdmn/cargoship/pkg/rclone/rclone.go:373.2,373.25 1 1
github.com/scttfrdmn/cargoship/pkg/rclone/rclone.go:373.25,375.3 1 0
github.com/scttfrdmn/cargoship/pkg/rclone/rclone.go:377.2,377.12 1 1
github.com/scttfrdmn/cargoship/pkg/rclone/rclone.go:380.45,382.19 2 1
github.com/scttfrdmn/cargoship/pkg/rclone/rclone.go:382.19,384.3 1 0
github.com/scttfrdmn/cargoship/pkg/rclone/rclone.go:385.2,386.60 2 1
github.com/scttfrdmn/cargoship/pkg/rclone/rclone.go:386.60,388.3 1 0
github.com/scttfrdmn/cargoship/pkg/rclone/rclone.go:389.2,389.20 1 1
github.com/scttfrdmn/cargoship/pkg/rclone/rclone.go:393.46,400.26 2 0
github.com/scttfrdmn/cargoship/pkg/rclone/rclone.go:400.26,402.3 1 0
github.com/scttfrdmn/cargoship/pkg/rclone/rclone.go:404.2,407.16 3 0
github.com/scttfrdmn/cargoship/pkg/rclone/rclone.go:407.16,409.3 1 0
github.com/scttfrdmn/cargoship/pkg/rclone/rclone.go:411.2,412.19 2 0
github.com/scttfrdmn/cargoship/pkg/rclone/rclone.go:412.19,414.3 1 0
github.com/scttfrdmn/cargoship/pkg/rclone/rclone.go:416.2,417.61 2 0
github.com/scttfrdmn/cargoship/pkg/rclone/rclone.go:417.61,419.3 1 0
github.com/scttfrdmn/cargoship/pkg/rclone/rclone.go:421.2,427.16 3 0
github.com/scttfrdmn/cargoship/pkg/rclone/rclone.go:427.16,429.3 1 0
github.com/scttfrdmn/cargoship/pkg/rclone/rclone.go:430.2,430.25 1 0
github.com/scttfrdmn/cargoship/pkg/rclone/rclone.go:430.25,432.3 1 0
github.com/scttfrdmn/cargoship/pkg/rclone/rclone.go:434.2,437.60 3 0
github.com/scttfrdmn/cargoship/pkg/rclone/rclone.go:437.60,439.3 1 0
github.com/scttfrdmn/cargoship/pkg/rclone/rclone.go:441.2,443.12 2 0
github.com/scttfrdmn/cargoship/pkg/rclone/rclone.go:446.90,450.50 4 1
github.com/scttfrdmn/cargoship/pkg/rclone/rclone.go:450.50,452.28 2 1
github.com/scttfrdmn/cargoship/pkg/rclone/rclone.go:452.28,454.4 1 0
github.com/scttfrdmn/cargoship/pkg/rclone/rclone.go:455.3,455.57 1 1
github.com/scttfrdmn/cargoship/pkg/rclone/rclone.go:455.57,457.4 1 0
github.com/scttfrdmn/cargoship/pkg/rclone/rclone.go:458.3,459.17 2 1
github.com/scttfrdmn/cargoship/pkg/rclone/rclone.go:459.17,461.4 1 1
github.com/scttfrdmn/cargoship/pkg/rclone/rclone.go:462.3,462.15 1 1
github.com/scttfrdmn/cargoship/pkg/rclone/rclone.go:462.15,468.4 1 1
github.com/scttfrdmn/cargoship/pkg/rclone/rclone.go:469.3,470.16 2 1
github.com/scttfrdmn/cargoship/pkg/rclone/rclone.go:473.2,473.14 1 1
github.com/scttfrdmn/cargoship/pkg/rclone/rclone.go:473.14,479.3 1 1
github.com/scttfrdmn/cargoship/pkg/rclone/rclone.go:480.2,480.24 1 1
github.com/scttfrdmn/cargoship/pkg/rclone/rclone.go:483.64,485.23 2 1
github.com/scttfrdmn/cargoship/pkg/rclone/rclone.go:485.23,487.3 1 0
github.com/scttfrdmn/cargoship/pkg/rclone/rclone.go:488.2,490.16 3 1
github.com/scttfrdmn/cargoship/pkg/rclone/rclone.go:490.16,492.3 1 0
github.com/scttfrdmn/cargoship/pkg/rclone/rclone.go:493.2,493.24 1 1
github.com/scttfrdmn/cargoship/pkg/rclone/rclone.go:493.24,495.3 1 1
github.com/scttfrdmn/cargoship/pkg/rclone/rclone.go:496.2,496.21 1 1
github.com/scttfrdmn/cargoship/pkg/rclone/rclone.go:503.36,505.56 2 0
github.com/scttfrdmn/cargoship/pkg/rclone/rclone.go:505.56,507.3 1 0
github.com/scttfrdmn/cargoship/pkg/rclone/rclone.go:508.2,508.30 1 0
github.com/scttfrdmn/cargoship/pkg/rclone/rclone.go:511.30,512.16 1 1
github.com/scttfrdmn/cargoship/pkg/rclone/rclone.go:512.16,513.13 1 0
