mode: set
github.com/scttfrdmn/cargoship/pkg/aws/s3/adaptive.go:90.86,91.30 1 1
github.com/scttfrdmn/cargoship/pkg/aws/s3/adaptive.go:91.30,93.3 1 1
github.com/scttfrdmn/cargoship/pkg/aws/s3/adaptive.go:94.2,94.30 1 1
github.com/scttfrdmn/cargoship/pkg/aws/s3/adaptive.go:94.30,96.3 1 1
github.com/scttfrdmn/cargoship/pkg/aws/s3/adaptive.go:97.2,97.34 1 1
github.com/scttfrdmn/cargoship/pkg/aws/s3/adaptive.go:97.34,99.3 1 1
github.com/scttfrdmn/cargoship/pkg/aws/s3/adaptive.go:100.2,100.32 1 1
github.com/scttfrdmn/cargoship/pkg/aws/s3/adaptive.go:100.32,102.3 1 1
github.com/scttfrdmn/cargoship/pkg/aws/s3/adaptive.go:103.2,103.36 1 1
github.com/scttfrdmn/cargoship/pkg/aws/s3/adaptive.go:103.36,105.3 1 1
github.com/scttfrdmn/cargoship/pkg/aws/s3/adaptive.go:106.2,106.32 1 1
github.com/scttfrdmn/cargoship/pkg/aws/s3/adaptive.go:106.32,108.3 1 1
github.com/scttfrdmn/cargoship/pkg/aws/s3/adaptive.go:110.2,120.3 1 1
github.com/scttfrdmn/cargoship/pkg/aws/s3/adaptive.go:124.96,135.44 5 1
github.com/scttfrdmn/cargoship/pkg/aws/s3/adaptive.go:135.44,137.3 1 0
github.com/scttfrdmn/cargoship/pkg/aws/s3/adaptive.go:140.2,143.36 2 1
github.com/scttfrdmn/cargoship/pkg/aws/s3/adaptive.go:147.73,148.9 1 1
github.com/scttfrdmn/cargoship/pkg/aws/s3/adaptive.go:149.32,150.25 1 1
github.com/scttfrdmn/cargoship/pkg/aws/s3/adaptive.go:151.33,152.26 1 1
github.com/scttfrdmn/cargoship/pkg/aws/s3/adaptive.go:153.36,154.26 1 1
github.com/scttfrdmn/cargoship/pkg/aws/s3/adaptive.go:155.10,156.26 1 0
github.com/scttfrdmn/cargoship/pkg/aws/s3/adaptive.go:161.77,166.20 3 1
github.com/scttfrdmn/cargoship/pkg/aws/s3/adaptive.go:166.20,168.3 1 1
github.com/scttfrdmn/cargoship/pkg/aws/s3/adaptive.go:171.2,172.9 2 1
github.com/scttfrdmn/cargoship/pkg/aws/s3/adaptive.go:173.23,174.28 1 0
github.com/scttfrdmn/cargoship/pkg/aws/s3/adaptive.go:175.23,176.29 1 0
github.com/scttfrdmn/cargoship/pkg/aws/s3/adaptive.go:177.24,178.28 1 1
github.com/scttfrdmn/cargoship/pkg/aws/s3/adaptive.go:179.10,180.28 1 0
github.com/scttfrdmn/cargoship/pkg/aws/s3/adaptive.go:184.2,185.9 2 1
github.com/scttfrdmn/cargoship/pkg/aws/s3/adaptive.go:186.38,187.26 1 0
github.com/scttfrdmn/cargoship/pkg/aws/s3/adaptive.go:188.38,189.26 1 0
github.com/scttfrdmn/cargoship/pkg/aws/s3/adaptive.go:190.10,191.26 1 1
github.com/scttfrdmn/cargoship/pkg/aws/s3/adaptive.go:194.2,195.24 2 1
github.com/scttfrdmn/cargoship/pkg/aws/s3/adaptive.go:199.91,202.21 2 1
github.com/scttfrdmn/cargoship/pkg/aws/s3/adaptive.go:203.46,205.19 1 1
github.com/scttfrdmn/cargoship/pkg/aws/s3/adaptive.go:206.32,208.19 1 1
github.com/scttfrdmn/cargoship/pkg/aws/s3/adaptive.go:209.33,211.19 1 1
github.com/scttfrdmn/cargoship/pkg/aws/s3/adaptive.go:212.40,214.19 1 1
github.com/scttfrdmn/cargoship/pkg/aws/s3/adaptive.go:215.34,217.19 1 1
github.com/scttfrdmn/cargoship/pkg/aws/s3/adaptive.go:220.2,220.46 1 1
github.com/scttfrdmn/cargoship/pkg/aws/s3/adaptive.go:224.87,230.51 4 1
github.com/scttfrdmn/cargoship/pkg/aws/s3/adaptive.go:230.51,231.60 1 1
github.com/scttfrdmn/cargoship/pkg/aws/s3/adaptive.go:231.60,233.4 1 1
github.com/scttfrdmn/cargoship/pkg/aws/s3/adaptive.go:236.2,236.31 1 1
github.com/scttfrdmn/cargoship/pkg/aws/s3/adaptive.go:236.31,238.3 1 1
github.com/scttfrdmn/cargoship/pkg/aws/s3/adaptive.go:241.2,242.42 2 1
github.com/scttfrdmn/cargoship/pkg/aws/s3/adaptive.go:242.42,244.3 1 1
github.com/scttfrdmn/cargoship/pkg/aws/s3/adaptive.go:246.2,251.16 3 1
github.com/scttfrdmn/cargoship/pkg/aws/s3/adaptive.go:255.61,256.34 1 1
github.com/scttfrdmn/cargoship/pkg/aws/s3/adaptive.go:256.34,258.3 1 1
github.com/scttfrdmn/cargoship/pkg/aws/s3/adaptive.go:259.2,259.34 1 1
github.com/scttfrdmn/cargoship/pkg/aws/s3/adaptive.go:259.34,261.3 1 1
github.com/scttfrdmn/cargoship/pkg/aws/s3/adaptive.go:262.2,262.13 1 1
github.com/scttfrdmn/cargoship/pkg/aws/s3/adaptive.go:266.93,274.9 4 1
github.com/scttfrdmn/cargoship/pkg/aws/s3/adaptive.go:275.23,276.22 1 1
github.com/scttfrdmn/cargoship/pkg/aws/s3/adaptive.go:277.23,278.22 1 0
github.com/scttfrdmn/cargoship/pkg/aws/s3/adaptive.go:279.24,280.22 1 1
github.com/scttfrdmn/cargoship/pkg/aws/s3/adaptive.go:281.10,282.44 1 0
github.com/scttfrdmn/cargoship/pkg/aws/s3/adaptive.go:286.2,286.33 1 1
github.com/scttfrdmn/cargoship/pkg/aws/s3/adaptive.go:286.33,288.3 1 0
github.com/scttfrdmn/cargoship/pkg/aws/s3/adaptive.go:291.2,292.28 2 1
github.com/scttfrdmn/cargoship/pkg/aws/s3/adaptive.go:292.28,295.56 2 0
github.com/scttfrdmn/cargoship/pkg/aws/s3/adaptive.go:295.56,297.4 1 0
github.com/scttfrdmn/cargoship/pkg/aws/s3/adaptive.go:300.2,300.24 1 1
github.com/scttfrdmn/cargoship/pkg/aws/s3/adaptive.go:304.70,312.65 4 1
github.com/scttfrdmn/cargoship/pkg/aws/s3/adaptive.go:312.65,314.3 1 0
github.com/scttfrdmn/cargoship/pkg/aws/s3/adaptive.go:316.2,319.27 2 1
github.com/scttfrdmn/cargoship/pkg/aws/s3/adaptive.go:323.52,325.23 2 1
github.com/scttfrdmn/cargoship/pkg/aws/s3/adaptive.go:325.23,327.3 1 0
github.com/scttfrdmn/cargoship/pkg/aws/s3/adaptive.go:329.2,333.33 4 1
github.com/scttfrdmn/cargoship/pkg/aws/s3/adaptive.go:333.33,334.21 1 1
github.com/scttfrdmn/cargoship/pkg/aws/s3/adaptive.go:334.21,338.4 3 1
github.com/scttfrdmn/cargoship/pkg/aws/s3/adaptive.go:341.2,341.22 1 1
github.com/scttfrdmn/cargoship/pkg/aws/s3/adaptive.go:341.22,344.3 2 1
github.com/scttfrdmn/cargoship/pkg/aws/s3/adaptive.go:348.71,361.65 7 1
github.com/scttfrdmn/cargoship/pkg/aws/s3/adaptive.go:361.65,363.3 1 0
github.com/scttfrdmn/cargoship/pkg/aws/s3/adaptive.go:365.2,370.49 1 1
github.com/scttfrdmn/cargoship/pkg/aws/s3/adaptive.go:374.86,375.67 1 1
github.com/scttfrdmn/cargoship/pkg/aws/s3/adaptive.go:375.67,377.3 1 0
github.com/scttfrdmn/cargoship/pkg/aws/s3/adaptive.go:380.2,383.49 3 1
github.com/scttfrdmn/cargoship/pkg/aws/s3/adaptive.go:383.49,384.64 1 1
github.com/scttfrdmn/cargoship/pkg/aws/s3/adaptive.go:384.64,387.4 2 1
github.com/scttfrdmn/cargoship/pkg/aws/s3/adaptive.go:390.2,390.21 1 1
github.com/scttfrdmn/cargoship/pkg/aws/s3/adaptive.go:394.90,396.21 1 1
github.com/scttfrdmn/cargoship/pkg/aws/s3/adaptive.go:396.21,398.3 1 1
github.com/scttfrdmn/cargoship/pkg/aws/s3/adaptive.go:399.2,399.38 1 1
github.com/scttfrdmn/cargoship/pkg/aws/s3/adaptive.go:403.83,404.35 1 1
github.com/scttfrdmn/cargoship/pkg/aws/s3/adaptive.go:404.35,406.3 1 1
github.com/scttfrdmn/cargoship/pkg/aws/s3/adaptive.go:409.2,410.49 2 1
github.com/scttfrdmn/cargoship/pkg/aws/s3/adaptive.go:410.49,412.3 1 1
github.com/scttfrdmn/cargoship/pkg/aws/s3/adaptive.go:413.2,415.9 2 1
github.com/scttfrdmn/cargoship/pkg/aws/s3/adaptive.go:416.27,417.16 1 1
github.com/scttfrdmn/cargoship/pkg/aws/s3/adaptive.go:418.27,419.16 1 1
github.com/scttfrdmn/cargoship/pkg/aws/s3/adaptive.go:420.28,421.16 1 1
github.com/scttfrdmn/cargoship/pkg/aws/s3/adaptive.go:422.10,423.21 1 1
github.com/scttfrdmn/cargoship/pkg/aws/s3/adaptive.go:428.67,432.40 3 1
github.com/scttfrdmn/cargoship/pkg/aws/s3/adaptive.go:432.40,434.3 1 1
github.com/scttfrdmn/cargoship/pkg/aws/s3/adaptive.go:437.2,441.51 4 1
github.com/scttfrdmn/cargoship/pkg/aws/s3/adaptive.go:441.51,442.23 1 1
github.com/scttfrdmn/cargoship/pkg/aws/s3/adaptive.go:442.23,443.12 1 1
github.com/scttfrdmn/cargoship/pkg/aws/s3/adaptive.go:447.3,451.24 4 1
github.com/scttfrdmn/cargoship/pkg/aws/s3/adaptive.go:454.2,454.21 1 1
github.com/scttfrdmn/cargoship/pkg/aws/s3/adaptive.go:454.21,456.3 1 1
github.com/scttfrdmn/cargoship/pkg/aws/s3/adaptive.go:458.2,458.10 1 0
github.com/scttfrdmn/cargoship/pkg/aws/s3/adaptive.go:462.57,465.9 2 1
github.com/scttfrdmn/cargoship/pkg/aws/s3/adaptive.go:466.23,467.16 1 1
github.com/scttfrdmn/cargoship/pkg/aws/s3/adaptive.go:468.23,469.16 1 1
github.com/scttfrdmn/cargoship/pkg/aws/s3/adaptive.go:470.24,471.16 1 1
github.com/scttfrdmn/cargoship/pkg/aws/s3/adaptive.go:472.10,473.21 1 1
github.com/scttfrdmn/cargoship/pkg/aws/s3/adaptive.go:478.57,482.2 3 1
github.com/scttfrdmn/cargoship/pkg/aws/s3/adaptive.go:485.61,489.2 3 1
github.com/scttfrdmn/cargoship/pkg/aws/s3/adaptive.go:492.106,504.2 3 1
github.com/scttfrdmn/cargoship/pkg/aws/s3/adaptive.go:517.109,519.20 2 1
github.com/scttfrdmn/cargoship/pkg/aws/s3/adaptive.go:519.20,521.3 1 1
github.com/scttfrdmn/cargoship/pkg/aws/s3/adaptive.go:524.2,529.63 3 1
github.com/scttfrdmn/cargoship/pkg/aws/s3/adaptive.go:533.58,542.2 5 1
github.com/scttfrdmn/cargoship/pkg/aws/s3/adaptive.go:545.127,555.2 2 1
github.com/scttfrdmn/cargoship/pkg/aws/s3/adaptive.go:558.24,559.11 1 1
github.com/scttfrdmn/cargoship/pkg/aws/s3/adaptive.go:559.11,561.3 1 1
github.com/scttfrdmn/cargoship/pkg/aws/s3/adaptive.go:562.2,562.10 1 1
github.com/scttfrdmn/cargoship/pkg/aws/s3/parallel.go:69.93,70.29 1 1
github.com/scttfrdmn/cargoship/pkg/aws/s3/parallel.go:70.29,72.3 1 1
github.com/scttfrdmn/cargoship/pkg/aws/s3/parallel.go:73.2,73.38 1 1
github.com/scttfrdmn/cargoship/pkg/aws/s3/parallel.go:73.38,75.3 1 1
github.com/scttfrdmn/cargoship/pkg/aws/s3/parallel.go:76.2,76.32 1 1
github.com/scttfrdmn/cargoship/pkg/aws/s3/parallel.go:76.32,78.3 1 1
github.com/scttfrdmn/cargoship/pkg/aws/s3/parallel.go:79.2,79.32 1 1
github.com/scttfrdmn/cargoship/pkg/aws/s3/parallel.go:79.32,81.3 1 1
github.com/scttfrdmn/cargoship/pkg/aws/s3/parallel.go:83.2,90.3 1 1
github.com/scttfrdmn/cargoship/pkg/aws/s3/parallel.go:94.115,95.24 1 0
github.com/scttfrdmn/cargoship/pkg/aws/s3/parallel.go:95.24,97.3 1 0
github.com/scttfrdmn/cargoship/pkg/aws/s3/parallel.go:99.2,108.46 4 0
github.com/scttfrdmn/cargoship/pkg/aws/s3/parallel.go:112.72,113.32 1 1
github.com/scttfrdmn/cargoship/pkg/aws/s3/parallel.go:114.16,115.39 1 1
github.com/scttfrdmn/cargoship/pkg/aws/s3/parallel.go:115.39,117.4 1 1
github.com/scttfrdmn/cargoship/pkg/aws/s3/parallel.go:118.3,118.14 1 0
github.com/scttfrdmn/cargoship/pkg/aws/s3/parallel.go:119.14,120.34 1 1
github.com/scttfrdmn/cargoship/pkg/aws/s3/parallel.go:121.20,122.40 1 1
github.com/scttfrdmn/cargoship/pkg/aws/s3/parallel.go:123.14,124.14 1 1
github.com/scttfrdmn/cargoship/pkg/aws/s3/parallel.go:125.10,126.34 1 1
github.com/scttfrdmn/cargoship/pkg/aws/s3/parallel.go:131.60,135.44 3 1
github.com/scttfrdmn/cargoship/pkg/aws/s3/parallel.go:135.44,140.3 2 1
github.com/scttfrdmn/cargoship/pkg/aws/s3/parallel.go:142.2,142.17 1 1
github.com/scttfrdmn/cargoship/pkg/aws/s3/parallel.go:146.66,149.44 2 1
github.com/scttfrdmn/cargoship/pkg/aws/s3/parallel.go:149.44,151.3 1 1
github.com/scttfrdmn/cargoship/pkg/aws/s3/parallel.go:153.2,153.17 1 1
github.com/scttfrdmn/cargoship/pkg/aws/s3/parallel.go:157.60,163.44 3 1
github.com/scttfrdmn/cargoship/pkg/aws/s3/parallel.go:163.44,168.3 3 1
github.com/scttfrdmn/cargoship/pkg/aws/s3/parallel.go:170.2,170.17 1 1
github.com/scttfrdmn/cargoship/pkg/aws/s3/parallel.go:174.100,178.34 2 1
github.com/scttfrdmn/cargoship/pkg/aws/s3/parallel.go:178.34,184.3 1 1
github.com/scttfrdmn/cargoship/pkg/aws/s3/parallel.go:187.2,187.32 1 1
github.com/scttfrdmn/cargoship/pkg/aws/s3/parallel.go:188.21,189.36 1 1
github.com/scttfrdmn/cargoship/pkg/aws/s3/parallel.go:189.36,192.4 2 1
github.com/scttfrdmn/cargoship/pkg/aws/s3/parallel.go:194.20,195.36 1 1
github.com/scttfrdmn/cargoship/pkg/aws/s3/parallel.go:195.36,199.4 3 1
github.com/scttfrdmn/cargoship/pkg/aws/s3/parallel.go:201.22,202.14 1 1
github.com/scttfrdmn/cargoship/pkg/aws/s3/parallel.go:203.10,205.40 1 1
github.com/scttfrdmn/cargoship/pkg/aws/s3/parallel.go:209.2,209.25 1 1
github.com/scttfrdmn/cargoship/pkg/aws/s3/parallel.go:209.25,211.47 2 1
github.com/scttfrdmn/cargoship/pkg/aws/s3/parallel.go:211.47,213.4 1 1
github.com/scttfrdmn/cargoship/pkg/aws/s3/parallel.go:214.3,214.55 1 1
github.com/scttfrdmn/cargoship/pkg/aws/s3/parallel.go:217.2,217.16 1 1
github.com/scttfrdmn/cargoship/pkg/aws/s3/parallel.go:221.88,225.35 2 1
github.com/scttfrdmn/cargoship/pkg/aws/s3/parallel.go:225.35,230.35 3 1
github.com/scttfrdmn/cargoship/pkg/aws/s3/parallel.go:230.35,231.22 1 1
github.com/scttfrdmn/cargoship/pkg/aws/s3/parallel.go:231.22,234.5 2 1
github.com/scttfrdmn/cargoship/pkg/aws/s3/parallel.go:238.3,239.37 2 1
github.com/scttfrdmn/cargoship/pkg/aws/s3/parallel.go:244.62,248.2 3 1
github.com/scttfrdmn/cargoship/pkg/aws/s3/parallel.go:251.125,264.32 4 0
github.com/scttfrdmn/cargoship/pkg/aws/s3/parallel.go:264.32,267.31 2 0
github.com/scttfrdmn/cargoship/pkg/aws/s3/parallel.go:267.31,268.12 1 0
github.com/scttfrdmn/cargoship/pkg/aws/s3/parallel.go:271.3,273.49 2 0
github.com/scttfrdmn/cargoship/pkg/aws/s3/parallel.go:273.49,277.27 3 0
github.com/scttfrdmn/cargoship/pkg/aws/s3/parallel.go:277.27,282.5 4 0
github.com/scttfrdmn/cargoship/pkg/aws/s3/parallel.go:283.4,285.14 2 0
github.com/scttfrdmn/cargoship/pkg/aws/s3/parallel.go:290.2,290.42 1 0
github.com/scttfrdmn/cargoship/pkg/aws/s3/parallel.go:290.42,294.3 3 0
github.com/scttfrdmn/cargoship/pkg/aws/s3/parallel.go:296.2,305.20 4 0
github.com/scttfrdmn/cargoship/pkg/aws/s3/parallel.go:309.115,326.41 4 0
github.com/scttfrdmn/cargoship/pkg/aws/s3/parallel.go:326.41,332.50 3 0
github.com/scttfrdmn/cargoship/pkg/aws/s3/parallel.go:332.50,344.18 7 0
github.com/scttfrdmn/cargoship/pkg/aws/s3/parallel.go:344.18,347.5 2 0
github.com/scttfrdmn/cargoship/pkg/aws/s3/parallel.go:347.10,352.5 4 0
github.com/scttfrdmn/cargoship/pkg/aws/s3/parallel.go:353.4,355.18 2 0
github.com/scttfrdmn/cargoship/pkg/aws/s3/parallel.go:355.18,358.5 2 0
github.com/scttfrdmn/cargoship/pkg/aws/s3/parallel.go:360.4,361.14 2 0
github.com/scttfrdmn/cargoship/pkg/aws/s3/parallel.go:366.2,371.41 3 0
github.com/scttfrdmn/cargoship/pkg/aws/s3/parallel.go:371.41,374.3 2 0
github.com/scttfrdmn/cargoship/pkg/aws/s3/parallel.go:376.2,378.26 2 0
github.com/scttfrdmn/cargoship/pkg/aws/s3/parallel.go:405.51,409.38 2 1
github.com/scttfrdmn/cargoship/pkg/aws/s3/parallel.go:409.38,411.3 1 1
github.com/scttfrdmn/cargoship/pkg/aws/s3/parallel.go:413.2,415.30 2 1
github.com/scttfrdmn/cargoship/pkg/aws/s3/parallel.go:415.30,418.3 2 1
github.com/scttfrdmn/cargoship/pkg/aws/s3/parallel.go:422.67,426.9 2 1
github.com/scttfrdmn/cargoship/pkg/aws/s3/parallel.go:427.18,428.11 1 1
github.com/scttfrdmn/cargoship/pkg/aws/s3/parallel.go:429.19,430.11 1 1
github.com/scttfrdmn/cargoship/pkg/aws/s3/parallel.go:431.20,432.11 1 1
github.com/scttfrdmn/cargoship/pkg/aws/s3/parallel.go:433.21,434.11 1 1
github.com/scttfrdmn/cargoship/pkg/aws/s3/parallel.go:435.10,436.12 1 1
github.com/scttfrdmn/cargoship/pkg/aws/s3/parallel.go:441.95,446.35 4 1
github.com/scttfrdmn/cargoship/pkg/aws/s3/parallel.go:446.35,448.29 2 1
github.com/scttfrdmn/cargoship/pkg/aws/s3/parallel.go:448.29,450.4 1 1
github.com/scttfrdmn/cargoship/pkg/aws/s3/parallel.go:451.3,451.29 1 1
github.com/scttfrdmn/cargoship/pkg/aws/s3/parallel.go:451.29,453.4 1 1
github.com/scttfrdmn/cargoship/pkg/aws/s3/parallel.go:456.2,465.3 2 1
github.com/scttfrdmn/cargoship/pkg/aws/s3/parallel.go:479.91,482.9 2 1
github.com/scttfrdmn/cargoship/pkg/aws/s3/parallel.go:483.26,484.22 1 1
github.com/scttfrdmn/cargoship/pkg/aws/s3/parallel.go:485.20,486.16 1 1
github.com/scttfrdmn/cargoship/pkg/aws/s3/parallel.go:487.10,488.16 1 1
github.com/scttfrdmn/cargoship/pkg/aws/s3/parallel.go:493.24,494.11 1 1
github.com/scttfrdmn/cargoship/pkg/aws/s3/parallel.go:494.11,496.3 1 1
github.com/scttfrdmn/cargoship/pkg/aws/s3/parallel.go:497.2,497.10 1 1
github.com/scttfrdmn/cargoship/pkg/aws/s3/transporter.go:52.80,53.68 1 1
github.com/scttfrdmn/cargoship/pkg/aws/s3/transporter.go:53.68,58.3 4 1
github.com/scttfrdmn/cargoship/pkg/aws/s3/transporter.go:60.2,64.3 1 1
github.com/scttfrdmn/cargoship/pkg/aws/s3/transporter.go:68.91,84.29 4 0
github.com/scttfrdmn/cargoship/pkg/aws/s3/transporter.go:84.29,87.3 2 0
github.com/scttfrdmn/cargoship/pkg/aws/s3/transporter.go:90.2,91.16 2 0
github.com/scttfrdmn/cargoship/pkg/aws/s3/transporter.go:91.16,93.3 1 0
github.com/scttfrdmn/cargoship/pkg/aws/s3/transporter.go:95.2,106.8 3 0
github.com/scttfrdmn/cargoship/pkg/aws/s3/transporter.go:110.80,112.63 1 1
github.com/scttfrdmn/cargoship/pkg/aws/s3/transporter.go:112.63,114.3 1 1
github.com/scttfrdmn/cargoship/pkg/aws/s3/transporter.go:117.2,117.71 1 1
github.com/scttfrdmn/cargoship/pkg/aws/s3/transporter.go:117.71,119.3 1 1
github.com/scttfrdmn/cargoship/pkg/aws/s3/transporter.go:122.2,122.67 1 1
github.com/scttfrdmn/cargoship/pkg/aws/s3/transporter.go:122.67,124.3 1 1
github.com/scttfrdmn/cargoship/pkg/aws/s3/transporter.go:127.2,127.43 1 1
github.com/scttfrdmn/cargoship/pkg/aws/s3/transporter.go:127.43,129.3 1 1
github.com/scttfrdmn/cargoship/pkg/aws/s3/transporter.go:132.2,132.71 1 1
github.com/scttfrdmn/cargoship/pkg/aws/s3/transporter.go:132.71,134.3 1 1
github.com/scttfrdmn/cargoship/pkg/aws/s3/transporter.go:137.2,137.35 1 1
github.com/scttfrdmn/cargoship/pkg/aws/s3/transporter.go:141.72,145.37 2 1
github.com/scttfrdmn/cargoship/pkg/aws/s3/transporter.go:145.37,147.3 1 1
github.com/scttfrdmn/cargoship/pkg/aws/s3/transporter.go:150.2,155.33 5 1
github.com/scttfrdmn/cargoship/pkg/aws/s3/transporter.go:155.33,157.3 1 1
github.com/scttfrdmn/cargoship/pkg/aws/s3/transporter.go:159.2,159.31 1 1
github.com/scttfrdmn/cargoship/pkg/aws/s3/transporter.go:159.31,161.3 1 1
github.com/scttfrdmn/cargoship/pkg/aws/s3/transporter.go:163.2,163.17 1 1
github.com/scttfrdmn/cargoship/pkg/aws/s3/transporter.go:167.77,173.16 2 0
github.com/scttfrdmn/cargoship/pkg/aws/s3/transporter.go:173.16,176.32 2 0
github.com/scttfrdmn/cargoship/pkg/aws/s3/transporter.go:176.32,178.4 1 0
github.com/scttfrdmn/cargoship/pkg/aws/s3/transporter.go:179.3,179.20 1 0
github.com/scttfrdmn/cargoship/pkg/aws/s3/transporter.go:182.2,182.18 1 0
github.com/scttfrdmn/cargoship/pkg/aws/s3/transporter.go:186.100,191.2 1 0
