mode: set
github.com/scttfrdmn/cargoship/pkg/suitcase/suitcase.go:59.109,61.47 2 1
github.com/scttfrdmn/cargoship/pkg/suitcase/suitcase.go:61.47,62.41 1 1
github.com/scttfrdmn/cargoship/pkg/suitcase/suitcase.go:62.41,64.4 1 1
github.com/scttfrdmn/cargoship/pkg/suitcase/suitcase.go:66.2,66.48 1 1
github.com/scttfrdmn/cargoship/pkg/suitcase/suitcase.go:69.33,71.23 2 1
github.com/scttfrdmn/cargoship/pkg/suitcase/suitcase.go:71.23,73.3 1 1
github.com/scttfrdmn/cargoship/pkg/suitcase/suitcase.go:74.2,74.25 1 0
github.com/scttfrdmn/cargoship/pkg/suitcase/suitcase.go:78.31,80.2 1 0
github.com/scttfrdmn/cargoship/pkg/suitcase/suitcase.go:83.38,84.31 1 0
github.com/scttfrdmn/cargoship/pkg/suitcase/suitcase.go:84.31,87.3 2 0
github.com/scttfrdmn/cargoship/pkg/suitcase/suitcase.go:88.2,88.84 1 0
github.com/scttfrdmn/cargoship/pkg/suitcase/suitcase.go:92.48,94.2 1 0
github.com/scttfrdmn/cargoship/pkg/suitcase/suitcase.go:105.68,107.44 1 1
github.com/scttfrdmn/cargoship/pkg/suitcase/suitcase.go:107.44,109.3 1 1
github.com/scttfrdmn/cargoship/pkg/suitcase/suitcase.go:111.2,111.44 1 1
github.com/scttfrdmn/cargoship/pkg/suitcase/suitcase.go:111.44,113.3 1 0
github.com/scttfrdmn/cargoship/pkg/suitcase/suitcase.go:115.2,115.71 1 1
github.com/scttfrdmn/cargoship/pkg/suitcase/suitcase.go:115.71,117.3 1 0
github.com/scttfrdmn/cargoship/pkg/suitcase/suitcase.go:118.2,118.21 1 1
github.com/scttfrdmn/cargoship/pkg/suitcase/suitcase.go:119.13,120.31 1 1
github.com/scttfrdmn/cargoship/pkg/suitcase/suitcase.go:121.17,122.34 1 1
github.com/scttfrdmn/cargoship/pkg/suitcase/suitcase.go:123.16,124.33 1 1
github.com/scttfrdmn/cargoship/pkg/suitcase/suitcase.go:125.20,126.36 1 1
github.com/scttfrdmn/cargoship/pkg/suitcase/suitcase.go:127.17,128.35 1 1
github.com/scttfrdmn/cargoship/pkg/suitcase/suitcase.go:129.17,130.34 1 1
github.com/scttfrdmn/cargoship/pkg/suitcase/suitcase.go:132.2,132.67 1 1
github.com/scttfrdmn/cargoship/pkg/suitcase/suitcase.go:136.70,139.31 3 1
github.com/scttfrdmn/cargoship/pkg/suitcase/suitcase.go:139.31,140.32 1 1
github.com/scttfrdmn/cargoship/pkg/suitcase/suitcase.go:140.32,142.4 1 1
github.com/scttfrdmn/cargoship/pkg/suitcase/suitcase.go:144.2,146.16 3 1
github.com/scttfrdmn/cargoship/pkg/suitcase/suitcase.go:146.16,149.3 2 0
github.com/scttfrdmn/cargoship/pkg/suitcase/suitcase.go:150.2,150.27 1 1
github.com/scttfrdmn/cargoship/pkg/suitcase/suitcase.go:150.27,152.3 1 1
github.com/scttfrdmn/cargoship/pkg/suitcase/suitcase.go:154.2,154.29 1 1
github.com/scttfrdmn/cargoship/pkg/suitcase/suitcase.go:154.29,155.9 1 1
github.com/scttfrdmn/cargoship/pkg/suitcase/suitcase.go:155.9,158.4 2 1
github.com/scttfrdmn/cargoship/pkg/suitcase/suitcase.go:160.2,160.13 1 1
github.com/scttfrdmn/cargoship/pkg/suitcase/suitcase.go:163.37,165.2 1 1
github.com/scttfrdmn/cargoship/pkg/suitcase/suitcase.go:168.51,170.19 2 1
github.com/scttfrdmn/cargoship/pkg/suitcase/suitcase.go:170.19,171.14 1 1
github.com/scttfrdmn/cargoship/pkg/suitcase/suitcase.go:171.14,173.4 1 1
github.com/scttfrdmn/cargoship/pkg/suitcase/suitcase.go:175.2,176.12 2 1
github.com/scttfrdmn/cargoship/pkg/suitcase/suitcase.go:180.65,182.22 2 1
github.com/scttfrdmn/cargoship/pkg/suitcase/suitcase.go:182.22,184.3 1 1
github.com/scttfrdmn/cargoship/pkg/suitcase/suitcase.go:185.2,185.12 1 1
github.com/scttfrdmn/cargoship/pkg/suitcase/suitcase.go:188.36,190.16 2 1
github.com/scttfrdmn/cargoship/pkg/suitcase/suitcase.go:190.16,191.13 1 0
github.com/scttfrdmn/cargoship/pkg/suitcase/suitcase.go:193.2,193.12 1 1
github.com/scttfrdmn/cargoship/pkg/suitcase/suitcase.go:196.41,198.16 2 1
github.com/scttfrdmn/cargoship/pkg/suitcase/suitcase.go:198.16,200.3 1 1
github.com/scttfrdmn/cargoship/pkg/suitcase/suitcase.go:201.2,201.53 1 1
github.com/scttfrdmn/cargoship/pkg/suitcase/suitcase.go:205.63,207.24 2 1
github.com/scttfrdmn/cargoship/pkg/suitcase/suitcase.go:207.24,209.17 2 1
github.com/scttfrdmn/cargoship/pkg/suitcase/suitcase.go:209.17,211.4 1 1
github.com/scttfrdmn/cargoship/pkg/suitcase/suitcase.go:212.3,212.72 1 1
github.com/scttfrdmn/cargoship/pkg/suitcase/suitcase.go:212.72,214.4 1 0
github.com/scttfrdmn/cargoship/pkg/suitcase/suitcase.go:216.2,216.34 1 1
github.com/scttfrdmn/cargoship/pkg/suitcase/suitcase.go:216.34,218.3 1 0
github.com/scttfrdmn/cargoship/pkg/suitcase/suitcase.go:219.2,219.12 1 1
github.com/scttfrdmn/cargoship/pkg/suitcase/suitcase.go:223.60,225.24 2 1
github.com/scttfrdmn/cargoship/pkg/suitcase/suitcase.go:225.24,226.77 1 1
github.com/scttfrdmn/cargoship/pkg/suitcase/suitcase.go:226.77,228.4 1 0
github.com/scttfrdmn/cargoship/pkg/suitcase/suitcase.go:230.2,231.16 2 1
github.com/scttfrdmn/cargoship/pkg/suitcase/suitcase.go:231.16,233.3 1 0
github.com/scttfrdmn/cargoship/pkg/suitcase/suitcase.go:234.2,234.12 1 1
github.com/scttfrdmn/cargoship/pkg/suitcase/targz/targz.go:25.64,27.16 2 1
github.com/scttfrdmn/cargoship/pkg/suitcase/targz/targz.go:27.16,28.32 1 0
github.com/scttfrdmn/cargoship/pkg/suitcase/targz/targz.go:30.2,34.3 1 1
github.com/scttfrdmn/cargoship/pkg/suitcase/targz/targz.go:38.33,40.37 1 1
github.com/scttfrdmn/cargoship/pkg/suitcase/targz/targz.go:40.37,42.3 1 0
github.com/scttfrdmn/cargoship/pkg/suitcase/targz/targz.go:43.2,43.21 1 1
github.com/scttfrdmn/cargoship/pkg/suitcase/targz/targz.go:47.49,49.2 1 1
github.com/scttfrdmn/cargoship/pkg/suitcase/targz/targz.go:52.48,54.2 1 1
github.com/scttfrdmn/cargoship/pkg/suitcase/targz/targz.go:57.66,59.2 1 1
github.com/scttfrdmn/cargoship/pkg/suitcase/targz/targz.go:62.54,64.2 1 1
github.com/scttfrdmn/cargoship/pkg/suitcase/targzgpg/targzgpg.go:28.64,29.27 1 1
github.com/scttfrdmn/cargoship/pkg/suitcase/targzgpg/targzgpg.go:29.27,30.27 1 0
github.com/scttfrdmn/cargoship/pkg/suitcase/targzgpg/targzgpg.go:32.2,42.3 4 1
github.com/scttfrdmn/cargoship/pkg/suitcase/targzgpg/targzgpg.go:46.49,48.2 1 0
github.com/scttfrdmn/cargoship/pkg/suitcase/targzgpg/targzgpg.go:51.48,53.2 1 0
github.com/scttfrdmn/cargoship/pkg/suitcase/targzgpg/targzgpg.go:56.33,60.37 1 1
github.com/scttfrdmn/cargoship/pkg/suitcase/targzgpg/targzgpg.go:60.37,62.3 1 0
github.com/scttfrdmn/cargoship/pkg/suitcase/targzgpg/targzgpg.go:65.2,65.37 1 1
github.com/scttfrdmn/cargoship/pkg/suitcase/targzgpg/targzgpg.go:65.37,67.3 1 0
github.com/scttfrdmn/cargoship/pkg/suitcase/targzgpg/targzgpg.go:70.2,71.37 2 1
github.com/scttfrdmn/cargoship/pkg/suitcase/targzgpg/targzgpg.go:71.37,73.3 1 0
github.com/scttfrdmn/cargoship/pkg/suitcase/targzgpg/targzgpg.go:75.2,75.12 1 1
github.com/scttfrdmn/cargoship/pkg/suitcase/targzgpg/targzgpg.go:80.66,82.2 1 1
github.com/scttfrdmn/cargoship/pkg/suitcase/targzgpg/targzgpg.go:85.54,87.2 1 0
github.com/scttfrdmn/cargoship/pkg/suitcase/tarzstd/tarzstd.go:28.64,30.16 2 1
github.com/scttfrdmn/cargoship/pkg/suitcase/tarzstd/tarzstd.go:30.16,31.32 1 0
github.com/scttfrdmn/cargoship/pkg/suitcase/tarzstd/tarzstd.go:33.2,37.3 1 1
github.com/scttfrdmn/cargoship/pkg/suitcase/tarzstd/tarzstd.go:41.33,43.37 1 1
github.com/scttfrdmn/cargoship/pkg/suitcase/tarzstd/tarzstd.go:43.37,45.3 1 0
github.com/scttfrdmn/cargoship/pkg/suitcase/tarzstd/tarzstd.go:46.2,46.21 1 1
github.com/scttfrdmn/cargoship/pkg/suitcase/tarzstd/tarzstd.go:50.49,52.2 1 1
github.com/scttfrdmn/cargoship/pkg/suitcase/tarzstd/tarzstd.go:55.48,57.2 1 1
github.com/scttfrdmn/cargoship/pkg/suitcase/tarzstd/tarzstd.go:60.66,62.2 1 1
github.com/scttfrdmn/cargoship/pkg/suitcase/tarzstd/tarzstd.go:65.54,67.2 1 1
github.com/scttfrdmn/cargoship/pkg/suitcase/tar/tar.go:28.65,33.2 1 1
github.com/scttfrdmn/cargoship/pkg/suitcase/tar/tar.go:36.49,38.2 1 1
github.com/scttfrdmn/cargoship/pkg/suitcase/tar/tar.go:41.33,43.2 1 1
github.com/scttfrdmn/cargoship/pkg/suitcase/tar/tar.go:46.66,48.16 2 1
github.com/scttfrdmn/cargoship/pkg/suitcase/tar/tar.go:48.16,50.3 1 1
github.com/scttfrdmn/cargoship/pkg/suitcase/tar/tar.go:51.2,53.37 2 1
github.com/scttfrdmn/cargoship/pkg/suitcase/tar/tar.go:53.37,55.17 2 0
github.com/scttfrdmn/cargoship/pkg/suitcase/tar/tar.go:55.17,57.4 1 0
github.com/scttfrdmn/cargoship/pkg/suitcase/tar/tar.go:59.2,60.16 2 1
github.com/scttfrdmn/cargoship/pkg/suitcase/tar/tar.go:60.16,62.3 1 0
github.com/scttfrdmn/cargoship/pkg/suitcase/tar/tar.go:63.2,64.48 2 1
github.com/scttfrdmn/cargoship/pkg/suitcase/tar/tar.go:64.48,66.3 1 0
github.com/scttfrdmn/cargoship/pkg/suitcase/tar/tar.go:67.2,68.16 2 1
github.com/scttfrdmn/cargoship/pkg/suitcase/tar/tar.go:68.16,70.3 1 0
github.com/scttfrdmn/cargoship/pkg/suitcase/tar/tar.go:72.2,74.22 3 1
github.com/scttfrdmn/cargoship/pkg/suitcase/tar/tar.go:74.22,76.18 2 1
github.com/scttfrdmn/cargoship/pkg/suitcase/tar/tar.go:76.18,78.4 1 0
github.com/scttfrdmn/cargoship/pkg/suitcase/tar/tar.go:81.3,83.18 3 1
github.com/scttfrdmn/cargoship/pkg/suitcase/tar/tar.go:83.18,85.4 1 0
github.com/scttfrdmn/cargoship/pkg/suitcase/tar/tar.go:88.3,95.18 4 1
github.com/scttfrdmn/cargoship/pkg/suitcase/tar/tar.go:95.18,97.4 1 0
github.com/scttfrdmn/cargoship/pkg/suitcase/tar/tar.go:99.2,100.16 2 1
github.com/scttfrdmn/cargoship/pkg/suitcase/tar/tar.go:104.54,106.16 2 1
github.com/scttfrdmn/cargoship/pkg/suitcase/tar/tar.go:106.16,108.3 1 1
github.com/scttfrdmn/cargoship/pkg/suitcase/tar/tar.go:109.2,110.37 2 1
github.com/scttfrdmn/cargoship/pkg/suitcase/tar/tar.go:110.37,112.17 2 0
github.com/scttfrdmn/cargoship/pkg/suitcase/tar/tar.go:112.17,114.4 1 0
github.com/scttfrdmn/cargoship/pkg/suitcase/tar/tar.go:116.2,119.16 3 1
github.com/scttfrdmn/cargoship/pkg/suitcase/tar/tar.go:119.16,121.3 1 0
github.com/scttfrdmn/cargoship/pkg/suitcase/tar/tar.go:123.2,124.16 2 1
github.com/scttfrdmn/cargoship/pkg/suitcase/tar/tar.go:124.16,126.3 1 1
github.com/scttfrdmn/cargoship/pkg/suitcase/tar/tar.go:128.2,136.16 3 1
github.com/scttfrdmn/cargoship/pkg/suitcase/tar/tar.go:136.16,138.3 1 0
github.com/scttfrdmn/cargoship/pkg/suitcase/tar/tar.go:139.2,145.48 2 1
github.com/scttfrdmn/cargoship/pkg/suitcase/tar/tar.go:145.48,147.3 1 0
github.com/scttfrdmn/cargoship/pkg/suitcase/tar/tar.go:148.2,149.12 2 1
github.com/scttfrdmn/cargoship/pkg/suitcase/tar/tar.go:152.26,154.16 2 1
github.com/scttfrdmn/cargoship/pkg/suitcase/tar/tar.go:154.16,156.3 1 1
github.com/scttfrdmn/cargoship/pkg/suitcase/tarzstdgpg/tarzstgpg.go:27.64,28.27 1 1
github.com/scttfrdmn/cargoship/pkg/suitcase/tarzstdgpg/tarzstgpg.go:28.27,29.27 1 0
github.com/scttfrdmn/cargoship/pkg/suitcase/tarzstdgpg/tarzstgpg.go:31.2,35.16 3 1
github.com/scttfrdmn/cargoship/pkg/suitcase/tarzstdgpg/tarzstgpg.go:35.16,36.42 1 0
github.com/scttfrdmn/cargoship/pkg/suitcase/tarzstdgpg/tarzstgpg.go:38.2,44.3 2 1
github.com/scttfrdmn/cargoship/pkg/suitcase/tarzstdgpg/tarzstgpg.go:48.49,50.2 1 0
github.com/scttfrdmn/cargoship/pkg/suitcase/tarzstdgpg/tarzstgpg.go:53.48,55.2 1 0
github.com/scttfrdmn/cargoship/pkg/suitcase/tarzstdgpg/tarzstgpg.go:58.33,62.37 1 1
github.com/scttfrdmn/cargoship/pkg/suitcase/tarzstdgpg/tarzstgpg.go:62.37,64.3 1 0
github.com/scttfrdmn/cargoship/pkg/suitcase/tarzstdgpg/tarzstgpg.go:67.2,67.37 1 1
github.com/scttfrdmn/cargoship/pkg/suitcase/tarzstdgpg/tarzstgpg.go:67.37,69.3 1 0
github.com/scttfrdmn/cargoship/pkg/suitcase/tarzstdgpg/tarzstgpg.go:72.2,73.37 2 1
github.com/scttfrdmn/cargoship/pkg/suitcase/tarzstdgpg/tarzstgpg.go:73.37,75.3 1 0
github.com/scttfrdmn/cargoship/pkg/suitcase/tarzstdgpg/tarzstgpg.go:77.2,77.12 1 1
github.com/scttfrdmn/cargoship/pkg/suitcase/tarzstdgpg/tarzstgpg.go:82.66,84.2 1 1
github.com/scttfrdmn/cargoship/pkg/suitcase/tarzstdgpg/tarzstgpg.go:87.54,89.2 1 0
github.com/scttfrdmn/cargoship/pkg/suitcase/tarbz2/tarbz2.go:28.64,30.16 2 1
github.com/scttfrdmn/cargoship/pkg/suitcase/tarbz2/tarbz2.go:30.16,31.33 1 0
github.com/scttfrdmn/cargoship/pkg/suitcase/tarbz2/tarbz2.go:33.2,37.3 1 1
github.com/scttfrdmn/cargoship/pkg/suitcase/tarbz2/tarbz2.go:41.33,43.37 1 1
github.com/scttfrdmn/cargoship/pkg/suitcase/tarbz2/tarbz2.go:43.37,45.3 1 0
github.com/scttfrdmn/cargoship/pkg/suitcase/tarbz2/tarbz2.go:46.2,46.21 1 1
github.com/scttfrdmn/cargoship/pkg/suitcase/tarbz2/tarbz2.go:50.49,52.2 1 1
github.com/scttfrdmn/cargoship/pkg/suitcase/tarbz2/tarbz2.go:55.48,57.2 1 1
github.com/scttfrdmn/cargoship/pkg/suitcase/tarbz2/tarbz2.go:60.66,62.2 1 1
github.com/scttfrdmn/cargoship/pkg/suitcase/tarbz2/tarbz2.go:65.54,67.2 1 1
github.com/scttfrdmn/cargoship/pkg/suitcase/targpg/targpg.go:25.64,26.27 1 1
github.com/scttfrdmn/cargoship/pkg/suitcase/targpg/targpg.go:26.27,27.27 1 0
github.com/scttfrdmn/cargoship/pkg/suitcase/targpg/targpg.go:29.2,37.3 3 1
github.com/scttfrdmn/cargoship/pkg/suitcase/targpg/targpg.go:41.49,43.2 1 0
github.com/scttfrdmn/cargoship/pkg/suitcase/targpg/targpg.go:46.48,48.2 1 0
github.com/scttfrdmn/cargoship/pkg/suitcase/targpg/targpg.go:51.33,54.37 2 1
github.com/scttfrdmn/cargoship/pkg/suitcase/targpg/targpg.go:54.37,56.3 1 0
github.com/scttfrdmn/cargoship/pkg/suitcase/targpg/targpg.go:57.2,57.21 1 1
github.com/scttfrdmn/cargoship/pkg/suitcase/targpg/targpg.go:61.66,63.2 1 1
github.com/scttfrdmn/cargoship/pkg/suitcase/targpg/targpg.go:66.54,68.2 1 0
