mode: set
github.com/scttfrdmn/cargoship/pkg/suitcase/suitcase.go:59.109,61.47 2 1
github.com/scttfrdmn/cargoship/pkg/suitcase/suitcase.go:61.47,62.41 1 1
github.com/scttfrdmn/cargoship/pkg/suitcase/suitcase.go:62.41,64.4 1 1
github.com/scttfrdmn/cargoship/pkg/suitcase/suitcase.go:66.2,66.48 1 1
github.com/scttfrdmn/cargoship/pkg/suitcase/suitcase.go:69.33,71.23 2 1
github.com/scttfrdmn/cargoship/pkg/suitcase/suitcase.go:71.23,73.3 1 1
github.com/scttfrdmn/cargoship/pkg/suitcase/suitcase.go:74.2,74.25 1 1
github.com/scttfrdmn/cargoship/pkg/suitcase/suitcase.go:78.31,80.2 1 1
github.com/scttfrdmn/cargoship/pkg/suitcase/suitcase.go:83.38,84.31 1 1
github.com/scttfrdmn/cargoship/pkg/suitcase/suitcase.go:84.31,87.3 2 1
github.com/scttfrdmn/cargoship/pkg/suitcase/suitcase.go:88.2,88.84 1 1
github.com/scttfrdmn/cargoship/pkg/suitcase/suitcase.go:92.48,94.2 1 1
github.com/scttfrdmn/cargoship/pkg/suitcase/suitcase.go:105.68,107.44 1 1
github.com/scttfrdmn/cargoship/pkg/suitcase/suitcase.go:107.44,109.3 1 1
github.com/scttfrdmn/cargoship/pkg/suitcase/suitcase.go:111.2,111.44 1 1
github.com/scttfrdmn/cargoship/pkg/suitcase/suitcase.go:111.44,113.3 1 0
github.com/scttfrdmn/cargoship/pkg/suitcase/suitcase.go:115.2,115.71 1 1
github.com/scttfrdmn/cargoship/pkg/suitcase/suitcase.go:115.71,117.3 1 0
github.com/scttfrdmn/cargoship/pkg/suitcase/suitcase.go:118.2,118.21 1 1
github.com/scttfrdmn/cargoship/pkg/suitcase/suitcase.go:119.13,120.31 1 1
github.com/scttfrdmn/cargoship/pkg/suitcase/suitcase.go:121.17,122.34 1 1
github.com/scttfrdmn/cargoship/pkg/suitcase/suitcase.go:123.16,124.33 1 1
github.com/scttfrdmn/cargoship/pkg/suitcase/suitcase.go:125.20,126.36 1 1
github.com/scttfrdmn/cargoship/pkg/suitcase/suitcase.go:127.17,128.35 1 1
github.com/scttfrdmn/cargoship/pkg/suitcase/suitcase.go:129.17,130.34 1 1
github.com/scttfrdmn/cargoship/pkg/suitcase/suitcase.go:132.2,132.67 1 1
github.com/scttfrdmn/cargoship/pkg/suitcase/suitcase.go:136.70,139.31 3 1
github.com/scttfrdmn/cargoship/pkg/suitcase/suitcase.go:139.31,140.32 1 1
github.com/scttfrdmn/cargoship/pkg/suitcase/suitcase.go:140.32,142.4 1 1
github.com/scttfrdmn/cargoship/pkg/suitcase/suitcase.go:144.2,146.16 3 1
github.com/scttfrdmn/cargoship/pkg/suitcase/suitcase.go:146.16,149.3 2 0
github.com/scttfrdmn/cargoship/pkg/suitcase/suitcase.go:150.2,150.27 1 1
github.com/scttfrdmn/cargoship/pkg/suitcase/suitcase.go:150.27,152.3 1 1
github.com/scttfrdmn/cargoship/pkg/suitcase/suitcase.go:154.2,154.29 1 1
github.com/scttfrdmn/cargoship/pkg/suitcase/suitcase.go:154.29,155.9 1 1
github.com/scttfrdmn/cargoship/pkg/suitcase/suitcase.go:155.9,158.4 2 1
github.com/scttfrdmn/cargoship/pkg/suitcase/suitcase.go:160.2,160.13 1 1
github.com/scttfrdmn/cargoship/pkg/suitcase/suitcase.go:163.37,165.2 1 1
github.com/scttfrdmn/cargoship/pkg/suitcase/suitcase.go:168.51,170.19 2 1
github.com/scttfrdmn/cargoship/pkg/suitcase/suitcase.go:170.19,171.14 1 1
github.com/scttfrdmn/cargoship/pkg/suitcase/suitcase.go:171.14,173.4 1 1
github.com/scttfrdmn/cargoship/pkg/suitcase/suitcase.go:175.2,176.12 2 1
github.com/scttfrdmn/cargoship/pkg/suitcase/suitcase.go:180.65,182.22 2 1
github.com/scttfrdmn/cargoship/pkg/suitcase/suitcase.go:182.22,184.3 1 1
github.com/scttfrdmn/cargoship/pkg/suitcase/suitcase.go:185.2,185.12 1 1
github.com/scttfrdmn/cargoship/pkg/suitcase/suitcase.go:188.36,190.16 2 1
github.com/scttfrdmn/cargoship/pkg/suitcase/suitcase.go:190.16,191.13 1 0
github.com/scttfrdmn/cargoship/pkg/suitcase/suitcase.go:193.2,193.12 1 1
github.com/scttfrdmn/cargoship/pkg/suitcase/suitcase.go:196.41,198.16 2 1
github.com/scttfrdmn/cargoship/pkg/suitcase/suitcase.go:198.16,200.3 1 1
github.com/scttfrdmn/cargoship/pkg/suitcase/suitcase.go:201.2,201.53 1 1
github.com/scttfrdmn/cargoship/pkg/suitcase/suitcase.go:205.63,207.24 2 1
github.com/scttfrdmn/cargoship/pkg/suitcase/suitcase.go:207.24,209.17 2 1
github.com/scttfrdmn/cargoship/pkg/suitcase/suitcase.go:209.17,211.4 1 1
github.com/scttfrdmn/cargoship/pkg/suitcase/suitcase.go:212.3,212.72 1 1
github.com/scttfrdmn/cargoship/pkg/suitcase/suitcase.go:212.72,214.4 1 0
github.com/scttfrdmn/cargoship/pkg/suitcase/suitcase.go:216.2,216.34 1 1
github.com/scttfrdmn/cargoship/pkg/suitcase/suitcase.go:216.34,218.3 1 0
github.com/scttfrdmn/cargoship/pkg/suitcase/suitcase.go:219.2,219.12 1 1
github.com/scttfrdmn/cargoship/pkg/suitcase/suitcase.go:223.60,225.24 2 1
github.com/scttfrdmn/cargoship/pkg/suitcase/suitcase.go:225.24,226.77 1 1
github.com/scttfrdmn/cargoship/pkg/suitcase/suitcase.go:226.77,228.4 1 0
github.com/scttfrdmn/cargoship/pkg/suitcase/suitcase.go:230.2,231.16 2 1
github.com/scttfrdmn/cargoship/pkg/suitcase/suitcase.go:231.16,233.3 1 0
github.com/scttfrdmn/cargoship/pkg/suitcase/suitcase.go:234.2,234.12 1 1
