mode: set
github.com/scttfrdmn/cargoship/pkg/suitcase/tarbz2/tarbz2.go:28.64,30.16 2 1
github.com/scttfrdmn/cargoship/pkg/suitcase/tarbz2/tarbz2.go:30.16,31.33 1 0
github.com/scttfrdmn/cargoship/pkg/suitcase/tarbz2/tarbz2.go:33.2,37.3 1 1
github.com/scttfrdmn/cargoship/pkg/suitcase/tarbz2/tarbz2.go:41.33,43.37 1 1
github.com/scttfrdmn/cargoship/pkg/suitcase/tarbz2/tarbz2.go:43.37,45.3 1 0
github.com/scttfrdmn/cargoship/pkg/suitcase/tarbz2/tarbz2.go:46.2,46.21 1 1
github.com/scttfrdmn/cargoship/pkg/suitcase/tarbz2/tarbz2.go:50.49,52.2 1 1
github.com/scttfrdmn/cargoship/pkg/suitcase/tarbz2/tarbz2.go:55.48,57.2 1 1
github.com/scttfrdmn/cargoship/pkg/suitcase/tarbz2/tarbz2.go:60.66,62.2 1 1
github.com/scttfrdmn/cargoship/pkg/suitcase/tarbz2/tarbz2.go:65.54,67.2 1 1
