mode: set
github.com/scttfrdmn/cargoship/pkg/suitcase/targzgpg/targzgpg.go:28.64,29.27 1 1
github.com/scttfrdmn/cargoship/pkg/suitcase/targzgpg/targzgpg.go:29.27,30.27 1 1
github.com/scttfrdmn/cargoship/pkg/suitcase/targzgpg/targzgpg.go:32.2,42.3 4 1
github.com/scttfrdmn/cargoship/pkg/suitcase/targzgpg/targzgpg.go:46.49,48.2 1 1
github.com/scttfrdmn/cargoship/pkg/suitcase/targzgpg/targzgpg.go:51.48,53.2 1 1
github.com/scttfrdmn/cargoship/pkg/suitcase/targzgpg/targzgpg.go:56.33,60.37 1 1
github.com/scttfrdmn/cargoship/pkg/suitcase/targzgpg/targzgpg.go:60.37,62.3 1 0
github.com/scttfrdmn/cargoship/pkg/suitcase/targzgpg/targzgpg.go:65.2,65.37 1 1
github.com/scttfrdmn/cargoship/pkg/suitcase/targzgpg/targzgpg.go:65.37,67.3 1 0
github.com/scttfrdmn/cargoship/pkg/suitcase/targzgpg/targzgpg.go:70.2,71.37 2 1
github.com/scttfrdmn/cargoship/pkg/suitcase/targzgpg/targzgpg.go:71.37,73.3 1 0
github.com/scttfrdmn/cargoship/pkg/suitcase/targzgpg/targzgpg.go:75.2,75.12 1 1
github.com/scttfrdmn/cargoship/pkg/suitcase/targzgpg/targzgpg.go:80.66,82.2 1 1
github.com/scttfrdmn/cargoship/pkg/suitcase/targzgpg/targzgpg.go:85.54,87.2 1 1
