mode: set
github.com/scttfrdmn/cargoship/pkg/suitcase/tarzstd/tarzstd.go:28.64,30.16 2 1
github.com/scttfrdmn/cargoship/pkg/suitcase/tarzstd/tarzstd.go:30.16,31.32 1 0
github.com/scttfrdmn/cargoship/pkg/suitcase/tarzstd/tarzstd.go:33.2,37.3 1 1
github.com/scttfrdmn/cargoship/pkg/suitcase/tarzstd/tarzstd.go:41.33,43.37 1 1
github.com/scttfrdmn/cargoship/pkg/suitcase/tarzstd/tarzstd.go:43.37,45.3 1 0
github.com/scttfrdmn/cargoship/pkg/suitcase/tarzstd/tarzstd.go:46.2,46.21 1 1
github.com/scttfrdmn/cargoship/pkg/suitcase/tarzstd/tarzstd.go:50.49,52.2 1 1
github.com/scttfrdmn/cargoship/pkg/suitcase/tarzstd/tarzstd.go:55.48,57.2 1 1
github.com/scttfrdmn/cargoship/pkg/suitcase/tarzstd/tarzstd.go:60.66,62.2 1 1
github.com/scttfrdmn/cargoship/pkg/suitcase/tarzstd/tarzstd.go:65.54,67.2 1 1
