mode: set
github.com/scttfrdmn/cargoship/pkg/suitcase/tarzstdgpg/tarzstgpg.go:27.64,28.27 1 1
github.com/scttfrdmn/cargoship/pkg/suitcase/tarzstdgpg/tarzstgpg.go:28.27,29.27 1 0
github.com/scttfrdmn/cargoship/pkg/suitcase/tarzstdgpg/tarzstgpg.go:31.2,35.16 3 1
github.com/scttfrdmn/cargoship/pkg/suitcase/tarzstdgpg/tarzstgpg.go:35.16,36.42 1 0
github.com/scttfrdmn/cargoship/pkg/suitcase/tarzstdgpg/tarzstgpg.go:38.2,44.3 2 1
github.com/scttfrdmn/cargoship/pkg/suitcase/tarzstdgpg/tarzstgpg.go:48.49,50.2 1 1
github.com/scttfrdmn/cargoship/pkg/suitcase/tarzstdgpg/tarzstgpg.go:53.48,55.2 1 1
github.com/scttfrdmn/cargoship/pkg/suitcase/tarzstdgpg/tarzstgpg.go:58.33,62.37 1 1
github.com/scttfrdmn/cargoship/pkg/suitcase/tarzstdgpg/tarzstgpg.go:62.37,64.3 1 0
github.com/scttfrdmn/cargoship/pkg/suitcase/tarzstdgpg/tarzstgpg.go:67.2,67.37 1 1
github.com/scttfrdmn/cargoship/pkg/suitcase/tarzstdgpg/tarzstgpg.go:67.37,69.3 1 0
github.com/scttfrdmn/cargoship/pkg/suitcase/tarzstdgpg/tarzstgpg.go:72.2,73.37 2 1
github.com/scttfrdmn/cargoship/pkg/suitcase/tarzstdgpg/tarzstgpg.go:73.37,75.3 1 0
github.com/scttfrdmn/cargoship/pkg/suitcase/tarzstdgpg/tarzstgpg.go:77.2,77.12 1 1
github.com/scttfrdmn/cargoship/pkg/suitcase/tarzstdgpg/tarzstgpg.go:82.66,84.2 1 1
github.com/scttfrdmn/cargoship/pkg/suitcase/tarzstdgpg/tarzstgpg.go:87.54,89.2 1 1
